ARM GAS  C:\Users\YKESH~1\AppData\Local\Temp\ccoDEc6I.s 			page 1


   1              		.cpu cortex-m4
   2              		.arch armv7e-m
   3              		.fpu fpv4-sp-d16
   4              		.eabi_attribute 27, 1
   5              		.eabi_attribute 28, 1
   6              		.eabi_attribute 20, 1
   7              		.eabi_attribute 21, 1
   8              		.eabi_attribute 23, 3
   9              		.eabi_attribute 24, 1
  10              		.eabi_attribute 25, 1
  11              		.eabi_attribute 26, 1
  12              		.eabi_attribute 30, 1
  13              		.eabi_attribute 34, 1
  14              		.eabi_attribute 18, 4
  15              		.file	"adc.c"
  16              		.text
  17              	.Ltext0:
  18              		.cfi_sections	.debug_frame
  19              		.section	.text.MX_ADC1_Init,"ax",%progbits
  20              		.align	1
  21              		.global	MX_ADC1_Init
  22              		.syntax unified
  23              		.thumb
  24              		.thumb_func
  26              	MX_ADC1_Init:
  27              	.LFB235:
  28              		.file 1 "Core/Src/adc.c"
   1:Core/Src/adc.c **** /* USER CODE BEGIN Header */
   2:Core/Src/adc.c **** /**
   3:Core/Src/adc.c ****   ******************************************************************************
   4:Core/Src/adc.c ****   * @file    adc.c
   5:Core/Src/adc.c ****   * @brief   This file provides code for the configuration
   6:Core/Src/adc.c ****   *          of the ADC instances.
   7:Core/Src/adc.c ****   ******************************************************************************
   8:Core/Src/adc.c ****   * @attention
   9:Core/Src/adc.c ****   *
  10:Core/Src/adc.c ****   * Copyright (c) 2023 STMicroelectronics.
  11:Core/Src/adc.c ****   * All rights reserved.
  12:Core/Src/adc.c ****   *
  13:Core/Src/adc.c ****   * This software is licensed under terms that can be found in the LICENSE file
  14:Core/Src/adc.c ****   * in the root directory of this software component.
  15:Core/Src/adc.c ****   * If no LICENSE file comes with this software, it is provided AS-IS.
  16:Core/Src/adc.c ****   *
  17:Core/Src/adc.c ****   ******************************************************************************
  18:Core/Src/adc.c ****   */
  19:Core/Src/adc.c **** /* USER CODE END Header */
  20:Core/Src/adc.c **** /* Includes ------------------------------------------------------------------*/
  21:Core/Src/adc.c **** #include "adc.h"
  22:Core/Src/adc.c **** 
  23:Core/Src/adc.c **** /* USER CODE BEGIN 0 */
  24:Core/Src/adc.c **** 
  25:Core/Src/adc.c **** /* USER CODE END 0 */
  26:Core/Src/adc.c **** 
  27:Core/Src/adc.c **** ADC_HandleTypeDef hadc1;
  28:Core/Src/adc.c **** 
  29:Core/Src/adc.c **** /* ADC1 init function */
  30:Core/Src/adc.c **** void MX_ADC1_Init(void)
ARM GAS  C:\Users\YKESH~1\AppData\Local\Temp\ccoDEc6I.s 			page 2


  31:Core/Src/adc.c **** {
  29              		.loc 1 31 1 view -0
  30              		.cfi_startproc
  31              		@ args = 0, pretend = 0, frame = 16
  32              		@ frame_needed = 0, uses_anonymous_args = 0
  33 0000 00B5     		push	{lr}
  34              	.LCFI0:
  35              		.cfi_def_cfa_offset 4
  36              		.cfi_offset 14, -4
  37 0002 85B0     		sub	sp, sp, #20
  38              	.LCFI1:
  39              		.cfi_def_cfa_offset 24
  32:Core/Src/adc.c **** 
  33:Core/Src/adc.c ****   /* USER CODE BEGIN ADC1_Init 0 */
  34:Core/Src/adc.c **** 
  35:Core/Src/adc.c ****   /* USER CODE END ADC1_Init 0 */
  36:Core/Src/adc.c **** 
  37:Core/Src/adc.c ****   ADC_ChannelConfTypeDef sConfig = {0};
  40              		.loc 1 37 3 view .LVU1
  41              		.loc 1 37 26 is_stmt 0 view .LVU2
  42 0004 0023     		movs	r3, #0
  43 0006 0093     		str	r3, [sp]
  44 0008 0193     		str	r3, [sp, #4]
  45 000a 0293     		str	r3, [sp, #8]
  46 000c 0393     		str	r3, [sp, #12]
  38:Core/Src/adc.c **** 
  39:Core/Src/adc.c ****   /* USER CODE BEGIN ADC1_Init 1 */
  40:Core/Src/adc.c **** 
  41:Core/Src/adc.c ****   /* USER CODE END ADC1_Init 1 */
  42:Core/Src/adc.c **** 
  43:Core/Src/adc.c ****   /** Configure the global features of the ADC (Clock, Resolution, Data Alignment and number of con
  44:Core/Src/adc.c ****   */
  45:Core/Src/adc.c ****   hadc1.Instance = ADC1;
  47              		.loc 1 45 3 is_stmt 1 view .LVU3
  48              		.loc 1 45 18 is_stmt 0 view .LVU4
  49 000e 1548     		ldr	r0, .L7
  50 0010 154A     		ldr	r2, .L7+4
  51 0012 0260     		str	r2, [r0]
  46:Core/Src/adc.c ****   hadc1.Init.ClockPrescaler = ADC_CLOCK_SYNC_PCLK_DIV4;
  52              		.loc 1 46 3 is_stmt 1 view .LVU5
  53              		.loc 1 46 29 is_stmt 0 view .LVU6
  54 0014 4FF48032 		mov	r2, #65536
  55 0018 4260     		str	r2, [r0, #4]
  47:Core/Src/adc.c ****   hadc1.Init.Resolution = ADC_RESOLUTION_12B;
  56              		.loc 1 47 3 is_stmt 1 view .LVU7
  57              		.loc 1 47 25 is_stmt 0 view .LVU8
  58 001a 8360     		str	r3, [r0, #8]
  48:Core/Src/adc.c ****   hadc1.Init.ScanConvMode = DISABLE;
  59              		.loc 1 48 3 is_stmt 1 view .LVU9
  60              		.loc 1 48 27 is_stmt 0 view .LVU10
  61 001c 0361     		str	r3, [r0, #16]
  49:Core/Src/adc.c ****   hadc1.Init.ContinuousConvMode = DISABLE;
  62              		.loc 1 49 3 is_stmt 1 view .LVU11
  63              		.loc 1 49 33 is_stmt 0 view .LVU12
  64 001e 0376     		strb	r3, [r0, #24]
  50:Core/Src/adc.c ****   hadc1.Init.DiscontinuousConvMode = DISABLE;
  65              		.loc 1 50 3 is_stmt 1 view .LVU13
ARM GAS  C:\Users\YKESH~1\AppData\Local\Temp\ccoDEc6I.s 			page 3


  66              		.loc 1 50 36 is_stmt 0 view .LVU14
  67 0020 80F82030 		strb	r3, [r0, #32]
  51:Core/Src/adc.c ****   hadc1.Init.ExternalTrigConvEdge = ADC_EXTERNALTRIGCONVEDGE_NONE;
  68              		.loc 1 51 3 is_stmt 1 view .LVU15
  69              		.loc 1 51 35 is_stmt 0 view .LVU16
  70 0024 C362     		str	r3, [r0, #44]
  52:Core/Src/adc.c ****   hadc1.Init.ExternalTrigConv = ADC_SOFTWARE_START;
  71              		.loc 1 52 3 is_stmt 1 view .LVU17
  72              		.loc 1 52 31 is_stmt 0 view .LVU18
  73 0026 114A     		ldr	r2, .L7+8
  74 0028 8262     		str	r2, [r0, #40]
  53:Core/Src/adc.c ****   hadc1.Init.DataAlign = ADC_DATAALIGN_RIGHT;
  75              		.loc 1 53 3 is_stmt 1 view .LVU19
  76              		.loc 1 53 24 is_stmt 0 view .LVU20
  77 002a C360     		str	r3, [r0, #12]
  54:Core/Src/adc.c ****   hadc1.Init.NbrOfConversion = 1;
  78              		.loc 1 54 3 is_stmt 1 view .LVU21
  79              		.loc 1 54 30 is_stmt 0 view .LVU22
  80 002c 0122     		movs	r2, #1
  81 002e C261     		str	r2, [r0, #28]
  55:Core/Src/adc.c ****   hadc1.Init.DMAContinuousRequests = DISABLE;
  82              		.loc 1 55 3 is_stmt 1 view .LVU23
  83              		.loc 1 55 36 is_stmt 0 view .LVU24
  84 0030 80F83030 		strb	r3, [r0, #48]
  56:Core/Src/adc.c ****   hadc1.Init.EOCSelection = ADC_EOC_SINGLE_CONV;
  85              		.loc 1 56 3 is_stmt 1 view .LVU25
  86              		.loc 1 56 27 is_stmt 0 view .LVU26
  87 0034 4261     		str	r2, [r0, #20]
  57:Core/Src/adc.c ****   if (HAL_ADC_Init(&hadc1) != HAL_OK)
  88              		.loc 1 57 3 is_stmt 1 view .LVU27
  89              		.loc 1 57 7 is_stmt 0 view .LVU28
  90 0036 FFF7FEFF 		bl	HAL_ADC_Init
  91              	.LVL0:
  92              		.loc 1 57 6 view .LVU29
  93 003a 68B9     		cbnz	r0, .L5
  94              	.L2:
  58:Core/Src/adc.c ****   {
  59:Core/Src/adc.c ****     Error_Handler();
  60:Core/Src/adc.c ****   }
  61:Core/Src/adc.c **** 
  62:Core/Src/adc.c ****   /** Configure for the selected ADC regular channel its corresponding rank in the sequencer and it
  63:Core/Src/adc.c ****   */
  64:Core/Src/adc.c ****   sConfig.Channel = ADC_CHANNEL_4;
  95              		.loc 1 64 3 is_stmt 1 view .LVU30
  96              		.loc 1 64 19 is_stmt 0 view .LVU31
  97 003c 0423     		movs	r3, #4
  98 003e 0093     		str	r3, [sp]
  65:Core/Src/adc.c ****   sConfig.Rank = 1;
  99              		.loc 1 65 3 is_stmt 1 view .LVU32
 100              		.loc 1 65 16 is_stmt 0 view .LVU33
 101 0040 0123     		movs	r3, #1
 102 0042 0193     		str	r3, [sp, #4]
  66:Core/Src/adc.c ****   sConfig.SamplingTime = ADC_SAMPLETIME_3CYCLES;
 103              		.loc 1 66 3 is_stmt 1 view .LVU34
 104              		.loc 1 66 24 is_stmt 0 view .LVU35
 105 0044 0023     		movs	r3, #0
 106 0046 0293     		str	r3, [sp, #8]
ARM GAS  C:\Users\YKESH~1\AppData\Local\Temp\ccoDEc6I.s 			page 4


  67:Core/Src/adc.c ****   if (HAL_ADC_ConfigChannel(&hadc1, &sConfig) != HAL_OK)
 107              		.loc 1 67 3 is_stmt 1 view .LVU36
 108              		.loc 1 67 7 is_stmt 0 view .LVU37
 109 0048 6946     		mov	r1, sp
 110 004a 0648     		ldr	r0, .L7
 111 004c FFF7FEFF 		bl	HAL_ADC_ConfigChannel
 112              	.LVL1:
 113              		.loc 1 67 6 view .LVU38
 114 0050 28B9     		cbnz	r0, .L6
 115              	.L1:
  68:Core/Src/adc.c ****   {
  69:Core/Src/adc.c ****     Error_Handler();
  70:Core/Src/adc.c ****   }
  71:Core/Src/adc.c ****   /* USER CODE BEGIN ADC1_Init 2 */
  72:Core/Src/adc.c **** 
  73:Core/Src/adc.c ****   /* USER CODE END ADC1_Init 2 */
  74:Core/Src/adc.c **** 
  75:Core/Src/adc.c **** }
 116              		.loc 1 75 1 view .LVU39
 117 0052 05B0     		add	sp, sp, #20
 118              	.LCFI2:
 119              		.cfi_remember_state
 120              		.cfi_def_cfa_offset 4
 121              		@ sp needed
 122 0054 5DF804FB 		ldr	pc, [sp], #4
 123              	.L5:
 124              	.LCFI3:
 125              		.cfi_restore_state
  59:Core/Src/adc.c ****   }
 126              		.loc 1 59 5 is_stmt 1 view .LVU40
 127 0058 FFF7FEFF 		bl	Error_Handler
 128              	.LVL2:
 129 005c EEE7     		b	.L2
 130              	.L6:
  69:Core/Src/adc.c ****   }
 131              		.loc 1 69 5 view .LVU41
 132 005e FFF7FEFF 		bl	Error_Handler
 133              	.LVL3:
 134              		.loc 1 75 1 is_stmt 0 view .LVU42
 135 0062 F6E7     		b	.L1
 136              	.L8:
 137              		.align	2
 138              	.L7:
 139 0064 00000000 		.word	.LANCHOR0
 140 0068 00200140 		.word	1073815552
 141 006c 0100000F 		.word	251658241
 142              		.cfi_endproc
 143              	.LFE235:
 145              		.section	.text.HAL_ADC_MspInit,"ax",%progbits
 146              		.align	1
 147              		.global	HAL_ADC_MspInit
 148              		.syntax unified
 149              		.thumb
 150              		.thumb_func
 152              	HAL_ADC_MspInit:
 153              	.LVL4:
 154              	.LFB236:
ARM GAS  C:\Users\YKESH~1\AppData\Local\Temp\ccoDEc6I.s 			page 5


  76:Core/Src/adc.c **** 
  77:Core/Src/adc.c **** void HAL_ADC_MspInit(ADC_HandleTypeDef* adcHandle)
  78:Core/Src/adc.c **** {
 155              		.loc 1 78 1 is_stmt 1 view -0
 156              		.cfi_startproc
 157              		@ args = 0, pretend = 0, frame = 32
 158              		@ frame_needed = 0, uses_anonymous_args = 0
 159              		.loc 1 78 1 is_stmt 0 view .LVU44
 160 0000 10B5     		push	{r4, lr}
 161              	.LCFI4:
 162              		.cfi_def_cfa_offset 8
 163              		.cfi_offset 4, -8
 164              		.cfi_offset 14, -4
 165 0002 88B0     		sub	sp, sp, #32
 166              	.LCFI5:
 167              		.cfi_def_cfa_offset 40
  79:Core/Src/adc.c **** 
  80:Core/Src/adc.c ****   GPIO_InitTypeDef GPIO_InitStruct = {0};
 168              		.loc 1 80 3 is_stmt 1 view .LVU45
 169              		.loc 1 80 20 is_stmt 0 view .LVU46
 170 0004 0023     		movs	r3, #0
 171 0006 0393     		str	r3, [sp, #12]
 172 0008 0493     		str	r3, [sp, #16]
 173 000a 0593     		str	r3, [sp, #20]
 174 000c 0693     		str	r3, [sp, #24]
 175 000e 0793     		str	r3, [sp, #28]
  81:Core/Src/adc.c ****   if(adcHandle->Instance==ADC1)
 176              		.loc 1 81 3 is_stmt 1 view .LVU47
 177              		.loc 1 81 15 is_stmt 0 view .LVU48
 178 0010 0268     		ldr	r2, [r0]
 179              		.loc 1 81 5 view .LVU49
 180 0012 03F18043 		add	r3, r3, #1073741824
 181 0016 03F59033 		add	r3, r3, #73728
 182 001a 9A42     		cmp	r2, r3
 183 001c 01D0     		beq	.L12
 184              	.LVL5:
 185              	.L9:
  82:Core/Src/adc.c ****   {
  83:Core/Src/adc.c ****   /* USER CODE BEGIN ADC1_MspInit 0 */
  84:Core/Src/adc.c **** 
  85:Core/Src/adc.c ****   /* USER CODE END ADC1_MspInit 0 */
  86:Core/Src/adc.c ****     /* ADC1 clock enable */
  87:Core/Src/adc.c ****     __HAL_RCC_ADC1_CLK_ENABLE();
  88:Core/Src/adc.c **** 
  89:Core/Src/adc.c ****     __HAL_RCC_GPIOA_CLK_ENABLE();
  90:Core/Src/adc.c ****     /**ADC1 GPIO Configuration
  91:Core/Src/adc.c ****     PA4     ------> ADC1_IN4
  92:Core/Src/adc.c ****     */
  93:Core/Src/adc.c ****     GPIO_InitStruct.Pin = GPIO_PIN_4;
  94:Core/Src/adc.c ****     GPIO_InitStruct.Mode = GPIO_MODE_ANALOG;
  95:Core/Src/adc.c ****     GPIO_InitStruct.Pull = GPIO_NOPULL;
  96:Core/Src/adc.c ****     HAL_GPIO_Init(GPIOA, &GPIO_InitStruct);
  97:Core/Src/adc.c **** 
  98:Core/Src/adc.c ****     /* ADC1 interrupt Init */
  99:Core/Src/adc.c ****     HAL_NVIC_SetPriority(ADC_IRQn, 5, 0);
 100:Core/Src/adc.c ****     HAL_NVIC_EnableIRQ(ADC_IRQn);
 101:Core/Src/adc.c ****   /* USER CODE BEGIN ADC1_MspInit 1 */
ARM GAS  C:\Users\YKESH~1\AppData\Local\Temp\ccoDEc6I.s 			page 6


 102:Core/Src/adc.c **** 
 103:Core/Src/adc.c ****   /* USER CODE END ADC1_MspInit 1 */
 104:Core/Src/adc.c ****   }
 105:Core/Src/adc.c **** }
 186              		.loc 1 105 1 view .LVU50
 187 001e 08B0     		add	sp, sp, #32
 188              	.LCFI6:
 189              		.cfi_remember_state
 190              		.cfi_def_cfa_offset 8
 191              		@ sp needed
 192 0020 10BD     		pop	{r4, pc}
 193              	.LVL6:
 194              	.L12:
 195              	.LCFI7:
 196              		.cfi_restore_state
  87:Core/Src/adc.c **** 
 197              		.loc 1 87 5 is_stmt 1 view .LVU51
 198              	.LBB2:
  87:Core/Src/adc.c **** 
 199              		.loc 1 87 5 view .LVU52
 200 0022 0024     		movs	r4, #0
 201 0024 0194     		str	r4, [sp, #4]
  87:Core/Src/adc.c **** 
 202              		.loc 1 87 5 view .LVU53
 203 0026 03F58C33 		add	r3, r3, #71680
 204 002a 5A6C     		ldr	r2, [r3, #68]
 205 002c 42F48072 		orr	r2, r2, #256
 206 0030 5A64     		str	r2, [r3, #68]
  87:Core/Src/adc.c **** 
 207              		.loc 1 87 5 view .LVU54
 208 0032 5A6C     		ldr	r2, [r3, #68]
 209 0034 02F48072 		and	r2, r2, #256
 210 0038 0192     		str	r2, [sp, #4]
  87:Core/Src/adc.c **** 
 211              		.loc 1 87 5 view .LVU55
 212 003a 019A     		ldr	r2, [sp, #4]
 213              	.LBE2:
  87:Core/Src/adc.c **** 
 214              		.loc 1 87 5 view .LVU56
  89:Core/Src/adc.c ****     /**ADC1 GPIO Configuration
 215              		.loc 1 89 5 view .LVU57
 216              	.LBB3:
  89:Core/Src/adc.c ****     /**ADC1 GPIO Configuration
 217              		.loc 1 89 5 view .LVU58
 218 003c 0294     		str	r4, [sp, #8]
  89:Core/Src/adc.c ****     /**ADC1 GPIO Configuration
 219              		.loc 1 89 5 view .LVU59
 220 003e 1A6B     		ldr	r2, [r3, #48]
 221 0040 42F00102 		orr	r2, r2, #1
 222 0044 1A63     		str	r2, [r3, #48]
  89:Core/Src/adc.c ****     /**ADC1 GPIO Configuration
 223              		.loc 1 89 5 view .LVU60
 224 0046 1B6B     		ldr	r3, [r3, #48]
 225 0048 03F00103 		and	r3, r3, #1
 226 004c 0293     		str	r3, [sp, #8]
  89:Core/Src/adc.c ****     /**ADC1 GPIO Configuration
 227              		.loc 1 89 5 view .LVU61
ARM GAS  C:\Users\YKESH~1\AppData\Local\Temp\ccoDEc6I.s 			page 7


 228 004e 029B     		ldr	r3, [sp, #8]
 229              	.LBE3:
  89:Core/Src/adc.c ****     /**ADC1 GPIO Configuration
 230              		.loc 1 89 5 view .LVU62
  93:Core/Src/adc.c ****     GPIO_InitStruct.Mode = GPIO_MODE_ANALOG;
 231              		.loc 1 93 5 view .LVU63
  93:Core/Src/adc.c ****     GPIO_InitStruct.Mode = GPIO_MODE_ANALOG;
 232              		.loc 1 93 25 is_stmt 0 view .LVU64
 233 0050 1023     		movs	r3, #16
 234 0052 0393     		str	r3, [sp, #12]
  94:Core/Src/adc.c ****     GPIO_InitStruct.Pull = GPIO_NOPULL;
 235              		.loc 1 94 5 is_stmt 1 view .LVU65
  94:Core/Src/adc.c ****     GPIO_InitStruct.Pull = GPIO_NOPULL;
 236              		.loc 1 94 26 is_stmt 0 view .LVU66
 237 0054 0323     		movs	r3, #3
 238 0056 0493     		str	r3, [sp, #16]
  95:Core/Src/adc.c ****     HAL_GPIO_Init(GPIOA, &GPIO_InitStruct);
 239              		.loc 1 95 5 is_stmt 1 view .LVU67
  96:Core/Src/adc.c **** 
 240              		.loc 1 96 5 view .LVU68
 241 0058 03A9     		add	r1, sp, #12
 242 005a 0648     		ldr	r0, .L13
 243              	.LVL7:
  96:Core/Src/adc.c **** 
 244              		.loc 1 96 5 is_stmt 0 view .LVU69
 245 005c FFF7FEFF 		bl	HAL_GPIO_Init
 246              	.LVL8:
  99:Core/Src/adc.c ****     HAL_NVIC_EnableIRQ(ADC_IRQn);
 247              		.loc 1 99 5 is_stmt 1 view .LVU70
 248 0060 2246     		mov	r2, r4
 249 0062 0521     		movs	r1, #5
 250 0064 1220     		movs	r0, #18
 251 0066 FFF7FEFF 		bl	HAL_NVIC_SetPriority
 252              	.LVL9:
 100:Core/Src/adc.c ****   /* USER CODE BEGIN ADC1_MspInit 1 */
 253              		.loc 1 100 5 view .LVU71
 254 006a 1220     		movs	r0, #18
 255 006c FFF7FEFF 		bl	HAL_NVIC_EnableIRQ
 256              	.LVL10:
 257              		.loc 1 105 1 is_stmt 0 view .LVU72
 258 0070 D5E7     		b	.L9
 259              	.L14:
 260 0072 00BF     		.align	2
 261              	.L13:
 262 0074 00000240 		.word	1073872896
 263              		.cfi_endproc
 264              	.LFE236:
 266              		.section	.text.HAL_ADC_MspDeInit,"ax",%progbits
 267              		.align	1
 268              		.global	HAL_ADC_MspDeInit
 269              		.syntax unified
 270              		.thumb
 271              		.thumb_func
 273              	HAL_ADC_MspDeInit:
 274              	.LVL11:
 275              	.LFB237:
 106:Core/Src/adc.c **** 
ARM GAS  C:\Users\YKESH~1\AppData\Local\Temp\ccoDEc6I.s 			page 8


 107:Core/Src/adc.c **** void HAL_ADC_MspDeInit(ADC_HandleTypeDef* adcHandle)
 108:Core/Src/adc.c **** {
 276              		.loc 1 108 1 is_stmt 1 view -0
 277              		.cfi_startproc
 278              		@ args = 0, pretend = 0, frame = 0
 279              		@ frame_needed = 0, uses_anonymous_args = 0
 280              		.loc 1 108 1 is_stmt 0 view .LVU74
 281 0000 08B5     		push	{r3, lr}
 282              	.LCFI8:
 283              		.cfi_def_cfa_offset 8
 284              		.cfi_offset 3, -8
 285              		.cfi_offset 14, -4
 109:Core/Src/adc.c **** 
 110:Core/Src/adc.c ****   if(adcHandle->Instance==ADC1)
 286              		.loc 1 110 3 is_stmt 1 view .LVU75
 287              		.loc 1 110 15 is_stmt 0 view .LVU76
 288 0002 0268     		ldr	r2, [r0]
 289              		.loc 1 110 5 view .LVU77
 290 0004 084B     		ldr	r3, .L19
 291 0006 9A42     		cmp	r2, r3
 292 0008 00D0     		beq	.L18
 293              	.LVL12:
 294              	.L15:
 111:Core/Src/adc.c ****   {
 112:Core/Src/adc.c ****   /* USER CODE BEGIN ADC1_MspDeInit 0 */
 113:Core/Src/adc.c **** 
 114:Core/Src/adc.c ****   /* USER CODE END ADC1_MspDeInit 0 */
 115:Core/Src/adc.c ****     /* Peripheral clock disable */
 116:Core/Src/adc.c ****     __HAL_RCC_ADC1_CLK_DISABLE();
 117:Core/Src/adc.c **** 
 118:Core/Src/adc.c ****     /**ADC1 GPIO Configuration
 119:Core/Src/adc.c ****     PA4     ------> ADC1_IN4
 120:Core/Src/adc.c ****     */
 121:Core/Src/adc.c ****     HAL_GPIO_DeInit(GPIOA, GPIO_PIN_4);
 122:Core/Src/adc.c **** 
 123:Core/Src/adc.c ****     /* ADC1 interrupt Deinit */
 124:Core/Src/adc.c ****     HAL_NVIC_DisableIRQ(ADC_IRQn);
 125:Core/Src/adc.c ****   /* USER CODE BEGIN ADC1_MspDeInit 1 */
 126:Core/Src/adc.c **** 
 127:Core/Src/adc.c ****   /* USER CODE END ADC1_MspDeInit 1 */
 128:Core/Src/adc.c ****   }
 129:Core/Src/adc.c **** }
 295              		.loc 1 129 1 view .LVU78
 296 000a 08BD     		pop	{r3, pc}
 297              	.LVL13:
 298              	.L18:
 116:Core/Src/adc.c **** 
 299              		.loc 1 116 5 is_stmt 1 view .LVU79
 300 000c 074A     		ldr	r2, .L19+4
 301 000e 536C     		ldr	r3, [r2, #68]
 302 0010 23F48073 		bic	r3, r3, #256
 303 0014 5364     		str	r3, [r2, #68]
 121:Core/Src/adc.c **** 
 304              		.loc 1 121 5 view .LVU80
 305 0016 1021     		movs	r1, #16
 306 0018 0548     		ldr	r0, .L19+8
 307              	.LVL14:
ARM GAS  C:\Users\YKESH~1\AppData\Local\Temp\ccoDEc6I.s 			page 9


 121:Core/Src/adc.c **** 
 308              		.loc 1 121 5 is_stmt 0 view .LVU81
 309 001a FFF7FEFF 		bl	HAL_GPIO_DeInit
 310              	.LVL15:
 124:Core/Src/adc.c ****   /* USER CODE BEGIN ADC1_MspDeInit 1 */
 311              		.loc 1 124 5 is_stmt 1 view .LVU82
 312 001e 1220     		movs	r0, #18
 313 0020 FFF7FEFF 		bl	HAL_NVIC_DisableIRQ
 314              	.LVL16:
 315              		.loc 1 129 1 is_stmt 0 view .LVU83
 316 0024 F1E7     		b	.L15
 317              	.L20:
 318 0026 00BF     		.align	2
 319              	.L19:
 320 0028 00200140 		.word	1073815552
 321 002c 00380240 		.word	1073887232
 322 0030 00000240 		.word	1073872896
 323              		.cfi_endproc
 324              	.LFE237:
 326              		.global	hadc1
 327              		.section	.bss.hadc1,"aw",%nobits
 328              		.align	2
 329              		.set	.LANCHOR0,. + 0
 332              	hadc1:
 333 0000 00000000 		.space	72
 333      00000000 
 333      00000000 
 333      00000000 
 333      00000000 
 334              		.text
 335              	.Letext0:
 336              		.file 2 "d:\\program files\\gnu arm embedded toolchain\\10 2021.10\\arm-none-eabi\\include\\machin
 337              		.file 3 "d:\\program files\\gnu arm embedded toolchain\\10 2021.10\\arm-none-eabi\\include\\sys\\_
 338              		.file 4 "Drivers/CMSIS/Device/ST/STM32F4xx/Include/stm32f407xx.h"
 339              		.file 5 "Drivers/CMSIS/Device/ST/STM32F4xx/Include/stm32f4xx.h"
 340              		.file 6 "Drivers/STM32F4xx_HAL_Driver/Inc/stm32f4xx_hal_def.h"
 341              		.file 7 "Drivers/STM32F4xx_HAL_Driver/Inc/stm32f4xx_hal_gpio.h"
 342              		.file 8 "Drivers/STM32F4xx_HAL_Driver/Inc/stm32f4xx_hal_dma.h"
 343              		.file 9 "Drivers/STM32F4xx_HAL_Driver/Inc/stm32f4xx_hal_adc.h"
 344              		.file 10 "Drivers/STM32F4xx_HAL_Driver/Inc/stm32f4xx_hal_cortex.h"
 345              		.file 11 "Core/Inc/main.h"
 346              		.file 12 "Core/Inc/adc.h"
ARM GAS  C:\Users\YKESH~1\AppData\Local\Temp\ccoDEc6I.s 			page 10


DEFINED SYMBOLS
                            *ABS*:00000000 adc.c
C:\Users\YKESH~1\AppData\Local\Temp\ccoDEc6I.s:20     .text.MX_ADC1_Init:00000000 $t
C:\Users\YKESH~1\AppData\Local\Temp\ccoDEc6I.s:26     .text.MX_ADC1_Init:00000000 MX_ADC1_Init
C:\Users\YKESH~1\AppData\Local\Temp\ccoDEc6I.s:139    .text.MX_ADC1_Init:00000064 $d
C:\Users\YKESH~1\AppData\Local\Temp\ccoDEc6I.s:146    .text.HAL_ADC_MspInit:00000000 $t
C:\Users\YKESH~1\AppData\Local\Temp\ccoDEc6I.s:152    .text.HAL_ADC_MspInit:00000000 HAL_ADC_MspInit
C:\Users\YKESH~1\AppData\Local\Temp\ccoDEc6I.s:262    .text.HAL_ADC_MspInit:00000074 $d
C:\Users\YKESH~1\AppData\Local\Temp\ccoDEc6I.s:267    .text.HAL_ADC_MspDeInit:00000000 $t
C:\Users\YKESH~1\AppData\Local\Temp\ccoDEc6I.s:273    .text.HAL_ADC_MspDeInit:00000000 HAL_ADC_MspDeInit
C:\Users\YKESH~1\AppData\Local\Temp\ccoDEc6I.s:320    .text.HAL_ADC_MspDeInit:00000028 $d
C:\Users\YKESH~1\AppData\Local\Temp\ccoDEc6I.s:332    .bss.hadc1:00000000 hadc1
C:\Users\YKESH~1\AppData\Local\Temp\ccoDEc6I.s:328    .bss.hadc1:00000000 $d

UNDEFINED SYMBOLS
HAL_ADC_Init
HAL_ADC_ConfigChannel
Error_Handler
HAL_GPIO_Init
HAL_NVIC_SetPriority
HAL_NVIC_EnableIRQ
HAL_GPIO_DeInit
HAL_NVIC_DisableIRQ
