ARM GAS  C:\Users\YKESH~1\AppData\Local\Temp\ccrGWmfW.s 			page 1


   1              		.cpu cortex-m4
   2              		.arch armv7e-m
   3              		.fpu fpv4-sp-d16
   4              		.eabi_attribute 27, 1
   5              		.eabi_attribute 28, 1
   6              		.eabi_attribute 20, 1
   7              		.eabi_attribute 21, 1
   8              		.eabi_attribute 23, 3
   9              		.eabi_attribute 24, 1
  10              		.eabi_attribute 25, 1
  11              		.eabi_attribute 26, 1
  12              		.eabi_attribute 30, 1
  13              		.eabi_attribute 34, 1
  14              		.eabi_attribute 18, 4
  15              		.file	"bsp_spi.c"
  16              		.text
  17              	.Ltext0:
  18              		.cfi_sections	.debug_frame
  19              		.section	.text.BSP_SPI_Init,"ax",%progbits
  20              		.align	1
  21              		.global	BSP_SPI_Init
  22              		.syntax unified
  23              		.thumb
  24              		.thumb_func
  26              	BSP_SPI_Init:
  27              	.LFB235:
  28              		.file 1 "bsp/Src/bsp_spi.c"
   1:bsp/Src/bsp_spi.c **** #include "bsp_spi.h"
   2:bsp/Src/bsp_spi.c **** 
   3:bsp/Src/bsp_spi.c **** BSP_SPI_Type SPI_Port[MAX_SPI_NUM];
   4:bsp/Src/bsp_spi.c **** 
   5:bsp/Src/bsp_spi.c **** void BSP_SPI_Init(void)
   6:bsp/Src/bsp_spi.c **** {
  29              		.loc 1 6 1 view -0
  30              		.cfi_startproc
  31              		@ args = 0, pretend = 0, frame = 0
  32              		@ frame_needed = 0, uses_anonymous_args = 0
  33              		@ link register save eliminated.
   7:bsp/Src/bsp_spi.c ****     SPI_Port[0].hspi = &hspi1;
  34              		.loc 1 7 5 view .LVU1
  35              		.loc 1 7 22 is_stmt 0 view .LVU2
  36 0000 014B     		ldr	r3, .L2
  37 0002 024A     		ldr	r2, .L2+4
  38 0004 1A60     		str	r2, [r3]
   8:bsp/Src/bsp_spi.c **** }
  39              		.loc 1 8 1 view .LVU3
  40 0006 7047     		bx	lr
  41              	.L3:
  42              		.align	2
  43              	.L2:
  44 0008 00000000 		.word	.LANCHOR0
  45 000c 00000000 		.word	hspi1
  46              		.cfi_endproc
  47              	.LFE235:
  49              		.section	.text.BSP_SPI_Transmit,"ax",%progbits
  50              		.align	1
  51              		.global	BSP_SPI_Transmit
ARM GAS  C:\Users\YKESH~1\AppData\Local\Temp\ccrGWmfW.s 			page 2


  52              		.syntax unified
  53              		.thumb
  54              		.thumb_func
  56              	BSP_SPI_Transmit:
  57              	.LVL0:
  58              	.LFB236:
   9:bsp/Src/bsp_spi.c **** 
  10:bsp/Src/bsp_spi.c **** void BSP_SPI_Transmit(uint8_t port_index, uint8_t* pdata, uint16_t len)
  11:bsp/Src/bsp_spi.c **** {
  59              		.loc 1 11 1 is_stmt 1 view -0
  60              		.cfi_startproc
  61              		@ args = 0, pretend = 0, frame = 0
  62              		@ frame_needed = 0, uses_anonymous_args = 0
  63              		.loc 1 11 1 is_stmt 0 view .LVU5
  64 0000 08B5     		push	{r3, lr}
  65              	.LCFI0:
  66              		.cfi_def_cfa_offset 8
  67              		.cfi_offset 3, -8
  68              		.cfi_offset 14, -4
  12:bsp/Src/bsp_spi.c ****     HAL_SPI_Transmit_DMA(SPI_Port[port_index].hspi, pdata, len);
  69              		.loc 1 12 5 is_stmt 1 view .LVU6
  70 0002 034B     		ldr	r3, .L6
  71 0004 53F82000 		ldr	r0, [r3, r0, lsl #2]
  72              	.LVL1:
  73              		.loc 1 12 5 is_stmt 0 view .LVU7
  74 0008 FFF7FEFF 		bl	HAL_SPI_Transmit_DMA
  75              	.LVL2:
  13:bsp/Src/bsp_spi.c **** }
  76              		.loc 1 13 1 view .LVU8
  77 000c 08BD     		pop	{r3, pc}
  78              	.L7:
  79 000e 00BF     		.align	2
  80              	.L6:
  81 0010 00000000 		.word	.LANCHOR0
  82              		.cfi_endproc
  83              	.LFE236:
  85              		.global	SPI_Port
  86              		.section	.bss.SPI_Port,"aw",%nobits
  87              		.align	2
  88              		.set	.LANCHOR0,. + 0
  91              	SPI_Port:
  92 0000 00000000 		.space	4
  93              		.text
  94              	.Letext0:
  95              		.file 2 "d:\\program files\\gnu arm embedded toolchain\\10 2021.10\\arm-none-eabi\\include\\machin
  96              		.file 3 "d:\\program files\\gnu arm embedded toolchain\\10 2021.10\\arm-none-eabi\\include\\sys\\_
  97              		.file 4 "Drivers/CMSIS/Device/ST/STM32F4xx/Include/stm32f407xx.h"
  98              		.file 5 "Drivers/STM32F4xx_HAL_Driver/Inc/stm32f4xx_hal_def.h"
  99              		.file 6 "Drivers/STM32F4xx_HAL_Driver/Inc/stm32f4xx_hal_dma.h"
 100              		.file 7 "Drivers/STM32F4xx_HAL_Driver/Inc/stm32f4xx_hal_spi.h"
 101              		.file 8 "bsp/Inc/bsp_spi.h"
 102              		.file 9 "Core/Inc/spi.h"
ARM GAS  C:\Users\YKESH~1\AppData\Local\Temp\ccrGWmfW.s 			page 3


DEFINED SYMBOLS
                            *ABS*:00000000 bsp_spi.c
C:\Users\YKESH~1\AppData\Local\Temp\ccrGWmfW.s:20     .text.BSP_SPI_Init:00000000 $t
C:\Users\YKESH~1\AppData\Local\Temp\ccrGWmfW.s:26     .text.BSP_SPI_Init:00000000 BSP_SPI_Init
C:\Users\YKESH~1\AppData\Local\Temp\ccrGWmfW.s:44     .text.BSP_SPI_Init:00000008 $d
C:\Users\YKESH~1\AppData\Local\Temp\ccrGWmfW.s:50     .text.BSP_SPI_Transmit:00000000 $t
C:\Users\YKESH~1\AppData\Local\Temp\ccrGWmfW.s:56     .text.BSP_SPI_Transmit:00000000 BSP_SPI_Transmit
C:\Users\YKESH~1\AppData\Local\Temp\ccrGWmfW.s:81     .text.BSP_SPI_Transmit:00000010 $d
C:\Users\YKESH~1\AppData\Local\Temp\ccrGWmfW.s:91     .bss.SPI_Port:00000000 SPI_Port
C:\Users\YKESH~1\AppData\Local\Temp\ccrGWmfW.s:87     .bss.SPI_Port:00000000 $d

UNDEFINED SYMBOLS
hspi1
HAL_SPI_Transmit_DMA
