ARM GAS  C:\Users\YKESH~1\AppData\Local\Temp\ccFdbdww.s 			page 1


   1              		.cpu cortex-m4
   2              		.arch armv7e-m
   3              		.fpu fpv4-sp-d16
   4              		.eabi_attribute 27, 1
   5              		.eabi_attribute 28, 1
   6              		.eabi_attribute 20, 1
   7              		.eabi_attribute 21, 1
   8              		.eabi_attribute 23, 3
   9              		.eabi_attribute 24, 1
  10              		.eabi_attribute 25, 1
  11              		.eabi_attribute 26, 1
  12              		.eabi_attribute 30, 1
  13              		.eabi_attribute 34, 1
  14              		.eabi_attribute 18, 4
  15              		.file	"crc.c"
  16              		.text
  17              	.Ltext0:
  18              		.cfi_sections	.debug_frame
  19              		.section	.text.reverse,"ax",%progbits
  20              		.align	1
  21              		.global	reverse
  22              		.syntax unified
  23              		.thumb
  24              		.thumb_func
  26              	reverse:
  27              	.LVL0:
  28              	.LFB0:
  29              		.file 1 "backup/Src/crc.c"
   1:backup/Src/crc.c **** #include "crc.h"
   2:backup/Src/crc.c **** #include "stdlib.h"
   3:backup/Src/crc.c **** #include "string.h"
   4:backup/Src/crc.c **** 
   5:backup/Src/crc.c **** //按位反转
   6:backup/Src/crc.c **** void reverse(uint8_t* pdata, crc_width width)
   7:backup/Src/crc.c **** {   
  30              		.loc 1 7 1 view -0
  31              		.cfi_startproc
  32              		@ args = 0, pretend = 0, frame = 0
  33              		@ frame_needed = 0, uses_anonymous_args = 0
  34              		.loc 1 7 1 is_stmt 0 view .LVU1
  35 0000 F8B5     		push	{r3, r4, r5, r6, r7, lr}
  36              	.LCFI0:
  37              		.cfi_def_cfa_offset 24
  38              		.cfi_offset 3, -24
  39              		.cfi_offset 4, -20
  40              		.cfi_offset 5, -16
  41              		.cfi_offset 6, -12
  42              		.cfi_offset 7, -8
  43              		.cfi_offset 14, -4
  44 0002 0646     		mov	r6, r0
  45 0004 0D46     		mov	r5, r1
   8:backup/Src/crc.c ****     uint8_t* temp = (uint8_t*)malloc(width);
  46              		.loc 1 8 5 is_stmt 1 view .LVU2
  47              		.loc 1 8 31 is_stmt 0 view .LVU3
  48 0006 0846     		mov	r0, r1
  49              	.LVL1:
  50              		.loc 1 8 31 view .LVU4
ARM GAS  C:\Users\YKESH~1\AppData\Local\Temp\ccFdbdww.s 			page 2


  51 0008 FFF7FEFF 		bl	malloc
  52              	.LVL2:
  53              		.loc 1 8 31 view .LVU5
  54 000c 0446     		mov	r4, r0
  55              	.LVL3:
   9:backup/Src/crc.c ****     memset(temp, 0, width);
  56              		.loc 1 9 5 is_stmt 1 view .LVU6
  57 000e 2A46     		mov	r2, r5
  58 0010 0021     		movs	r1, #0
  59 0012 FFF7FEFF 		bl	memset
  60              	.LVL4:
  10:backup/Src/crc.c ****     for (uint8_t i = width; i > 0; i--){
  61              		.loc 1 10 5 view .LVU7
  62              	.LBB2:
  63              		.loc 1 10 10 view .LVU8
  64              		.loc 1 10 18 is_stmt 0 view .LVU9
  65 0016 2F46     		mov	r7, r5
  66              		.loc 1 10 5 view .LVU10
  67 0018 11E0     		b	.L2
  68              	.LVL5:
  69              	.L3:
  70              	.LBB3:
  11:backup/Src/crc.c ****         for (uint8_t k = 0; k < 8; k++){
  12:backup/Src/crc.c ****             *(temp + width - i) |= ((*(pdata + i - 1) >> (7 - k)) & 1) << k;
  71              		.loc 1 12 13 is_stmt 1 discriminator 3 view .LVU11
  72              		.loc 1 12 33 is_stmt 0 discriminator 3 view .LVU12
  73 001a E91B     		subs	r1, r5, r7
  74              		.loc 1 12 50 discriminator 3 view .LVU13
  75 001c 7B1E     		subs	r3, r7, #1
  76              		.loc 1 12 38 discriminator 3 view .LVU14
  77 001e F35C     		ldrb	r3, [r6, r3]	@ zero_extendqisi2
  78              		.loc 1 12 61 discriminator 3 view .LVU15
  79 0020 C2F10700 		rsb	r0, r2, #7
  80              		.loc 1 12 55 discriminator 3 view .LVU16
  81 0024 0341     		asrs	r3, r3, r0
  82              		.loc 1 12 67 discriminator 3 view .LVU17
  83 0026 03F00103 		and	r3, r3, #1
  84              		.loc 1 12 72 discriminator 3 view .LVU18
  85 002a 9340     		lsls	r3, r3, r2
  86              		.loc 1 12 33 discriminator 3 view .LVU19
  87 002c 605C     		ldrb	r0, [r4, r1]	@ zero_extendqisi2
  88 002e 0343     		orrs	r3, r3, r0
  89 0030 6354     		strb	r3, [r4, r1]
  11:backup/Src/crc.c ****         for (uint8_t k = 0; k < 8; k++){
  90              		.loc 1 11 36 is_stmt 1 discriminator 3 view .LVU20
  11:backup/Src/crc.c ****         for (uint8_t k = 0; k < 8; k++){
  91              		.loc 1 11 37 is_stmt 0 discriminator 3 view .LVU21
  92 0032 0132     		adds	r2, r2, #1
  93              	.LVL6:
  11:backup/Src/crc.c ****         for (uint8_t k = 0; k < 8; k++){
  94              		.loc 1 11 37 discriminator 3 view .LVU22
  95 0034 D2B2     		uxtb	r2, r2
  96              	.LVL7:
  97              	.L4:
  11:backup/Src/crc.c ****         for (uint8_t k = 0; k < 8; k++){
  98              		.loc 1 11 29 is_stmt 1 discriminator 1 view .LVU23
  11:backup/Src/crc.c ****         for (uint8_t k = 0; k < 8; k++){
ARM GAS  C:\Users\YKESH~1\AppData\Local\Temp\ccFdbdww.s 			page 3


  99              		.loc 1 11 9 is_stmt 0 discriminator 1 view .LVU24
 100 0036 072A     		cmp	r2, #7
 101 0038 EFD9     		bls	.L3
 102              	.LBE3:
  10:backup/Src/crc.c ****     for (uint8_t i = width; i > 0; i--){
 103              		.loc 1 10 36 is_stmt 1 discriminator 2 view .LVU25
  10:backup/Src/crc.c ****     for (uint8_t i = width; i > 0; i--){
 104              		.loc 1 10 37 is_stmt 0 discriminator 2 view .LVU26
 105 003a 013F     		subs	r7, r7, #1
 106              	.LVL8:
  10:backup/Src/crc.c ****     for (uint8_t i = width; i > 0; i--){
 107              		.loc 1 10 37 discriminator 2 view .LVU27
 108 003c FFB2     		uxtb	r7, r7
 109              	.LVL9:
 110              	.L2:
  10:backup/Src/crc.c ****     for (uint8_t i = width; i > 0; i--){
 111              		.loc 1 10 29 is_stmt 1 discriminator 1 view .LVU28
  10:backup/Src/crc.c ****     for (uint8_t i = width; i > 0; i--){
 112              		.loc 1 10 5 is_stmt 0 discriminator 1 view .LVU29
 113 003e 2FB1     		cbz	r7, .L5
 114              	.LBB4:
  11:backup/Src/crc.c ****         for (uint8_t k = 0; k < 8; k++){
 115              		.loc 1 11 22 view .LVU30
 116 0040 0022     		movs	r2, #0
 117 0042 F8E7     		b	.L4
 118              	.LVL10:
 119              	.L6:
  11:backup/Src/crc.c ****         for (uint8_t k = 0; k < 8; k++){
 120              		.loc 1 11 22 view .LVU31
 121              	.LBE4:
 122              	.LBE2:
 123              	.LBB5:
  13:backup/Src/crc.c ****         }
  14:backup/Src/crc.c ****     }
  15:backup/Src/crc.c ****     for (uint8_t i = 0; i < width; i++){
  16:backup/Src/crc.c ****         pdata[i] = temp[i];
 124              		.loc 1 16 9 is_stmt 1 discriminator 3 view .LVU32
 125              		.loc 1 16 24 is_stmt 0 discriminator 3 view .LVU33
 126 0044 E35D     		ldrb	r3, [r4, r7]	@ zero_extendqisi2
 127              		.loc 1 16 18 discriminator 3 view .LVU34
 128 0046 F355     		strb	r3, [r6, r7]
  15:backup/Src/crc.c ****         pdata[i] = temp[i];
 129              		.loc 1 15 36 is_stmt 1 discriminator 3 view .LVU35
  15:backup/Src/crc.c ****         pdata[i] = temp[i];
 130              		.loc 1 15 37 is_stmt 0 discriminator 3 view .LVU36
 131 0048 0137     		adds	r7, r7, #1
 132              	.LVL11:
  15:backup/Src/crc.c ****         pdata[i] = temp[i];
 133              		.loc 1 15 37 discriminator 3 view .LVU37
 134 004a FFB2     		uxtb	r7, r7
 135              	.LVL12:
 136              	.L5:
  15:backup/Src/crc.c ****         pdata[i] = temp[i];
 137              		.loc 1 15 25 is_stmt 1 discriminator 1 view .LVU38
  15:backup/Src/crc.c ****         pdata[i] = temp[i];
 138              		.loc 1 15 5 is_stmt 0 discriminator 1 view .LVU39
 139 004c AF42     		cmp	r7, r5
ARM GAS  C:\Users\YKESH~1\AppData\Local\Temp\ccFdbdww.s 			page 4


 140 004e F9D3     		bcc	.L6
 141              	.LBE5:
  17:backup/Src/crc.c ****     }
  18:backup/Src/crc.c ****     free(temp);
 142              		.loc 1 18 5 is_stmt 1 view .LVU40
 143 0050 2046     		mov	r0, r4
 144 0052 FFF7FEFF 		bl	free
 145              	.LVL13:
  19:backup/Src/crc.c ****     return;
 146              		.loc 1 19 5 view .LVU41
  20:backup/Src/crc.c **** }
 147              		.loc 1 20 1 is_stmt 0 view .LVU42
 148 0056 F8BD     		pop	{r3, r4, r5, r6, r7, pc}
 149              		.loc 1 20 1 view .LVU43
 150              		.cfi_endproc
 151              	.LFE0:
 153              		.section	.text.crc_calc_8,"ax",%progbits
 154              		.align	1
 155              		.global	crc_calc_8
 156              		.syntax unified
 157              		.thumb
 158              		.thumb_func
 160              	crc_calc_8:
 161              	.LVL14:
 162              	.LFB1:
  21:backup/Src/crc.c **** 
  22:backup/Src/crc.c **** uint8_t crc_calc_8(crc_type crc_handle, uint8_t data)
  23:backup/Src/crc.c **** {
 163              		.loc 1 23 1 is_stmt 1 view -0
 164              		.cfi_startproc
 165              		@ args = 0, pretend = 0, frame = 24
 166              		@ frame_needed = 0, uses_anonymous_args = 0
 167              		.loc 1 23 1 is_stmt 0 view .LVU45
 168 0000 00B5     		push	{lr}
 169              	.LCFI1:
 170              		.cfi_def_cfa_offset 4
 171              		.cfi_offset 14, -4
 172 0002 87B0     		sub	sp, sp, #28
 173              	.LCFI2:
 174              		.cfi_def_cfa_offset 32
 175 0004 0DF1040C 		add	ip, sp, #4
 176 0008 8CE80700 		stm	ip, {r0, r1, r2}
 177 000c 8DF80330 		strb	r3, [sp, #3]
  24:backup/Src/crc.c ****     if (crc_handle.refin) reverse(&data, WID_8); //输入反转
 178              		.loc 1 24 5 is_stmt 1 view .LVU46
 179              		.loc 1 24 19 is_stmt 0 view .LVU47
 180 0010 9DF80C30 		ldrb	r3, [sp, #12]	@ zero_extendqisi2
 181              	.LVL15:
 182              		.loc 1 24 8 view .LVU48
 183 0014 43B9     		cbnz	r3, .L17
 184              	.LVL16:
 185              	.L10:
  25:backup/Src/crc.c ****     uint8_t crc = data ^ crc_handle.init_val; //初始值
 186              		.loc 1 25 5 is_stmt 1 view .LVU49
 187              		.loc 1 25 36 is_stmt 0 view .LVU50
 188 0016 BDF80820 		ldrh	r2, [sp, #8]
 189              		.loc 1 25 24 view .LVU51
ARM GAS  C:\Users\YKESH~1\AppData\Local\Temp\ccFdbdww.s 			page 5


 190 001a 9DF80330 		ldrb	r3, [sp, #3]	@ zero_extendqisi2
 191 001e 5340     		eors	r3, r3, r2
 192              		.loc 1 25 13 view .LVU52
 193 0020 8DF81730 		strb	r3, [sp, #23]
  26:backup/Src/crc.c ****     for (uint8_t i = 0;i < 8; i++){
 194              		.loc 1 26 5 is_stmt 1 view .LVU53
 195              	.LBB6:
 196              		.loc 1 26 10 view .LVU54
 197              	.LVL17:
 198              		.loc 1 26 18 is_stmt 0 view .LVU55
 199 0024 0023     		movs	r3, #0
 200              		.loc 1 26 5 view .LVU56
 201 0026 0AE0     		b	.L11
 202              	.LVL18:
 203              	.L17:
 204              		.loc 1 26 5 view .LVU57
 205              	.LBE6:
  24:backup/Src/crc.c ****     if (crc_handle.refin) reverse(&data, WID_8); //输入反转
 206              		.loc 1 24 27 is_stmt 1 discriminator 1 view .LVU58
 207 0028 0121     		movs	r1, #1
 208 002a 0DF10300 		add	r0, sp, #3
 209              	.LVL19:
  24:backup/Src/crc.c ****     if (crc_handle.refin) reverse(&data, WID_8); //输入反转
 210              		.loc 1 24 27 is_stmt 0 discriminator 1 view .LVU59
 211 002e FFF7FEFF 		bl	reverse
 212              	.LVL20:
  24:backup/Src/crc.c ****     if (crc_handle.refin) reverse(&data, WID_8); //输入反转
 213              		.loc 1 24 27 discriminator 1 view .LVU60
 214 0032 F0E7     		b	.L10
 215              	.LVL21:
 216              	.L12:
 217              	.LBB7:
  27:backup/Src/crc.c ****         if (crc & 0x80){
  28:backup/Src/crc.c ****             crc = (crc << 1) ^ crc_handle.ploy;
  29:backup/Src/crc.c ****         }
  30:backup/Src/crc.c ****         else {
  31:backup/Src/crc.c ****             crc <<= 1;
 218              		.loc 1 31 13 is_stmt 1 view .LVU61
 219              		.loc 1 31 17 is_stmt 0 view .LVU62
 220 0034 5200     		lsls	r2, r2, #1
 221 0036 8DF81720 		strb	r2, [sp, #23]
 222              	.L13:
  26:backup/Src/crc.c ****     for (uint8_t i = 0;i < 8; i++){
 223              		.loc 1 26 31 is_stmt 1 discriminator 2 view .LVU63
  26:backup/Src/crc.c ****     for (uint8_t i = 0;i < 8; i++){
 224              		.loc 1 26 32 is_stmt 0 discriminator 2 view .LVU64
 225 003a 0133     		adds	r3, r3, #1
 226              	.LVL22:
  26:backup/Src/crc.c ****     for (uint8_t i = 0;i < 8; i++){
 227              		.loc 1 26 32 discriminator 2 view .LVU65
 228 003c DBB2     		uxtb	r3, r3
 229              	.LVL23:
 230              	.L11:
  26:backup/Src/crc.c ****     for (uint8_t i = 0;i < 8; i++){
 231              		.loc 1 26 24 is_stmt 1 discriminator 1 view .LVU66
  26:backup/Src/crc.c ****     for (uint8_t i = 0;i < 8; i++){
 232              		.loc 1 26 5 is_stmt 0 discriminator 1 view .LVU67
ARM GAS  C:\Users\YKESH~1\AppData\Local\Temp\ccFdbdww.s 			page 6


 233 003e 072B     		cmp	r3, #7
 234 0040 0CD8     		bhi	.L18
  27:backup/Src/crc.c ****         if (crc & 0x80){
 235              		.loc 1 27 9 is_stmt 1 view .LVU68
  27:backup/Src/crc.c ****         if (crc & 0x80){
 236              		.loc 1 27 13 is_stmt 0 view .LVU69
 237 0042 9DF81720 		ldrb	r2, [sp, #23]	@ zero_extendqisi2
 238 0046 9DF91710 		ldrsb	r1, [sp, #23]
  27:backup/Src/crc.c ****         if (crc & 0x80){
 239              		.loc 1 27 12 view .LVU70
 240 004a 0029     		cmp	r1, #0
 241 004c F2DA     		bge	.L12
  28:backup/Src/crc.c ****         }
 242              		.loc 1 28 13 is_stmt 1 view .LVU71
  28:backup/Src/crc.c ****         }
 243              		.loc 1 28 42 is_stmt 0 view .LVU72
 244 004e BDF80610 		ldrh	r1, [sp, #6]
  28:backup/Src/crc.c ****         }
 245              		.loc 1 28 30 view .LVU73
 246 0052 81EA4202 		eor	r2, r1, r2, lsl #1
  28:backup/Src/crc.c ****         }
 247              		.loc 1 28 17 view .LVU74
 248 0056 8DF81720 		strb	r2, [sp, #23]
 249 005a EEE7     		b	.L13
 250              	.L18:
 251              	.LBE7:
  32:backup/Src/crc.c ****         }
  33:backup/Src/crc.c ****     }
  34:backup/Src/crc.c ****     if (crc_handle.refout) reverse(&crc, WID_8); //输出反转
 252              		.loc 1 34 5 is_stmt 1 view .LVU75
 253              		.loc 1 34 19 is_stmt 0 view .LVU76
 254 005c 9DF80D30 		ldrb	r3, [sp, #13]	@ zero_extendqisi2
 255              	.LVL24:
 256              		.loc 1 34 8 view .LVU77
 257 0060 53B9     		cbnz	r3, .L19
 258              	.L15:
  35:backup/Src/crc.c ****     crc ^= crc_handle.xor_out; //输出异或
 259              		.loc 1 35 5 is_stmt 1 view .LVU78
 260              		.loc 1 35 22 is_stmt 0 view .LVU79
 261 0062 BDF80A30 		ldrh	r3, [sp, #10]
 262              		.loc 1 35 9 view .LVU80
 263 0066 9DF81700 		ldrb	r0, [sp, #23]	@ zero_extendqisi2
 264 006a 5840     		eors	r0, r0, r3
 265 006c C0B2     		uxtb	r0, r0
 266 006e 8DF81700 		strb	r0, [sp, #23]
  36:backup/Src/crc.c ****     return crc;
 267              		.loc 1 36 5 is_stmt 1 view .LVU81
  37:backup/Src/crc.c **** }
 268              		.loc 1 37 1 is_stmt 0 view .LVU82
 269 0072 07B0     		add	sp, sp, #28
 270              	.LCFI3:
 271              		.cfi_remember_state
 272              		.cfi_def_cfa_offset 4
 273              		@ sp needed
 274 0074 5DF804FB 		ldr	pc, [sp], #4
 275              	.L19:
 276              	.LCFI4:
ARM GAS  C:\Users\YKESH~1\AppData\Local\Temp\ccFdbdww.s 			page 7


 277              		.cfi_restore_state
  34:backup/Src/crc.c ****     crc ^= crc_handle.xor_out; //输出异或
 278              		.loc 1 34 28 is_stmt 1 discriminator 1 view .LVU83
 279 0078 0121     		movs	r1, #1
 280 007a 0DF11700 		add	r0, sp, #23
 281 007e FFF7FEFF 		bl	reverse
 282              	.LVL25:
 283 0082 EEE7     		b	.L15
 284              		.cfi_endproc
 285              	.LFE1:
 287              		.section	.text.crc_calc_16,"ax",%progbits
 288              		.align	1
 289              		.global	crc_calc_16
 290              		.syntax unified
 291              		.thumb
 292              		.thumb_func
 294              	crc_calc_16:
 295              	.LVL26:
 296              	.LFB2:
  38:backup/Src/crc.c **** 
  39:backup/Src/crc.c **** //！！
  40:backup/Src/crc.c **** //待修改
  41:backup/Src/crc.c **** //！！
  42:backup/Src/crc.c **** uint16_t crc_calc_16(crc_type crc_handle, uint16_t data)
  43:backup/Src/crc.c **** {
 297              		.loc 1 43 1 view -0
 298              		.cfi_startproc
 299              		@ args = 0, pretend = 0, frame = 24
 300              		@ frame_needed = 0, uses_anonymous_args = 0
 301              		.loc 1 43 1 is_stmt 0 view .LVU85
 302 0000 00B5     		push	{lr}
 303              	.LCFI5:
 304              		.cfi_def_cfa_offset 4
 305              		.cfi_offset 14, -4
 306 0002 87B0     		sub	sp, sp, #28
 307              	.LCFI6:
 308              		.cfi_def_cfa_offset 32
 309 0004 0DF1040C 		add	ip, sp, #4
 310 0008 8CE80700 		stm	ip, {r0, r1, r2}
 311 000c ADF80230 		strh	r3, [sp, #2]	@ movhi
  44:backup/Src/crc.c ****     if (crc_handle.refin) reverse((uint8_t*)&data, WID_16); //输入反转
 312              		.loc 1 44 5 is_stmt 1 view .LVU86
 313              		.loc 1 44 19 is_stmt 0 view .LVU87
 314 0010 9DF80C30 		ldrb	r3, [sp, #12]	@ zero_extendqisi2
 315              	.LVL27:
 316              		.loc 1 44 8 view .LVU88
 317 0014 43B9     		cbnz	r3, .L28
 318              	.LVL28:
 319              	.L21:
  45:backup/Src/crc.c ****     uint16_t crc = data ^ crc_handle.init_val; //初始值
 320              		.loc 1 45 5 is_stmt 1 view .LVU89
 321              		.loc 1 45 37 is_stmt 0 view .LVU90
 322 0016 BDF80830 		ldrh	r3, [sp, #8]
 323              		.loc 1 45 14 view .LVU91
 324 001a BDF80220 		ldrh	r2, [sp, #2]
 325 001e 5340     		eors	r3, r3, r2
 326 0020 ADF81630 		strh	r3, [sp, #22]	@ movhi
ARM GAS  C:\Users\YKESH~1\AppData\Local\Temp\ccFdbdww.s 			page 8


  46:backup/Src/crc.c ****     for (uint8_t i = 0;i < 8; i++){
 327              		.loc 1 46 5 is_stmt 1 view .LVU92
 328              	.LBB8:
 329              		.loc 1 46 10 view .LVU93
 330              	.LVL29:
 331              		.loc 1 46 18 is_stmt 0 view .LVU94
 332 0024 0023     		movs	r3, #0
 333              		.loc 1 46 5 view .LVU95
 334 0026 0AE0     		b	.L22
 335              	.LVL30:
 336              	.L28:
 337              		.loc 1 46 5 view .LVU96
 338              	.LBE8:
  44:backup/Src/crc.c ****     if (crc_handle.refin) reverse((uint8_t*)&data, WID_16); //输入反转
 339              		.loc 1 44 27 is_stmt 1 discriminator 1 view .LVU97
 340 0028 0221     		movs	r1, #2
 341 002a 0DEB0100 		add	r0, sp, r1
 342 002e FFF7FEFF 		bl	reverse
 343              	.LVL31:
  44:backup/Src/crc.c ****     if (crc_handle.refin) reverse((uint8_t*)&data, WID_16); //输入反转
 344              		.loc 1 44 27 is_stmt 0 discriminator 1 view .LVU98
 345 0032 F0E7     		b	.L21
 346              	.LVL32:
 347              	.L23:
 348              	.LBB9:
  47:backup/Src/crc.c ****         if (crc & 0x8000){
  48:backup/Src/crc.c ****             crc = (crc << 1) ^ crc_handle.ploy;
  49:backup/Src/crc.c ****         }
  50:backup/Src/crc.c ****         else {
  51:backup/Src/crc.c ****             crc <<= 1;
 349              		.loc 1 51 13 is_stmt 1 view .LVU99
 350              		.loc 1 51 17 is_stmt 0 view .LVU100
 351 0034 5200     		lsls	r2, r2, #1
 352 0036 ADF81620 		strh	r2, [sp, #22]	@ movhi
 353              	.L24:
  46:backup/Src/crc.c ****     for (uint8_t i = 0;i < 8; i++){
 354              		.loc 1 46 31 is_stmt 1 discriminator 2 view .LVU101
  46:backup/Src/crc.c ****     for (uint8_t i = 0;i < 8; i++){
 355              		.loc 1 46 32 is_stmt 0 discriminator 2 view .LVU102
 356 003a 0133     		adds	r3, r3, #1
 357              	.LVL33:
  46:backup/Src/crc.c ****     for (uint8_t i = 0;i < 8; i++){
 358              		.loc 1 46 32 discriminator 2 view .LVU103
 359 003c DBB2     		uxtb	r3, r3
 360              	.LVL34:
 361              	.L22:
  46:backup/Src/crc.c ****     for (uint8_t i = 0;i < 8; i++){
 362              		.loc 1 46 24 is_stmt 1 discriminator 1 view .LVU104
  46:backup/Src/crc.c ****     for (uint8_t i = 0;i < 8; i++){
 363              		.loc 1 46 5 is_stmt 0 discriminator 1 view .LVU105
 364 003e 072B     		cmp	r3, #7
 365 0040 0CD8     		bhi	.L29
  47:backup/Src/crc.c ****         if (crc & 0x8000){
 366              		.loc 1 47 9 is_stmt 1 view .LVU106
  47:backup/Src/crc.c ****         if (crc & 0x8000){
 367              		.loc 1 47 13 is_stmt 0 view .LVU107
 368 0042 BDF81620 		ldrh	r2, [sp, #22]
ARM GAS  C:\Users\YKESH~1\AppData\Local\Temp\ccFdbdww.s 			page 9


 369 0046 BDF91610 		ldrsh	r1, [sp, #22]
  47:backup/Src/crc.c ****         if (crc & 0x8000){
 370              		.loc 1 47 12 view .LVU108
 371 004a 0029     		cmp	r1, #0
 372 004c F2DA     		bge	.L23
  48:backup/Src/crc.c ****         }
 373              		.loc 1 48 13 is_stmt 1 view .LVU109
  48:backup/Src/crc.c ****         }
 374              		.loc 1 48 42 is_stmt 0 view .LVU110
 375 004e BDF90610 		ldrsh	r1, [sp, #6]
  48:backup/Src/crc.c ****         }
 376              		.loc 1 48 30 view .LVU111
 377 0052 81EA4202 		eor	r2, r1, r2, lsl #1
  48:backup/Src/crc.c ****         }
 378              		.loc 1 48 17 view .LVU112
 379 0056 ADF81620 		strh	r2, [sp, #22]	@ movhi
 380 005a EEE7     		b	.L24
 381              	.L29:
 382              	.LBE9:
  52:backup/Src/crc.c ****         }
  53:backup/Src/crc.c ****     }
  54:backup/Src/crc.c ****     if (crc_handle.refout) reverse((uint8_t*)&crc, WID_16); //输出反转
 383              		.loc 1 54 5 is_stmt 1 view .LVU113
 384              		.loc 1 54 19 is_stmt 0 view .LVU114
 385 005c 9DF80D30 		ldrb	r3, [sp, #13]	@ zero_extendqisi2
 386              	.LVL35:
 387              		.loc 1 54 8 view .LVU115
 388 0060 53B9     		cbnz	r3, .L30
 389              	.L26:
  55:backup/Src/crc.c ****     crc ^= crc_handle.xor_out; //输出异或
 390              		.loc 1 55 5 is_stmt 1 view .LVU116
 391              		.loc 1 55 22 is_stmt 0 view .LVU117
 392 0062 BDF80A00 		ldrh	r0, [sp, #10]
 393              		.loc 1 55 9 view .LVU118
 394 0066 BDF81630 		ldrh	r3, [sp, #22]
 395 006a 5840     		eors	r0, r0, r3
 396 006c 80B2     		uxth	r0, r0
 397 006e ADF81600 		strh	r0, [sp, #22]	@ movhi
  56:backup/Src/crc.c ****     return crc;
 398              		.loc 1 56 5 is_stmt 1 view .LVU119
  57:backup/Src/crc.c **** }...
 399              		.loc 1 57 1 is_stmt 0 view .LVU120
 400 0072 07B0     		add	sp, sp, #28
 401              	.LCFI7:
 402              		.cfi_remember_state
 403              		.cfi_def_cfa_offset 4
 404              		@ sp needed
 405 0074 5DF804FB 		ldr	pc, [sp], #4
 406              	.L30:
 407              	.LCFI8:
 408              		.cfi_restore_state
  54:backup/Src/crc.c ****     if (crc_handle.refout) reverse((uint8_t*)&crc, WID_16); //输出反转
 409              		.loc 1 54 28 is_stmt 1 discriminator 1 view .LVU121
 410 0078 0221     		movs	r1, #2
 411 007a 0DF11600 		add	r0, sp, #22
 412 007e FFF7FEFF 		bl	reverse
 413              	.LVL36:
ARM GAS  C:\Users\YKESH~1\AppData\Local\Temp\ccFdbdww.s 			page 10


 414 0082 EEE7     		b	.L26
 415              		.cfi_endproc
 416              	.LFE2:
 418              		.text
 419              	.Letext0:
 420              		.file 2 "d:\\program files\\gnu arm embedded toolchain\\10 2021.10\\arm-none-eabi\\include\\machin
 421              		.file 3 "d:\\program files\\gnu arm embedded toolchain\\10 2021.10\\arm-none-eabi\\include\\sys\\_
 422              		.file 4 "backup/Inc/crc.h"
 423              		.file 5 "d:\\program files\\gnu arm embedded toolchain\\10 2021.10\\arm-none-eabi\\include\\stdlib
 424              		.file 6 "<built-in>"
ARM GAS  C:\Users\YKESH~1\AppData\Local\Temp\ccFdbdww.s 			page 11


DEFINED SYMBOLS
                            *ABS*:00000000 crc.c
C:\Users\YKESH~1\AppData\Local\Temp\ccFdbdww.s:20     .text.reverse:00000000 $t
C:\Users\YKESH~1\AppData\Local\Temp\ccFdbdww.s:26     .text.reverse:00000000 reverse
C:\Users\YKESH~1\AppData\Local\Temp\ccFdbdww.s:154    .text.crc_calc_8:00000000 $t
C:\Users\YKESH~1\AppData\Local\Temp\ccFdbdww.s:160    .text.crc_calc_8:00000000 crc_calc_8
C:\Users\YKESH~1\AppData\Local\Temp\ccFdbdww.s:288    .text.crc_calc_16:00000000 $t
C:\Users\YKESH~1\AppData\Local\Temp\ccFdbdww.s:294    .text.crc_calc_16:00000000 crc_calc_16

UNDEFINED SYMBOLS
malloc
memset
free
