ARM GAS  C:\Users\YKESH~1\AppData\Local\Temp\ccagDPnZ.s 			page 1


   1              		.cpu cortex-m4
   2              		.arch armv7e-m
   3              		.fpu fpv4-sp-d16
   4              		.eabi_attribute 27, 1
   5              		.eabi_attribute 28, 1
   6              		.eabi_attribute 20, 1
   7              		.eabi_attribute 21, 1
   8              		.eabi_attribute 23, 3
   9              		.eabi_attribute 24, 1
  10              		.eabi_attribute 25, 1
  11              		.eabi_attribute 26, 1
  12              		.eabi_attribute 30, 1
  13              		.eabi_attribute 34, 1
  14              		.eabi_attribute 18, 4
  15              		.file	"ESP_01s.c"
  16              		.text
  17              	.Ltext0:
  18              		.cfi_sections	.debug_frame
  19              		.section	.text.ESP_callback,"ax",%progbits
  20              		.align	1
  21              		.global	ESP_callback
  22              		.syntax unified
  23              		.thumb
  24              		.thumb_func
  26              	ESP_callback:
  27              	.LVL0:
  28              	.LFB235:
  29              		.file 1 "Module/ESP_01s/ESP_01s.c"
   1:Module/ESP_01s/ESP_01s.c **** #include "ESP_01s.h"
   2:Module/ESP_01s/ESP_01s.c **** #include "instance.h"
   3:Module/ESP_01s/ESP_01s.c **** #include "bsp_uart.h"
   4:Module/ESP_01s/ESP_01s.c **** #include "usart.h"
   5:Module/ESP_01s/ESP_01s.c **** 
   6:Module/ESP_01s/ESP_01s.c **** void ESP_callback(UART_HandleTypeDef* huart, uint8_t* pdata, uint16_t len)
   7:Module/ESP_01s/ESP_01s.c **** {
  30              		.loc 1 7 1 view -0
  31              		.cfi_startproc
  32              		@ args = 0, pretend = 0, frame = 0
  33              		@ frame_needed = 0, uses_anonymous_args = 0
  34              		@ link register save eliminated.
   8:Module/ESP_01s/ESP_01s.c **** 
   9:Module/ESP_01s/ESP_01s.c **** }
  35              		.loc 1 9 1 view .LVU1
  36 0000 7047     		bx	lr
  37              		.cfi_endproc
  38              	.LFE235:
  40              		.section	.text.ESP_Init,"ax",%progbits
  41              		.align	1
  42              		.global	ESP_Init
  43              		.syntax unified
  44              		.thumb
  45              		.thumb_func
  47              	ESP_Init:
  48              	.LFB236:
  10:Module/ESP_01s/ESP_01s.c **** 
  11:Module/ESP_01s/ESP_01s.c **** void ESP_Init(void)
  12:Module/ESP_01s/ESP_01s.c **** {
ARM GAS  C:\Users\YKESH~1\AppData\Local\Temp\ccagDPnZ.s 			page 2


  49              		.loc 1 12 1 view -0
  50              		.cfi_startproc
  51              		@ args = 0, pretend = 0, frame = 0
  52              		@ frame_needed = 0, uses_anonymous_args = 0
  53 0000 08B5     		push	{r3, lr}
  54              	.LCFI0:
  55              		.cfi_def_cfa_offset 8
  56              		.cfi_offset 3, -8
  57              		.cfi_offset 14, -4
  13:Module/ESP_01s/ESP_01s.c ****     BSP_UART_registerfunc(ESP_callback ,ESP_PORT);
  58              		.loc 1 13 5 view .LVU3
  59 0002 0021     		movs	r1, #0
  60 0004 0148     		ldr	r0, .L4
  61 0006 FFF7FEFF 		bl	BSP_UART_registerfunc
  62              	.LVL1:
  14:Module/ESP_01s/ESP_01s.c **** }...
  63              		.loc 1 14 1 is_stmt 0 view .LVU4
  64 000a 08BD     		pop	{r3, pc}
  65              	.L5:
  66              		.align	2
  67              	.L4:
  68 000c 00000000 		.word	ESP_callback
  69              		.cfi_endproc
  70              	.LFE236:
  72              		.text
  73              	.Letext0:
  74              		.file 2 "d:\\program files\\gnu arm embedded toolchain\\10 2021.10\\arm-none-eabi\\include\\machin
  75              		.file 3 "d:\\program files\\gnu arm embedded toolchain\\10 2021.10\\arm-none-eabi\\include\\sys\\_
  76              		.file 4 "Drivers/CMSIS/Device/ST/STM32F4xx/Include/stm32f407xx.h"
  77              		.file 5 "Drivers/STM32F4xx_HAL_Driver/Inc/stm32f4xx_hal_def.h"
  78              		.file 6 "Drivers/STM32F4xx_HAL_Driver/Inc/stm32f4xx_hal_dma.h"
  79              		.file 7 "Drivers/STM32F4xx_HAL_Driver/Inc/stm32f4xx_hal_uart.h"
  80              		.file 8 "bsp/Inc/bsp_uart.h"
ARM GAS  C:\Users\YKESH~1\AppData\Local\Temp\ccagDPnZ.s 			page 3


DEFINED SYMBOLS
                            *ABS*:00000000 ESP_01s.c
C:\Users\YKESH~1\AppData\Local\Temp\ccagDPnZ.s:20     .text.ESP_callback:00000000 $t
C:\Users\YKESH~1\AppData\Local\Temp\ccagDPnZ.s:26     .text.ESP_callback:00000000 ESP_callback
C:\Users\YKESH~1\AppData\Local\Temp\ccagDPnZ.s:41     .text.ESP_Init:00000000 $t
C:\Users\YKESH~1\AppData\Local\Temp\ccagDPnZ.s:47     .text.ESP_Init:00000000 ESP_Init
C:\Users\YKESH~1\AppData\Local\Temp\ccagDPnZ.s:68     .text.ESP_Init:0000000c $d

UNDEFINED SYMBOLS
BSP_UART_registerfunc
