ARM GAS  C:\Users\YKESH~1\AppData\Local\Temp\ccMtzZdh.s 			page 1


   1              		.cpu cortex-m4
   2              		.arch armv7e-m
   3              		.fpu fpv4-sp-d16
   4              		.eabi_attribute 27, 1
   5              		.eabi_attribute 28, 1
   6              		.eabi_attribute 20, 1
   7              		.eabi_attribute 21, 1
   8              		.eabi_attribute 23, 3
   9              		.eabi_attribute 24, 1
  10              		.eabi_attribute 25, 1
  11              		.eabi_attribute 26, 1
  12              		.eabi_attribute 30, 1
  13              		.eabi_attribute 34, 1
  14              		.eabi_attribute 18, 4
  15              		.file	"font.c"
  16              		.text
  17              	.Ltext0:
  18              		.cfi_sections	.debug_frame
  19              		.global	chinese_16
  20              		.global	char_16
  21              		.section	.rodata.char_16,"a"
  22              		.align	2
  25              	char_16:
  26 0000 00000000 		.ascii	"\000\000\000\000\000\000\000\000\000\000\000\000\000"
  26      00000000 
  26      00000000 
  26      00
  27 000d 000000   		.ascii	"\000\000\000"
  28 0010 00000008 		.ascii	"\000\000\000\010\010\010\010\010\010\010\000\000\030"
  28      08080808 
  28      08080000 
  28      18
  29 001d 180000   		.ascii	"\030\000\000"
  30 0020 00486C24 		.ascii	"\000Hl$\022\000\000\000\000\000\000\000\000\000\000"
  30      12000000 
  30      00000000 
  30      000000
  31 002f 00       		.ascii	"\000"
  32 0030 00000024 		.ascii	"\000\000\000$$$\177\022\022\022\177\022\022\022\000"
  32      24247F12 
  32      12127F12 
  32      121200
  33 003f 00       		.ascii	"\000"
  34 0040 0000081C 		.ascii	"\000\000\010\034**\012\014\030((**\034\010\010"
  34      2A2A0A0C 
  34      1828282A 
  34      2A1C0808 
  35 0050 00000022 		.ascii	"\000\000\000\"%\025\025\025*XTTT\"\000\000"
  35      25151515 
  35      2A585454 
  35      54220000 
  36 0060 0000000C 		.ascii	"\000\000\000\014\022\022\022\012v%)\021\221n\000\000"
  36      1212120A 
  36      76252911 
  36      916E0000 
  37 0070 00060604 		.ascii	"\000\006\006\004\003\000\000\000\000\000\000\000\000"
  37      03000000 
ARM GAS  C:\Users\YKESH~1\AppData\Local\Temp\ccMtzZdh.s 			page 2


  37      00000000 
  37      00
  38 007d 000000   		.ascii	"\000\000\000"
  39 0080 00402010 		.ascii	"\000@ \020\020\010\010\010\010\010\010\020\020 @\000"
  39      10080808 
  39      08080810 
  39      10204000 
  40 0090 00020408 		.ascii	"\000\002\004\010\010\020\020\020\020\020\020\010\010"
  40      08101010 
  40      10101008 
  40      08
  41 009d 040200   		.ascii	"\004\002\000"
  42 00a0 00000000 		.ascii	"\000\000\000\000\010\010k\034\034k\010\010\000\000\000"
  42      08086B1C 
  42      1C6B0808 
  42      000000
  43 00af 00       		.ascii	"\000"
  44 00b0 00000000 		.ascii	"\000\000\000\000\010\010\010\010\177\010\010\010\010"
  44      08080808 
  44      7F080808 
  44      08
  45 00bd 000000   		.ascii	"\000\000\000"
  46 00c0 00000000 		.ascii	"\000\000\000\000\000\000\000\000\000\000\000\000\006"
  46      00000000 
  46      00000000 
  46      06
  47 00cd 060403   		.ascii	"\006\004\003"
  48 00d0 00000000 		.ascii	"\000\000\000\000\000\000\000\000\376\000\000\000\000"
  48      00000000 
  48      FE000000 
  48      00
  49 00dd 000000   		.ascii	"\000\000\000"
  50 00e0 00000000 		.ascii	"\000\000\000\000\000\000\000\000\000\000\000\000\006"
  50      00000000 
  50      00000000 
  50      06
  51 00ed 060000   		.ascii	"\006\000\000"
  52 00f0 00008040 		.ascii	"\000\000\200@@  \020\020\010\010\004\004\002\002\000"
  52      40202010 
  52      10080804 
  52      04020200 
  53 0100 00000018 		.ascii	"\000\000\000\030$BBBBBBB$\030\000\000"
  53      24424242 
  53      42424242 
  53      24180000 
  54 0110 00000008 		.ascii	"\000\000\000\010\016\010\010\010\010\010\010\010\010"
  54      0E080808 
  54      08080808 
  54      08
  55 011d 3E0000   		.ascii	">\000\000"
  56 0120 0000003C 		.ascii	"\000\000\000<BBB  \020\010\004B~\000\000"
  56      42424220 
  56      20100804 
  56      427E0000 
  57 0130 0000003C 		.ascii	"\000\000\000<BB \030 @@B\"\034\000\000"
  57      42422018 
  57      20404042 
ARM GAS  C:\Users\YKESH~1\AppData\Local\Temp\ccMtzZdh.s 			page 3


  57      221C0000 
  58 0140 00000020 		.ascii	"\000\000\000 0($$\"\"~  x\000\000"
  58      30282424 
  58      22227E20 
  58      20780000 
  59 0150 0000007E 		.ascii	"\000\000\000~\002\002\002\032&@@B\"\034\000\000"
  59      0202021A 
  59      26404042 
  59      221C0000 
  60 0160 00000038 		.ascii	"\000\000\0008$\002\002\032&BBB$\030\000\000"
  60      2402021A 
  60      26424242 
  60      24180000 
  61 0170 0000007E 		.ascii	"\000\000\000~\"\"\020\020\010\010\010\010\010\010\000"
  61      22221010 
  61      08080808 
  61      080800
  62 017f 00       		.ascii	"\000"
  63 0180 0000003C 		.ascii	"\000\000\000<BBB$\030$BBB<\000\000"
  63      42424224 
  63      18244242 
  63      423C0000 
  64 0190 00000018 		.ascii	"\000\000\000\030$BBBdX@@$\034\000\000"
  64      24424242 
  64      64584040 
  64      241C0000 
  65 01a0 00000000 		.ascii	"\000\000\000\000\000\000\030\030\000\000\000\000\030"
  65      00001818 
  65      00000000 
  65      18
  66 01ad 180000   		.ascii	"\030\000\000"
  67 01b0 00000000 		.ascii	"\000\000\000\000\000\000\000\010\000\000\000\000\000"
  67      00000008 
  67      00000000 
  67      00
  68 01bd 080804   		.ascii	"\010\010\004"
  69 01c0 00000040 		.ascii	"\000\000\000@ \020\010\004\002\004\010\020 @\000\000"
  69      20100804 
  69      02040810 
  69      20400000 
  70 01d0 00000000 		.ascii	"\000\000\000\000\000\000\177\000\000\000\177\000\000"
  70      00007F00 
  70      00007F00 
  70      00
  71 01dd 000000   		.ascii	"\000\000\000"
  72 01e0 00000002 		.ascii	"\000\000\000\002\004\010\020 @ \020\010\004\002\000"
  72      04081020 
  72      40201008 
  72      040200
  73 01ef 00       		.ascii	"\000"
  74 01f0 0000003C 		.ascii	"\000\000\000<BBF@ \020\020\000\030\030\000\000"
  74      42424640 
  74      20101000 
  74      18180000 
  75 0200 0000001C 		.ascii	"\000\000\000\034\"ZUUUU-B\"\034\000\000"
  75      225A5555 
  75      55552D42 
ARM GAS  C:\Users\YKESH~1\AppData\Local\Temp\ccMtzZdh.s 			page 4


  75      221C0000 
  76 0210 00000008 		.ascii	"\000\000\000\010\010\030\024\024$<\"BB\347\000\000"
  76      08181414 
  76      243C2242 
  76      42E70000 
  77 0220 0000001F 		.ascii	"\000\000\000\037\"\"\"\036\"BBB\"\037\000\000"
  77      2222221E 
  77      22424242 
  77      221F0000 
  78 0230 0000007C 		.ascii	"\000\000\000|BB\001\001\001\001\001B\"\034\000\000"
  78      42420101 
  78      01010142 
  78      221C0000 
  79 0240 0000001F 		.ascii	"\000\000\000\037\"BBBBBBB\"\037\000\000"
  79      22424242 
  79      42424242 
  79      221F0000 
  80 0250 0000003F 		.ascii	"\000\000\000?B\022\022\036\022\022\002BB?\000\000"
  80      4212121E 
  80      12120242 
  80      423F0000 
  81 0260 0000003F 		.ascii	"\000\000\000?B\022\022\036\022\022\002\002\002\007\000"
  81      4212121E 
  81      12120202 
  81      020700
  82 026f 00       		.ascii	"\000"
  83 0270 0000003C 		.ascii	"\000\000\000<\"\"\001\001\001q!\"\"\034\000\000"
  83      22220101 
  83      01712122 
  83      221C0000 
  84 0280 000000E7 		.ascii	"\000\000\000\347BBBB~BBBB\347\000\000"
  84      42424242 
  84      7E424242 
  84      42E70000 
  85 0290 0000003E 		.ascii	"\000\000\000>\010\010\010\010\010\010\010\010\010>\000"
  85      08080808 
  85      08080808 
  85      083E00
  86 029f 00       		.ascii	"\000"
  87 02a0 0000007C 		.ascii	"\000\000\000|\020\020\020\020\020\020\020\020\020\020"
  87      10101010 
  87      10101010 
  87      1010
  88 02ae 110F     		.ascii	"\021\017"
  89 02b0 00000077 		.ascii	"\000\000\000w\"\022\012\016\012\022\022\"\"w\000\000"
  89      22120A0E 
  89      0A121222 
  89      22770000 
  90 02c0 00000007 		.ascii	"\000\000\000\007\002\002\002\002\002\002\002\002B\177"
  90      02020202 
  90      02020202 
  90      427F
  91 02ce 0000     		.ascii	"\000\000"
  92 02d0 00000077 		.ascii	"\000\000\000w6666*****k\000\000"
  92      36363636 
  92      2A2A2A2A 
  92      2A6B0000 
ARM GAS  C:\Users\YKESH~1\AppData\Local\Temp\ccMtzZdh.s 			page 5


  93 02e0 000000E3 		.ascii	"\000\000\000\343FFJJRRRbbG\000\000"
  93      46464A4A 
  93      52525262 
  93      62470000 
  94 02f0 0000001C 		.ascii	"\000\000\000\034\"AAAAAAA\"\034\000\000"
  94      22414141 
  94      41414141 
  94      221C0000 
  95 0300 0000003F 		.ascii	"\000\000\000?BBBB>\002\002\002\002\007\000\000"
  95      42424242 
  95      3E020202 
  95      02070000 
  96 0310 0000001C 		.ascii	"\000\000\000\034\"AAAAAMS2\034`\000"
  96      22414141 
  96      41414D53 
  96      321C6000 
  97 0320 0000003F 		.ascii	"\000\000\000?BBB>\022\022\"\"B\307\000\000"
  97      4242423E 
  97      12122222 
  97      42C70000 
  98 0330 0000007C 		.ascii	"\000\000\000|BB\002\004\030 @BB>\000\000"
  98      42420204 
  98      18204042 
  98      423E0000 
  99 0340 0000007F 		.ascii	"\000\000\000\177I\010\010\010\010\010\010\010\010\034"
  99      49080808 
  99      08080808 
  99      081C
 100 034e 0000     		.ascii	"\000\000"
 101 0350 000000E7 		.ascii	"\000\000\000\347BBBBBBBBB<\000\000"
 101      42424242 
 101      42424242 
 101      423C0000 
 102 0360 000000E7 		.ascii	"\000\000\000\347BB\"$$\024\024\030\010\010\000\000"
 102      42422224 
 102      24141418 
 102      08080000 
 103 0370 0000006B 		.ascii	"\000\000\000kIIIIUU6\"\"\"\000\000"
 103      49494949 
 103      55553622 
 103      22220000 
 104 0380 000000E7 		.ascii	"\000\000\000\347B$$\030\030\030$$B\347\000\000"
 104      42242418 
 104      18182424 
 104      42E70000 
 105 0390 00000077 		.ascii	"\000\000\000w\"\"\024\024\010\010\010\010\010\034\000"
 105      22221414 
 105      08080808 
 105      081C00
 106 039f 00       		.ascii	"\000"
 107 03a0 0000007E 		.ascii	"\000\000\000~! \020\020\010\004\004BB?\000\000"
 107      21201010 
 107      08040442 
 107      423F0000 
 108 03b0 00780808 		.ascii	"\000x\010\010\010\010\010\010\010\010\010\010\010\010"
 108      08080808 
 108      08080808 
ARM GAS  C:\Users\YKESH~1\AppData\Local\Temp\ccMtzZdh.s 			page 6


 108      0808
 109 03be 7800     		.ascii	"x\000"
 110 03c0 00000202 		.ascii	"\000\000\002\002\004\004\010\010\010\020\020   @@"
 110      04040808 
 110      08101020 
 110      20204040 
 111 03d0 001E1010 		.ascii	"\000\036\020\020\020\020\020\020\020\020\020\020\020"
 111      10101010 
 111      10101010 
 111      10
 112 03dd 101E00   		.ascii	"\020\036\000"
 113 03e0 00384400 		.ascii	"\0008D\000\000\000\000\000\000\000\000\000\000\000\000"
 113      00000000 
 113      00000000 
 113      000000
 114 03ef 00       		.ascii	"\000"
 115 03f0 00000000 		.ascii	"\000\000\000\000\000\000\000\000\000\000\000\000\000"
 115      00000000 
 115      00000000 
 115      00
 116 03fd 0000FF   		.ascii	"\000\000\377"
 117 0400 00060800 		.ascii	"\000\006\010\000\000\000\000\000\000\000\000\000\000"
 117      00000000 
 117      00000000 
 117      00
 118 040d 000000   		.ascii	"\000\000\000"
 119 0410 00000000 		.ascii	"\000\000\000\000\000\000\000<BxDBB\374\000\000"
 119      0000003C 
 119      42784442 
 119      42FC0000 
 120 0420 00000003 		.ascii	"\000\000\000\003\002\002\002\032&BBB&\032\000\000"
 120      0202021A 
 120      26424242 
 120      261A0000 
 121 0430 00000000 		.ascii	"\000\000\000\000\000\000\0008D\002\002\002D8\000\000"
 121      00000038 
 121      44020202 
 121      44380000 
 122 0440 00000060 		.ascii	"\000\000\000`@@@xDBBBd\330\000\000"
 122      40404078 
 122      44424242 
 122      64D80000 
 123 0450 00000000 		.ascii	"\000\000\000\000\000\000\000<B~\002\002B<\000\000"
 123      0000003C 
 123      427E0202 
 123      423C0000 
 124 0460 000000F0 		.ascii	"\000\000\000\360\210\010\010~\010\010\010\010\010>\000"
 124      8808087E 
 124      08080808 
 124      083E00
 125 046f 00       		.ascii	"\000"
 126 0470 00000000 		.ascii	"\000\000\000\000\000\000\000|\"\"\034\002<BB<"
 126      0000007C 
 126      22221C02 
 126      3C42423C 
 127 0480 00000003 		.ascii	"\000\000\000\003\002\002\002:FBBBB\347\000\000"
 127      0202023A 
ARM GAS  C:\Users\YKESH~1\AppData\Local\Temp\ccMtzZdh.s 			page 7


 127      46424242 
 127      42E70000 
 128 0490 0000000C 		.ascii	"\000\000\000\014\014\000\000\016\010\010\010\010\010"
 128      0C00000E 
 128      08080808 
 128      08
 129 049d 3E0000   		.ascii	">\000\000"
 130 04a0 00000030 		.ascii	"\000\000\00000\000\0008      \"\036"
 130      30000038 
 130      20202020 
 130      2020221E 
 131 04b0 00000003 		.ascii	"\000\000\000\003\002\002\002r\022\012\026\022\"w\000"
 131      02020272 
 131      120A1612 
 131      227700
 132 04bf 00       		.ascii	"\000"
 133 04c0 0000000E 		.ascii	"\000\000\000\016\010\010\010\010\010\010\010\010\010"
 133      08080808 
 133      08080808 
 133      08
 134 04cd 3E0000   		.ascii	">\000\000"
 135 04d0 00000000 		.ascii	"\000\000\000\000\000\000\000\177\222\222\222\222\222"
 135      0000007F 
 135      92929292 
 135      92
 136 04dd B70000   		.ascii	"\267\000\000"
 137 04e0 00000000 		.ascii	"\000\000\000\000\000\000\000;FBBBB\347\000\000"
 137      0000003B 
 137      46424242 
 137      42E70000 
 138 04f0 00000000 		.ascii	"\000\000\000\000\000\000\000<BBBBB<\000\000"
 138      0000003C 
 138      42424242 
 138      423C0000 
 139 0500 00000000 		.ascii	"\000\000\000\000\000\000\000\033&BBB\"\036\002\007"
 139      0000001B 
 139      26424242 
 139      221E0207 
 140 0510 00000000 		.ascii	"\000\000\000\000\000\000\000xDBBBDx@\340"
 140      00000078 
 140      44424242 
 140      447840E0 
 141 0520 00000000 		.ascii	"\000\000\000\000\000\000\000wL\004\004\004\004\037\000"
 141      00000077 
 141      4C040404 
 141      041F00
 142 052f 00       		.ascii	"\000"
 143 0530 00000000 		.ascii	"\000\000\000\000\000\000\000|B\002<@B>\000\000"
 143      0000007C 
 143      42023C40 
 143      423E0000 
 144 0540 00000000 		.ascii	"\000\000\000\000\000\010\010>\010\010\010\010\0100\000"
 144      0008083E 
 144      08080808 
 144      083000
 145 054f 00       		.ascii	"\000"
 146 0550 00000000 		.ascii	"\000\000\000\000\000\000\000cBBBBb\334\000\000"
ARM GAS  C:\Users\YKESH~1\AppData\Local\Temp\ccMtzZdh.s 			page 8


 146      00000063 
 146      42424242 
 146      62DC0000 
 147 0560 00000000 		.ascii	"\000\000\000\000\000\000\000\347B$$\024\010\010\000"
 147      000000E7 
 147      42242414 
 147      080800
 148 056f 00       		.ascii	"\000"
 149 0570 00000000 		.ascii	"\000\000\000\000\000\000\000\353IIUU\"\"\000\000"
 149      000000EB 
 149      49495555 
 149      22220000 
 150 0580 00000000 		.ascii	"\000\000\000\000\000\000\000v$\030\030\030$n\000\000"
 150      00000076 
 150      24181818 
 150      246E0000 
 151 0590 00000000 		.ascii	"\000\000\000\000\000\000\000\347B$$\024\030\010\010"
 151      000000E7 
 151      42242414 
 151      180808
 152 059f 07       		.ascii	"\007"
 153 05a0 00000000 		.ascii	"\000\000\000\000\000\000\000~\"\020\010\010D~\000\000"
 153      0000007E 
 153      22100808 
 153      447E0000 
 154 05b0 00C02020 		.ascii	"\000\300     \020      \300\000"
 154      20202010 
 154      20202020 
 154      2020C000 
 155 05c0 10101010 		.ascii	"\020\020\020\020\020\020\020\020\020\020\020\020\020"
 155      10101010 
 155      10101010 
 155      10
 156 05cd 101010   		.ascii	"\020\020\020"
 157 05d0 00060808 		.ascii	"\000\006\010\010\010\010\010\020\010\010\010\010\010"
 157      08080810 
 157      08080808 
 157      08
 158 05dd 080600   		.ascii	"\010\006\000"
 159 05e0 0C32C200 		.ascii	"\0142\302\000\000\000\000\000\000\000\000\000\000\000"
 159      00000000 
 159      00000000 
 159      0000
 160 05ee 0000     		.ascii	"\000\000"
 161              		.section	.rodata.chinese_16,"a"
 162              		.align	2
 165              	chinese_16:
 166              		.text
 167              	.Letext0:
 168              		.file 1 "d:\\program files\\gnu arm embedded toolchain\\10 2021.10\\arm-none-eabi\\include\\machin
 169              		.file 2 "d:\\program files\\gnu arm embedded toolchain\\10 2021.10\\arm-none-eabi\\include\\sys\\_
 170              		.file 3 "Module/screen/font.c"
ARM GAS  C:\Users\YKESH~1\AppData\Local\Temp\ccMtzZdh.s 			page 9


DEFINED SYMBOLS
                            *ABS*:00000000 font.c
C:\Users\YKESH~1\AppData\Local\Temp\ccMtzZdh.s:165    .rodata.chinese_16:00000000 chinese_16
C:\Users\YKESH~1\AppData\Local\Temp\ccMtzZdh.s:25     .rodata.char_16:00000000 char_16
C:\Users\YKESH~1\AppData\Local\Temp\ccMtzZdh.s:22     .rodata.char_16:00000000 $d

NO UNDEFINED SYMBOLS
