ARM GAS  C:\Users\YKESH~1\AppData\Local\Temp\cc6vjpSp.s 			page 1


   1              		.cpu cortex-m4
   2              		.arch armv7e-m
   3              		.fpu fpv4-sp-d16
   4              		.eabi_attribute 27, 1
   5              		.eabi_attribute 28, 1
   6              		.eabi_attribute 20, 1
   7              		.eabi_attribute 21, 1
   8              		.eabi_attribute 23, 3
   9              		.eabi_attribute 24, 1
  10              		.eabi_attribute 25, 1
  11              		.eabi_attribute 26, 1
  12              		.eabi_attribute 30, 1
  13              		.eabi_attribute 34, 1
  14              		.eabi_attribute 18, 4
  15              		.file	"gpio.c"
  16              		.text
  17              	.Ltext0:
  18              		.cfi_sections	.debug_frame
  19              		.section	.text.MX_GPIO_Init,"ax",%progbits
  20              		.align	1
  21              		.global	MX_GPIO_Init
  22              		.syntax unified
  23              		.thumb
  24              		.thumb_func
  26              	MX_GPIO_Init:
  27              	.LFB235:
  28              		.file 1 "Core/Src/gpio.c"
   1:Core/Src/gpio.c **** /* USER CODE BEGIN Header */
   2:Core/Src/gpio.c **** /**
   3:Core/Src/gpio.c ****   ******************************************************************************
   4:Core/Src/gpio.c ****   * @file    gpio.c
   5:Core/Src/gpio.c ****   * @brief   This file provides code for the configuration
   6:Core/Src/gpio.c ****   *          of all used GPIO pins.
   7:Core/Src/gpio.c ****   ******************************************************************************
   8:Core/Src/gpio.c ****   * @attention
   9:Core/Src/gpio.c ****   *
  10:Core/Src/gpio.c ****   * Copyright (c) 2023 STMicroelectronics.
  11:Core/Src/gpio.c ****   * All rights reserved.
  12:Core/Src/gpio.c ****   *
  13:Core/Src/gpio.c ****   * This software is licensed under terms that can be found in the LICENSE file
  14:Core/Src/gpio.c ****   * in the root directory of this software component.
  15:Core/Src/gpio.c ****   * If no LICENSE file comes with this software, it is provided AS-IS.
  16:Core/Src/gpio.c ****   *
  17:Core/Src/gpio.c ****   ******************************************************************************
  18:Core/Src/gpio.c ****   */
  19:Core/Src/gpio.c **** /* USER CODE END Header */
  20:Core/Src/gpio.c **** 
  21:Core/Src/gpio.c **** /* Includes ------------------------------------------------------------------*/
  22:Core/Src/gpio.c **** #include "gpio.h"
  23:Core/Src/gpio.c **** 
  24:Core/Src/gpio.c **** /* USER CODE BEGIN 0 */
  25:Core/Src/gpio.c **** 
  26:Core/Src/gpio.c **** /* USER CODE END 0 */
  27:Core/Src/gpio.c **** 
  28:Core/Src/gpio.c **** /*----------------------------------------------------------------------------*/
  29:Core/Src/gpio.c **** /* Configure GPIO                                                             */
  30:Core/Src/gpio.c **** /*----------------------------------------------------------------------------*/
ARM GAS  C:\Users\YKESH~1\AppData\Local\Temp\cc6vjpSp.s 			page 2


  31:Core/Src/gpio.c **** /* USER CODE BEGIN 1 */
  32:Core/Src/gpio.c **** 
  33:Core/Src/gpio.c **** /* USER CODE END 1 */
  34:Core/Src/gpio.c **** 
  35:Core/Src/gpio.c **** /** Configure pins as
  36:Core/Src/gpio.c ****         * Analog
  37:Core/Src/gpio.c ****         * Input
  38:Core/Src/gpio.c ****         * Output
  39:Core/Src/gpio.c ****         * EVENT_OUT
  40:Core/Src/gpio.c ****         * EXTI
  41:Core/Src/gpio.c **** */
  42:Core/Src/gpio.c **** void MX_GPIO_Init(void)
  43:Core/Src/gpio.c **** {
  29              		.loc 1 43 1 view -0
  30              		.cfi_startproc
  31              		@ args = 0, pretend = 0, frame = 40
  32              		@ frame_needed = 0, uses_anonymous_args = 0
  33 0000 2DE9F041 		push	{r4, r5, r6, r7, r8, lr}
  34              	.LCFI0:
  35              		.cfi_def_cfa_offset 24
  36              		.cfi_offset 4, -24
  37              		.cfi_offset 5, -20
  38              		.cfi_offset 6, -16
  39              		.cfi_offset 7, -12
  40              		.cfi_offset 8, -8
  41              		.cfi_offset 14, -4
  42 0004 8AB0     		sub	sp, sp, #40
  43              	.LCFI1:
  44              		.cfi_def_cfa_offset 64
  44:Core/Src/gpio.c **** 
  45:Core/Src/gpio.c ****   GPIO_InitTypeDef GPIO_InitStruct = {0};
  45              		.loc 1 45 3 view .LVU1
  46              		.loc 1 45 20 is_stmt 0 view .LVU2
  47 0006 0024     		movs	r4, #0
  48 0008 0594     		str	r4, [sp, #20]
  49 000a 0694     		str	r4, [sp, #24]
  50 000c 0794     		str	r4, [sp, #28]
  51 000e 0894     		str	r4, [sp, #32]
  52 0010 0994     		str	r4, [sp, #36]
  46:Core/Src/gpio.c **** 
  47:Core/Src/gpio.c ****   /* GPIO Ports Clock Enable */
  48:Core/Src/gpio.c ****   __HAL_RCC_GPIOH_CLK_ENABLE();
  53              		.loc 1 48 3 is_stmt 1 view .LVU3
  54              	.LBB2:
  55              		.loc 1 48 3 view .LVU4
  56 0012 0194     		str	r4, [sp, #4]
  57              		.loc 1 48 3 view .LVU5
  58 0014 304B     		ldr	r3, .L3
  59 0016 1A6B     		ldr	r2, [r3, #48]
  60 0018 42F08002 		orr	r2, r2, #128
  61 001c 1A63     		str	r2, [r3, #48]
  62              		.loc 1 48 3 view .LVU6
  63 001e 1A6B     		ldr	r2, [r3, #48]
  64 0020 02F08002 		and	r2, r2, #128
  65 0024 0192     		str	r2, [sp, #4]
  66              		.loc 1 48 3 view .LVU7
  67 0026 019A     		ldr	r2, [sp, #4]
ARM GAS  C:\Users\YKESH~1\AppData\Local\Temp\cc6vjpSp.s 			page 3


  68              	.LBE2:
  69              		.loc 1 48 3 view .LVU8
  49:Core/Src/gpio.c ****   __HAL_RCC_GPIOA_CLK_ENABLE();
  70              		.loc 1 49 3 view .LVU9
  71              	.LBB3:
  72              		.loc 1 49 3 view .LVU10
  73 0028 0294     		str	r4, [sp, #8]
  74              		.loc 1 49 3 view .LVU11
  75 002a 1A6B     		ldr	r2, [r3, #48]
  76 002c 42F00102 		orr	r2, r2, #1
  77 0030 1A63     		str	r2, [r3, #48]
  78              		.loc 1 49 3 view .LVU12
  79 0032 1A6B     		ldr	r2, [r3, #48]
  80 0034 02F00102 		and	r2, r2, #1
  81 0038 0292     		str	r2, [sp, #8]
  82              		.loc 1 49 3 view .LVU13
  83 003a 029A     		ldr	r2, [sp, #8]
  84              	.LBE3:
  85              		.loc 1 49 3 view .LVU14
  50:Core/Src/gpio.c ****   __HAL_RCC_GPIOE_CLK_ENABLE();
  86              		.loc 1 50 3 view .LVU15
  87              	.LBB4:
  88              		.loc 1 50 3 view .LVU16
  89 003c 0394     		str	r4, [sp, #12]
  90              		.loc 1 50 3 view .LVU17
  91 003e 1A6B     		ldr	r2, [r3, #48]
  92 0040 42F01002 		orr	r2, r2, #16
  93 0044 1A63     		str	r2, [r3, #48]
  94              		.loc 1 50 3 view .LVU18
  95 0046 1A6B     		ldr	r2, [r3, #48]
  96 0048 02F01002 		and	r2, r2, #16
  97 004c 0392     		str	r2, [sp, #12]
  98              		.loc 1 50 3 view .LVU19
  99 004e 039A     		ldr	r2, [sp, #12]
 100              	.LBE4:
 101              		.loc 1 50 3 view .LVU20
  51:Core/Src/gpio.c ****   __HAL_RCC_GPIOB_CLK_ENABLE();
 102              		.loc 1 51 3 view .LVU21
 103              	.LBB5:
 104              		.loc 1 51 3 view .LVU22
 105 0050 0494     		str	r4, [sp, #16]
 106              		.loc 1 51 3 view .LVU23
 107 0052 1A6B     		ldr	r2, [r3, #48]
 108 0054 42F00202 		orr	r2, r2, #2
 109 0058 1A63     		str	r2, [r3, #48]
 110              		.loc 1 51 3 view .LVU24
 111 005a 1B6B     		ldr	r3, [r3, #48]
 112 005c 03F00203 		and	r3, r3, #2
 113 0060 0493     		str	r3, [sp, #16]
 114              		.loc 1 51 3 view .LVU25
 115 0062 049B     		ldr	r3, [sp, #16]
 116              	.LBE5:
 117              		.loc 1 51 3 view .LVU26
  52:Core/Src/gpio.c **** 
  53:Core/Src/gpio.c ****   /*Configure GPIO pin Output Level */
  54:Core/Src/gpio.c ****   HAL_GPIO_WritePin(GPIOE, SPI1_NSS_Pin|LCD_LED_Pin|LCD_RST_Pin|LCD_DC_Pin, GPIO_PIN_RESET);
 118              		.loc 1 54 3 view .LVU27
ARM GAS  C:\Users\YKESH~1\AppData\Local\Temp\cc6vjpSp.s 			page 4


 119 0064 1D4F     		ldr	r7, .L3+4
 120 0066 2246     		mov	r2, r4
 121 0068 4FF4F061 		mov	r1, #1920
 122 006c 3846     		mov	r0, r7
 123 006e FFF7FEFF 		bl	HAL_GPIO_WritePin
 124              	.LVL0:
  55:Core/Src/gpio.c **** 
  56:Core/Src/gpio.c ****   /*Configure GPIO pin Output Level */
  57:Core/Src/gpio.c ****   HAL_GPIO_WritePin(GPIOB, IIC_SCL_Pin|IIC_SDA_Pin, GPIO_PIN_SET);
 125              		.loc 1 57 3 view .LVU28
 126 0072 1B4E     		ldr	r6, .L3+8
 127 0074 0122     		movs	r2, #1
 128 0076 C021     		movs	r1, #192
 129 0078 3046     		mov	r0, r6
 130 007a FFF7FEFF 		bl	HAL_GPIO_WritePin
 131              	.LVL1:
  58:Core/Src/gpio.c **** 
  59:Core/Src/gpio.c ****   /*Configure GPIO pin : PtPin */
  60:Core/Src/gpio.c ****   GPIO_InitStruct.Pin = SPI1_NSS_Pin;
 132              		.loc 1 60 3 view .LVU29
 133              		.loc 1 60 23 is_stmt 0 view .LVU30
 134 007e 4FF08008 		mov	r8, #128
 135 0082 CDF81480 		str	r8, [sp, #20]
  61:Core/Src/gpio.c ****   GPIO_InitStruct.Mode = GPIO_MODE_OUTPUT_PP;
 136              		.loc 1 61 3 is_stmt 1 view .LVU31
 137              		.loc 1 61 24 is_stmt 0 view .LVU32
 138 0086 0125     		movs	r5, #1
 139 0088 0695     		str	r5, [sp, #24]
  62:Core/Src/gpio.c ****   GPIO_InitStruct.Pull = GPIO_NOPULL;
 140              		.loc 1 62 3 is_stmt 1 view .LVU33
 141              		.loc 1 62 24 is_stmt 0 view .LVU34
 142 008a 0794     		str	r4, [sp, #28]
  63:Core/Src/gpio.c ****   GPIO_InitStruct.Speed = GPIO_SPEED_FREQ_MEDIUM;
 143              		.loc 1 63 3 is_stmt 1 view .LVU35
 144              		.loc 1 63 25 is_stmt 0 view .LVU36
 145 008c 0895     		str	r5, [sp, #32]
  64:Core/Src/gpio.c ****   HAL_GPIO_Init(SPI1_NSS_GPIO_Port, &GPIO_InitStruct);
 146              		.loc 1 64 3 is_stmt 1 view .LVU37
 147 008e 05A9     		add	r1, sp, #20
 148 0090 3846     		mov	r0, r7
 149 0092 FFF7FEFF 		bl	HAL_GPIO_Init
 150              	.LVL2:
  65:Core/Src/gpio.c **** 
  66:Core/Src/gpio.c ****   /*Configure GPIO pins : PEPin PEPin PEPin */
  67:Core/Src/gpio.c ****   GPIO_InitStruct.Pin = LCD_LED_Pin|LCD_RST_Pin|LCD_DC_Pin;
 151              		.loc 1 67 3 view .LVU38
 152              		.loc 1 67 23 is_stmt 0 view .LVU39
 153 0096 4FF4E063 		mov	r3, #1792
 154 009a 0593     		str	r3, [sp, #20]
  68:Core/Src/gpio.c ****   GPIO_InitStruct.Mode = GPIO_MODE_OUTPUT_PP;
 155              		.loc 1 68 3 is_stmt 1 view .LVU40
 156              		.loc 1 68 24 is_stmt 0 view .LVU41
 157 009c 0695     		str	r5, [sp, #24]
  69:Core/Src/gpio.c ****   GPIO_InitStruct.Pull = GPIO_NOPULL;
 158              		.loc 1 69 3 is_stmt 1 view .LVU42
 159              		.loc 1 69 24 is_stmt 0 view .LVU43
 160 009e 0794     		str	r4, [sp, #28]
ARM GAS  C:\Users\YKESH~1\AppData\Local\Temp\cc6vjpSp.s 			page 5


  70:Core/Src/gpio.c ****   GPIO_InitStruct.Speed = GPIO_SPEED_FREQ_LOW;
 161              		.loc 1 70 3 is_stmt 1 view .LVU44
 162              		.loc 1 70 25 is_stmt 0 view .LVU45
 163 00a0 0894     		str	r4, [sp, #32]
  71:Core/Src/gpio.c ****   HAL_GPIO_Init(GPIOE, &GPIO_InitStruct);
 164              		.loc 1 71 3 is_stmt 1 view .LVU46
 165 00a2 05A9     		add	r1, sp, #20
 166 00a4 3846     		mov	r0, r7
 167 00a6 FFF7FEFF 		bl	HAL_GPIO_Init
 168              	.LVL3:
  72:Core/Src/gpio.c **** 
  73:Core/Src/gpio.c ****   /*Configure GPIO pin : PtPin */
  74:Core/Src/gpio.c ****   GPIO_InitStruct.Pin = IIC_SCL_Pin;
 169              		.loc 1 74 3 view .LVU47
 170              		.loc 1 74 23 is_stmt 0 view .LVU48
 171 00aa 4023     		movs	r3, #64
 172 00ac 0593     		str	r3, [sp, #20]
  75:Core/Src/gpio.c ****   GPIO_InitStruct.Mode = GPIO_MODE_OUTPUT_PP;
 173              		.loc 1 75 3 is_stmt 1 view .LVU49
 174              		.loc 1 75 24 is_stmt 0 view .LVU50
 175 00ae 0695     		str	r5, [sp, #24]
  76:Core/Src/gpio.c ****   GPIO_InitStruct.Pull = GPIO_NOPULL;
 176              		.loc 1 76 3 is_stmt 1 view .LVU51
 177              		.loc 1 76 24 is_stmt 0 view .LVU52
 178 00b0 0794     		str	r4, [sp, #28]
  77:Core/Src/gpio.c ****   GPIO_InitStruct.Speed = GPIO_SPEED_FREQ_HIGH;
 179              		.loc 1 77 3 is_stmt 1 view .LVU53
 180              		.loc 1 77 25 is_stmt 0 view .LVU54
 181 00b2 0225     		movs	r5, #2
 182 00b4 0895     		str	r5, [sp, #32]
  78:Core/Src/gpio.c ****   HAL_GPIO_Init(IIC_SCL_GPIO_Port, &GPIO_InitStruct);
 183              		.loc 1 78 3 is_stmt 1 view .LVU55
 184 00b6 05A9     		add	r1, sp, #20
 185 00b8 3046     		mov	r0, r6
 186 00ba FFF7FEFF 		bl	HAL_GPIO_Init
 187              	.LVL4:
  79:Core/Src/gpio.c **** 
  80:Core/Src/gpio.c ****   /*Configure GPIO pin : PtPin */
  81:Core/Src/gpio.c ****   GPIO_InitStruct.Pin = IIC_SDA_Pin;
 188              		.loc 1 81 3 view .LVU56
 189              		.loc 1 81 23 is_stmt 0 view .LVU57
 190 00be CDF81480 		str	r8, [sp, #20]
  82:Core/Src/gpio.c ****   GPIO_InitStruct.Mode = GPIO_MODE_OUTPUT_OD;
 191              		.loc 1 82 3 is_stmt 1 view .LVU58
 192              		.loc 1 82 24 is_stmt 0 view .LVU59
 193 00c2 1123     		movs	r3, #17
 194 00c4 0693     		str	r3, [sp, #24]
  83:Core/Src/gpio.c ****   GPIO_InitStruct.Pull = GPIO_NOPULL;
 195              		.loc 1 83 3 is_stmt 1 view .LVU60
 196              		.loc 1 83 24 is_stmt 0 view .LVU61
 197 00c6 0794     		str	r4, [sp, #28]
  84:Core/Src/gpio.c ****   GPIO_InitStruct.Speed = GPIO_SPEED_FREQ_HIGH;
 198              		.loc 1 84 3 is_stmt 1 view .LVU62
 199              		.loc 1 84 25 is_stmt 0 view .LVU63
 200 00c8 0895     		str	r5, [sp, #32]
  85:Core/Src/gpio.c ****   HAL_GPIO_Init(IIC_SDA_GPIO_Port, &GPIO_InitStruct);
 201              		.loc 1 85 3 is_stmt 1 view .LVU64
ARM GAS  C:\Users\YKESH~1\AppData\Local\Temp\cc6vjpSp.s 			page 6


 202 00ca 05A9     		add	r1, sp, #20
 203 00cc 3046     		mov	r0, r6
 204 00ce FFF7FEFF 		bl	HAL_GPIO_Init
 205              	.LVL5:
  86:Core/Src/gpio.c **** 
  87:Core/Src/gpio.c **** }
 206              		.loc 1 87 1 is_stmt 0 view .LVU65
 207 00d2 0AB0     		add	sp, sp, #40
 208              	.LCFI2:
 209              		.cfi_def_cfa_offset 24
 210              		@ sp needed
 211 00d4 BDE8F081 		pop	{r4, r5, r6, r7, r8, pc}
 212              	.L4:
 213              		.align	2
 214              	.L3:
 215 00d8 00380240 		.word	1073887232
 216 00dc 00100240 		.word	1073876992
 217 00e0 00040240 		.word	1073873920
 218              		.cfi_endproc
 219              	.LFE235:
 221              		.text
 222              	.Letext0:
 223              		.file 2 "d:\\program files\\gnu arm embedded toolchain\\10 2021.10\\arm-none-eabi\\include\\machin
 224              		.file 3 "d:\\program files\\gnu arm embedded toolchain\\10 2021.10\\arm-none-eabi\\include\\sys\\_
 225              		.file 4 "Drivers/CMSIS/Device/ST/STM32F4xx/Include/stm32f407xx.h"
 226              		.file 5 "Drivers/STM32F4xx_HAL_Driver/Inc/stm32f4xx_hal_gpio.h"
ARM GAS  C:\Users\YKESH~1\AppData\Local\Temp\cc6vjpSp.s 			page 7


DEFINED SYMBOLS
                            *ABS*:00000000 gpio.c
C:\Users\YKESH~1\AppData\Local\Temp\cc6vjpSp.s:20     .text.MX_GPIO_Init:00000000 $t
C:\Users\YKESH~1\AppData\Local\Temp\cc6vjpSp.s:26     .text.MX_GPIO_Init:00000000 MX_GPIO_Init
C:\Users\YKESH~1\AppData\Local\Temp\cc6vjpSp.s:215    .text.MX_GPIO_Init:000000d8 $d

UNDEFINED SYMBOLS
HAL_GPIO_WritePin
HAL_GPIO_Init
