ARM GAS  C:\Users\YKESH~1\AppData\Local\Temp\ccPfVELJ.s 			page 1


   1              		.cpu cortex-m4
   2              		.arch armv7e-m
   3              		.fpu fpv4-sp-d16
   4              		.eabi_attribute 27, 1
   5              		.eabi_attribute 28, 1
   6              		.eabi_attribute 20, 1
   7              		.eabi_attribute 21, 1
   8              		.eabi_attribute 23, 3
   9              		.eabi_attribute 24, 1
  10              		.eabi_attribute 25, 1
  11              		.eabi_attribute 26, 1
  12              		.eabi_attribute 30, 1
  13              		.eabi_attribute 34, 1
  14              		.eabi_attribute 18, 4
  15              		.file	"lcd.c"
  16              		.text
  17              	.Ltext0:
  18              		.cfi_sections	.debug_frame
  19              		.section	.text.send_8bit_data,"ax",%progbits
  20              		.align	1
  21              		.global	send_8bit_data
  22              		.syntax unified
  23              		.thumb
  24              		.thumb_func
  26              	send_8bit_data:
  27              	.LVL0:
  28              	.LFB235:
  29              		.file 1 "Module/screen/lcd.c"
   1:Module/screen/lcd.c **** #include "lcd.h"
   2:Module/screen/lcd.c **** 
   3:Module/screen/lcd.c **** #include "gpio.h"
   4:Module/screen/lcd.c **** #include "bsp_spi.h"
   5:Module/screen/lcd.c **** #include "myfunc.h"
   6:Module/screen/lcd.c **** 
   7:Module/screen/lcd.c **** /***发送数据***/
   8:Module/screen/lcd.c **** void send_8bit_data(uint8_t data)
   9:Module/screen/lcd.c **** {
  30              		.loc 1 9 1 view -0
  31              		.cfi_startproc
  32              		@ args = 0, pretend = 0, frame = 8
  33              		@ frame_needed = 0, uses_anonymous_args = 0
  34              		.loc 1 9 1 is_stmt 0 view .LVU1
  35 0000 10B5     		push	{r4, lr}
  36              	.LCFI0:
  37              		.cfi_def_cfa_offset 8
  38              		.cfi_offset 4, -8
  39              		.cfi_offset 14, -4
  40 0002 82B0     		sub	sp, sp, #8
  41              	.LCFI1:
  42              		.cfi_def_cfa_offset 16
  43 0004 8DF80700 		strb	r0, [sp, #7]
  10:Module/screen/lcd.c ****     SetLow(NSS_pin);
  44              		.loc 1 10 5 is_stmt 1 view .LVU2
  45 0008 0C4C     		ldr	r4, .L3
  46 000a 0022     		movs	r2, #0
  47 000c 8021     		movs	r1, #128
  48 000e 2046     		mov	r0, r4
ARM GAS  C:\Users\YKESH~1\AppData\Local\Temp\ccPfVELJ.s 			page 2


  49              	.LVL1:
  50              		.loc 1 10 5 is_stmt 0 view .LVU3
  51 0010 FFF7FEFF 		bl	HAL_GPIO_WritePin
  52              	.LVL2:
  11:Module/screen/lcd.c ****     SetHigh(DC_pin);
  53              		.loc 1 11 5 is_stmt 1 view .LVU4
  54 0014 0122     		movs	r2, #1
  55 0016 4FF48061 		mov	r1, #1024
  56 001a 2046     		mov	r0, r4
  57 001c FFF7FEFF 		bl	HAL_GPIO_WritePin
  58              	.LVL3:
  12:Module/screen/lcd.c ****     BSP_SPI_Transmit(LCD_SPI_PORT, &data, 1);
  59              		.loc 1 12 5 view .LVU5
  60 0020 0122     		movs	r2, #1
  61 0022 0DF10701 		add	r1, sp, #7
  62 0026 0020     		movs	r0, #0
  63 0028 FFF7FEFF 		bl	BSP_SPI_Transmit
  64              	.LVL4:
  13:Module/screen/lcd.c ****     SetHigh(NSS_pin);
  65              		.loc 1 13 5 view .LVU6
  66 002c 0122     		movs	r2, #1
  67 002e 8021     		movs	r1, #128
  68 0030 2046     		mov	r0, r4
  69 0032 FFF7FEFF 		bl	HAL_GPIO_WritePin
  70              	.LVL5:
  14:Module/screen/lcd.c **** }
  71              		.loc 1 14 1 is_stmt 0 view .LVU7
  72 0036 02B0     		add	sp, sp, #8
  73              	.LCFI2:
  74              		.cfi_def_cfa_offset 8
  75              		@ sp needed
  76 0038 10BD     		pop	{r4, pc}
  77              	.L4:
  78 003a 00BF     		.align	2
  79              	.L3:
  80 003c 00100240 		.word	1073876992
  81              		.cfi_endproc
  82              	.LFE235:
  84              		.section	.text.send_16bit_data,"ax",%progbits
  85              		.align	1
  86              		.global	send_16bit_data
  87              		.syntax unified
  88              		.thumb
  89              		.thumb_func
  91              	send_16bit_data:
  92              	.LVL6:
  93              	.LFB236:
  15:Module/screen/lcd.c **** 
  16:Module/screen/lcd.c **** void send_16bit_data(uint16_t data)
  17:Module/screen/lcd.c **** {
  94              		.loc 1 17 1 is_stmt 1 view -0
  95              		.cfi_startproc
  96              		@ args = 0, pretend = 0, frame = 8
  97              		@ frame_needed = 0, uses_anonymous_args = 0
  98              		.loc 1 17 1 is_stmt 0 view .LVU9
  99 0000 10B5     		push	{r4, lr}
 100              	.LCFI3:
ARM GAS  C:\Users\YKESH~1\AppData\Local\Temp\ccPfVELJ.s 			page 3


 101              		.cfi_def_cfa_offset 8
 102              		.cfi_offset 4, -8
 103              		.cfi_offset 14, -4
 104 0002 82B0     		sub	sp, sp, #8
 105              	.LCFI4:
 106              		.cfi_def_cfa_offset 16
 107 0004 ADF80600 		strh	r0, [sp, #6]	@ movhi
  18:Module/screen/lcd.c ****     SetLow(NSS_pin);
 108              		.loc 1 18 5 is_stmt 1 view .LVU10
 109 0008 0C4C     		ldr	r4, .L7
 110 000a 0022     		movs	r2, #0
 111 000c 8021     		movs	r1, #128
 112 000e 2046     		mov	r0, r4
 113              	.LVL7:
 114              		.loc 1 18 5 is_stmt 0 view .LVU11
 115 0010 FFF7FEFF 		bl	HAL_GPIO_WritePin
 116              	.LVL8:
  19:Module/screen/lcd.c ****     SetHigh(DC_pin);
 117              		.loc 1 19 5 is_stmt 1 view .LVU12
 118 0014 0122     		movs	r2, #1
 119 0016 4FF48061 		mov	r1, #1024
 120 001a 2046     		mov	r0, r4
 121 001c FFF7FEFF 		bl	HAL_GPIO_WritePin
 122              	.LVL9:
  20:Module/screen/lcd.c ****     BSP_SPI_Transmit(LCD_SPI_PORT, &data, 2);
 123              		.loc 1 20 5 view .LVU13
 124 0020 0222     		movs	r2, #2
 125 0022 0DF10601 		add	r1, sp, #6
 126 0026 0020     		movs	r0, #0
 127 0028 FFF7FEFF 		bl	BSP_SPI_Transmit
 128              	.LVL10:
  21:Module/screen/lcd.c ****     SetHigh(NSS_pin);
 129              		.loc 1 21 5 view .LVU14
 130 002c 0122     		movs	r2, #1
 131 002e 8021     		movs	r1, #128
 132 0030 2046     		mov	r0, r4
 133 0032 FFF7FEFF 		bl	HAL_GPIO_WritePin
 134              	.LVL11:
  22:Module/screen/lcd.c **** }
 135              		.loc 1 22 1 is_stmt 0 view .LVU15
 136 0036 02B0     		add	sp, sp, #8
 137              	.LCFI5:
 138              		.cfi_def_cfa_offset 8
 139              		@ sp needed
 140 0038 10BD     		pop	{r4, pc}
 141              	.L8:
 142 003a 00BF     		.align	2
 143              	.L7:
 144 003c 00100240 		.word	1073876992
 145              		.cfi_endproc
 146              	.LFE236:
 148              		.section	.text.send_comd,"ax",%progbits
 149              		.align	1
 150              		.global	send_comd
 151              		.syntax unified
 152              		.thumb
 153              		.thumb_func
ARM GAS  C:\Users\YKESH~1\AppData\Local\Temp\ccPfVELJ.s 			page 4


 155              	send_comd:
 156              	.LVL12:
 157              	.LFB237:
  23:Module/screen/lcd.c **** 
  24:Module/screen/lcd.c **** /***发送指令***/
  25:Module/screen/lcd.c **** void send_comd(uint8_t comd)
  26:Module/screen/lcd.c **** {
 158              		.loc 1 26 1 is_stmt 1 view -0
 159              		.cfi_startproc
 160              		@ args = 0, pretend = 0, frame = 8
 161              		@ frame_needed = 0, uses_anonymous_args = 0
 162              		.loc 1 26 1 is_stmt 0 view .LVU17
 163 0000 10B5     		push	{r4, lr}
 164              	.LCFI6:
 165              		.cfi_def_cfa_offset 8
 166              		.cfi_offset 4, -8
 167              		.cfi_offset 14, -4
 168 0002 82B0     		sub	sp, sp, #8
 169              	.LCFI7:
 170              		.cfi_def_cfa_offset 16
 171 0004 8DF80700 		strb	r0, [sp, #7]
  27:Module/screen/lcd.c ****     SetLow(NSS_pin);
 172              		.loc 1 27 5 is_stmt 1 view .LVU18
 173 0008 0C4C     		ldr	r4, .L11
 174 000a 0022     		movs	r2, #0
 175 000c 8021     		movs	r1, #128
 176 000e 2046     		mov	r0, r4
 177              	.LVL13:
 178              		.loc 1 27 5 is_stmt 0 view .LVU19
 179 0010 FFF7FEFF 		bl	HAL_GPIO_WritePin
 180              	.LVL14:
  28:Module/screen/lcd.c ****     SetLow(DC_pin);
 181              		.loc 1 28 5 is_stmt 1 view .LVU20
 182 0014 0022     		movs	r2, #0
 183 0016 4FF48061 		mov	r1, #1024
 184 001a 2046     		mov	r0, r4
 185 001c FFF7FEFF 		bl	HAL_GPIO_WritePin
 186              	.LVL15:
  29:Module/screen/lcd.c ****     BSP_SPI_Transmit(LCD_SPI_PORT, &comd, 1);
 187              		.loc 1 29 5 view .LVU21
 188 0020 0122     		movs	r2, #1
 189 0022 0DF10701 		add	r1, sp, #7
 190 0026 0020     		movs	r0, #0
 191 0028 FFF7FEFF 		bl	BSP_SPI_Transmit
 192              	.LVL16:
  30:Module/screen/lcd.c ****     SetHigh(NSS_pin);
 193              		.loc 1 30 5 view .LVU22
 194 002c 0122     		movs	r2, #1
 195 002e 8021     		movs	r1, #128
 196 0030 2046     		mov	r0, r4
 197 0032 FFF7FEFF 		bl	HAL_GPIO_WritePin
 198              	.LVL17:
  31:Module/screen/lcd.c **** }
 199              		.loc 1 31 1 is_stmt 0 view .LVU23
 200 0036 02B0     		add	sp, sp, #8
 201              	.LCFI8:
 202              		.cfi_def_cfa_offset 8
ARM GAS  C:\Users\YKESH~1\AppData\Local\Temp\ccPfVELJ.s 			page 5


 203              		@ sp needed
 204 0038 10BD     		pop	{r4, pc}
 205              	.L12:
 206 003a 00BF     		.align	2
 207              	.L11:
 208 003c 00100240 		.word	1073876992
 209              		.cfi_endproc
 210              	.LFE237:
 212              		.section	.text.lcd_reset,"ax",%progbits
 213              		.align	1
 214              		.global	lcd_reset
 215              		.syntax unified
 216              		.thumb
 217              		.thumb_func
 219              	lcd_reset:
 220              	.LFB238:
  32:Module/screen/lcd.c **** 
  33:Module/screen/lcd.c **** /***lcd复位***/
  34:Module/screen/lcd.c **** void lcd_reset(void)
  35:Module/screen/lcd.c **** {
 221              		.loc 1 35 1 is_stmt 1 view -0
 222              		.cfi_startproc
 223              		@ args = 0, pretend = 0, frame = 0
 224              		@ frame_needed = 0, uses_anonymous_args = 0
 225 0000 10B5     		push	{r4, lr}
 226              	.LCFI9:
 227              		.cfi_def_cfa_offset 8
 228              		.cfi_offset 4, -8
 229              		.cfi_offset 14, -4
  36:Module/screen/lcd.c ****     SetLow(RST_pin);
 230              		.loc 1 36 5 view .LVU25
 231 0002 0A4C     		ldr	r4, .L15
 232 0004 0022     		movs	r2, #0
 233 0006 4FF40071 		mov	r1, #512
 234 000a 2046     		mov	r0, r4
 235 000c FFF7FEFF 		bl	HAL_GPIO_WritePin
 236              	.LVL18:
  37:Module/screen/lcd.c ****     delay_ms(30);
 237              		.loc 1 37 5 view .LVU26
 238 0010 1E20     		movs	r0, #30
 239 0012 FFF7FEFF 		bl	delay_ms
 240              	.LVL19:
  38:Module/screen/lcd.c ****     SetHigh(RST_pin);
 241              		.loc 1 38 5 view .LVU27
 242 0016 0122     		movs	r2, #1
 243 0018 4FF40071 		mov	r1, #512
 244 001c 2046     		mov	r0, r4
 245 001e FFF7FEFF 		bl	HAL_GPIO_WritePin
 246              	.LVL20:
  39:Module/screen/lcd.c ****     delay_ms(30);
 247              		.loc 1 39 5 view .LVU28
 248 0022 1E20     		movs	r0, #30
 249 0024 FFF7FEFF 		bl	delay_ms
 250              	.LVL21:
  40:Module/screen/lcd.c **** }
 251              		.loc 1 40 1 is_stmt 0 view .LVU29
 252 0028 10BD     		pop	{r4, pc}
ARM GAS  C:\Users\YKESH~1\AppData\Local\Temp\ccPfVELJ.s 			page 6


 253              	.L16:
 254 002a 00BF     		.align	2
 255              	.L15:
 256 002c 00100240 		.word	1073876992
 257              		.cfi_endproc
 258              	.LFE238:
 260              		.section	.text.set_window,"ax",%progbits
 261              		.align	1
 262              		.global	set_window
 263              		.syntax unified
 264              		.thumb
 265              		.thumb_func
 267              	set_window:
 268              	.LVL22:
 269              	.LFB239:
  41:Module/screen/lcd.c **** 
  42:Module/screen/lcd.c **** void set_window(uint16_t xS, uint16_t yS, uint16_t xE, uint16_t yE)
  43:Module/screen/lcd.c **** {
 270              		.loc 1 43 1 is_stmt 1 view -0
 271              		.cfi_startproc
 272              		@ args = 0, pretend = 0, frame = 0
 273              		@ frame_needed = 0, uses_anonymous_args = 0
 274              		.loc 1 43 1 is_stmt 0 view .LVU31
 275 0000 F8B5     		push	{r3, r4, r5, r6, r7, lr}
 276              	.LCFI10:
 277              		.cfi_def_cfa_offset 24
 278              		.cfi_offset 3, -24
 279              		.cfi_offset 4, -20
 280              		.cfi_offset 5, -16
 281              		.cfi_offset 6, -12
 282              		.cfi_offset 7, -8
 283              		.cfi_offset 14, -4
 284 0002 0746     		mov	r7, r0
 285 0004 0D46     		mov	r5, r1
 286 0006 1646     		mov	r6, r2
 287 0008 1C46     		mov	r4, r3
  44:Module/screen/lcd.c ****     send_comd(0x2A);
 288              		.loc 1 44 5 is_stmt 1 view .LVU32
 289 000a 2A20     		movs	r0, #42
 290              	.LVL23:
 291              		.loc 1 44 5 is_stmt 0 view .LVU33
 292 000c FFF7FEFF 		bl	send_comd
 293              	.LVL24:
  45:Module/screen/lcd.c ****     send_16bit_data(xS);
 294              		.loc 1 45 5 is_stmt 1 view .LVU34
 295 0010 3846     		mov	r0, r7
 296 0012 FFF7FEFF 		bl	send_16bit_data
 297              	.LVL25:
  46:Module/screen/lcd.c ****     send_16bit_data(xE);
 298              		.loc 1 46 5 view .LVU35
 299 0016 3046     		mov	r0, r6
 300 0018 FFF7FEFF 		bl	send_16bit_data
 301              	.LVL26:
  47:Module/screen/lcd.c **** 
  48:Module/screen/lcd.c ****     send_comd(0x2B);
 302              		.loc 1 48 5 view .LVU36
 303 001c 2B20     		movs	r0, #43
ARM GAS  C:\Users\YKESH~1\AppData\Local\Temp\ccPfVELJ.s 			page 7


 304 001e FFF7FEFF 		bl	send_comd
 305              	.LVL27:
  49:Module/screen/lcd.c ****     send_16bit_data(yS);
 306              		.loc 1 49 5 view .LVU37
 307 0022 2846     		mov	r0, r5
 308 0024 FFF7FEFF 		bl	send_16bit_data
 309              	.LVL28:
  50:Module/screen/lcd.c ****     send_16bit_data(yE);
 310              		.loc 1 50 5 view .LVU38
 311 0028 2046     		mov	r0, r4
 312 002a FFF7FEFF 		bl	send_16bit_data
 313              	.LVL29:
  51:Module/screen/lcd.c **** 
  52:Module/screen/lcd.c ****     send_comd(0x2C);
 314              		.loc 1 52 5 view .LVU39
 315 002e 2C20     		movs	r0, #44
 316 0030 FFF7FEFF 		bl	send_comd
 317              	.LVL30:
  53:Module/screen/lcd.c **** }
 318              		.loc 1 53 1 is_stmt 0 view .LVU40
 319 0034 F8BD     		pop	{r3, r4, r5, r6, r7, pc}
 320              		.cfi_endproc
 321              	.LFE239:
 323              		.section	.text.set_cursor,"ax",%progbits
 324              		.align	1
 325              		.global	set_cursor
 326              		.syntax unified
 327              		.thumb
 328              		.thumb_func
 330              	set_cursor:
 331              	.LVL31:
 332              	.LFB240:
  54:Module/screen/lcd.c **** 
  55:Module/screen/lcd.c **** void set_cursor(uint16_t x, uint16_t y)
  56:Module/screen/lcd.c **** {
 333              		.loc 1 56 1 is_stmt 1 view -0
 334              		.cfi_startproc
 335              		@ args = 0, pretend = 0, frame = 0
 336              		@ frame_needed = 0, uses_anonymous_args = 0
 337              		.loc 1 56 1 is_stmt 0 view .LVU42
 338 0000 08B5     		push	{r3, lr}
 339              	.LCFI11:
 340              		.cfi_def_cfa_offset 8
 341              		.cfi_offset 3, -8
 342              		.cfi_offset 14, -4
 343 0002 0246     		mov	r2, r0
 344 0004 0B46     		mov	r3, r1
  57:Module/screen/lcd.c ****     set_window(x, y, x, y);
 345              		.loc 1 57 5 is_stmt 1 view .LVU43
 346 0006 FFF7FEFF 		bl	set_window
 347              	.LVL32:
  58:Module/screen/lcd.c **** }
 348              		.loc 1 58 1 is_stmt 0 view .LVU44
 349 000a 08BD     		pop	{r3, pc}
 350              		.cfi_endproc
 351              	.LFE240:
 353              		.section	.text.Lcd_Init,"ax",%progbits
ARM GAS  C:\Users\YKESH~1\AppData\Local\Temp\ccPfVELJ.s 			page 8


 354              		.align	1
 355              		.global	Lcd_Init
 356              		.syntax unified
 357              		.thumb
 358              		.thumb_func
 360              	Lcd_Init:
 361              	.LFB241:
  59:Module/screen/lcd.c **** 
  60:Module/screen/lcd.c **** /***lcd初始化***/
  61:Module/screen/lcd.c **** void Lcd_Init(void)
  62:Module/screen/lcd.c **** {
 362              		.loc 1 62 1 is_stmt 1 view -0
 363              		.cfi_startproc
 364              		@ args = 0, pretend = 0, frame = 0
 365              		@ frame_needed = 0, uses_anonymous_args = 0
 366 0000 10B5     		push	{r4, lr}
 367              	.LCFI12:
 368              		.cfi_def_cfa_offset 8
 369              		.cfi_offset 4, -8
 370              		.cfi_offset 14, -4
  63:Module/screen/lcd.c ****     //关闭片选
  64:Module/screen/lcd.c ****     SetHigh(NSS_pin);
 371              		.loc 1 64 5 view .LVU46
 372 0002 4F4C     		ldr	r4, .L23
 373 0004 0122     		movs	r2, #1
 374 0006 8021     		movs	r1, #128
 375 0008 2046     		mov	r0, r4
 376 000a FFF7FEFF 		bl	HAL_GPIO_WritePin
 377              	.LVL33:
  65:Module/screen/lcd.c ****     //开启背光
  66:Module/screen/lcd.c ****     SetHigh(LED_pin);
 378              		.loc 1 66 5 view .LVU47
 379 000e 0122     		movs	r2, #1
 380 0010 4FF48071 		mov	r1, #256
 381 0014 2046     		mov	r0, r4
 382 0016 FFF7FEFF 		bl	HAL_GPIO_WritePin
 383              	.LVL34:
  67:Module/screen/lcd.c **** 
  68:Module/screen/lcd.c ****     lcd_reset();
 384              		.loc 1 68 5 view .LVU48
 385 001a FFF7FEFF 		bl	lcd_reset
 386              	.LVL35:
  69:Module/screen/lcd.c **** 
  70:Module/screen/lcd.c ****     //电源控制B类设置
  71:Module/screen/lcd.c ****     send_comd(0xCF);
 387              		.loc 1 71 5 view .LVU49
 388 001e CF20     		movs	r0, #207
 389 0020 FFF7FEFF 		bl	send_comd
 390              	.LVL36:
  72:Module/screen/lcd.c ****     send_8bit_data(0x00);
 391              		.loc 1 72 5 view .LVU50
 392 0024 0020     		movs	r0, #0
 393 0026 FFF7FEFF 		bl	send_8bit_data
 394              	.LVL37:
  73:Module/screen/lcd.c ****     send_8bit_data(0xC1);
 395              		.loc 1 73 5 view .LVU51
 396 002a C120     		movs	r0, #193
ARM GAS  C:\Users\YKESH~1\AppData\Local\Temp\ccPfVELJ.s 			page 9


 397 002c FFF7FEFF 		bl	send_8bit_data
 398              	.LVL38:
  74:Module/screen/lcd.c ****     send_8bit_data(0x30);
 399              		.loc 1 74 5 view .LVU52
 400 0030 3020     		movs	r0, #48
 401 0032 FFF7FEFF 		bl	send_8bit_data
 402              	.LVL39:
  75:Module/screen/lcd.c **** 
  76:Module/screen/lcd.c ****     //开机顺序设置
  77:Module/screen/lcd.c ****     send_comd(0xED);
 403              		.loc 1 77 5 view .LVU53
 404 0036 ED20     		movs	r0, #237
 405 0038 FFF7FEFF 		bl	send_comd
 406              	.LVL40:
  78:Module/screen/lcd.c ****     send_8bit_data(0x54);
 407              		.loc 1 78 5 view .LVU54
 408 003c 5420     		movs	r0, #84
 409 003e FFF7FEFF 		bl	send_8bit_data
 410              	.LVL41:
  79:Module/screen/lcd.c ****     send_8bit_data(0x03);
 411              		.loc 1 79 5 view .LVU55
 412 0042 0320     		movs	r0, #3
 413 0044 FFF7FEFF 		bl	send_8bit_data
 414              	.LVL42:
  80:Module/screen/lcd.c ****     send_8bit_data(0x12);
 415              		.loc 1 80 5 view .LVU56
 416 0048 1220     		movs	r0, #18
 417 004a FFF7FEFF 		bl	send_8bit_data
 418              	.LVL43:
  81:Module/screen/lcd.c ****     send_8bit_data(0x81);
 419              		.loc 1 81 5 view .LVU57
 420 004e 8120     		movs	r0, #129
 421 0050 FFF7FEFF 		bl	send_8bit_data
 422              	.LVL44:
  82:Module/screen/lcd.c **** 
  83:Module/screen/lcd.c ****     //像素格式选择
  84:Module/screen/lcd.c ****     send_comd(0x3A);
 423              		.loc 1 84 5 view .LVU58
 424 0054 3A20     		movs	r0, #58
 425 0056 FFF7FEFF 		bl	send_comd
 426              	.LVL45:
  85:Module/screen/lcd.c ****     send_8bit_data(0x55); //16bit模式
 427              		.loc 1 85 5 view .LVU59
 428 005a 5520     		movs	r0, #85
 429 005c FFF7FEFF 		bl	send_8bit_data
 430              	.LVL46:
  86:Module/screen/lcd.c **** 
  87:Module/screen/lcd.c ****     //液晶屏扫描模式设置
  88:Module/screen/lcd.c ****     send_comd(0x36);
 431              		.loc 1 88 5 view .LVU60
 432 0060 3620     		movs	r0, #54
 433 0062 FFF7FEFF 		bl	send_comd
 434              	.LVL47:
  89:Module/screen/lcd.c ****     send_8bit_data(0x60);
 435              		.loc 1 89 5 view .LVU61
 436 0066 6020     		movs	r0, #96
 437 0068 FFF7FEFF 		bl	send_8bit_data
ARM GAS  C:\Users\YKESH~1\AppData\Local\Temp\ccPfVELJ.s 			page 10


 438              	.LVL48:
  90:Module/screen/lcd.c **** 
  91:Module/screen/lcd.c ****     //伽马设置
  92:Module/screen/lcd.c ****     send_comd(0x26);
 439              		.loc 1 92 5 view .LVU62
 440 006c 2620     		movs	r0, #38
 441 006e FFF7FEFF 		bl	send_comd
 442              	.LVL49:
  93:Module/screen/lcd.c ****     send_8bit_data(0x01);
 443              		.loc 1 93 5 view .LVU63
 444 0072 0120     		movs	r0, #1
 445 0074 FFF7FEFF 		bl	send_8bit_data
 446              	.LVL50:
  94:Module/screen/lcd.c **** 
  95:Module/screen/lcd.c ****     //positive伽马校对
  96:Module/screen/lcd.c ****     send_comd(0xE0);
 447              		.loc 1 96 5 view .LVU64
 448 0078 E020     		movs	r0, #224
 449 007a FFF7FEFF 		bl	send_comd
 450              	.LVL51:
  97:Module/screen/lcd.c ****     send_8bit_data(0x0F);
 451              		.loc 1 97 5 view .LVU65
 452 007e 0F20     		movs	r0, #15
 453 0080 FFF7FEFF 		bl	send_8bit_data
 454              	.LVL52:
  98:Module/screen/lcd.c ****     send_8bit_data(0x17);
 455              		.loc 1 98 5 view .LVU66
 456 0084 1720     		movs	r0, #23
 457 0086 FFF7FEFF 		bl	send_8bit_data
 458              	.LVL53:
  99:Module/screen/lcd.c ****     send_8bit_data(0x14);
 459              		.loc 1 99 5 view .LVU67
 460 008a 1420     		movs	r0, #20
 461 008c FFF7FEFF 		bl	send_8bit_data
 462              	.LVL54:
 100:Module/screen/lcd.c ****     send_8bit_data(0x09);
 463              		.loc 1 100 5 view .LVU68
 464 0090 0920     		movs	r0, #9
 465 0092 FFF7FEFF 		bl	send_8bit_data
 466              	.LVL55:
 101:Module/screen/lcd.c ****     send_8bit_data(0x0C);
 467              		.loc 1 101 5 view .LVU69
 468 0096 0C20     		movs	r0, #12
 469 0098 FFF7FEFF 		bl	send_8bit_data
 470              	.LVL56:
 102:Module/screen/lcd.c ****     send_8bit_data(0x06);
 471              		.loc 1 102 5 view .LVU70
 472 009c 0620     		movs	r0, #6
 473 009e FFF7FEFF 		bl	send_8bit_data
 474              	.LVL57:
 103:Module/screen/lcd.c ****     send_8bit_data(0x43);
 475              		.loc 1 103 5 view .LVU71
 476 00a2 4320     		movs	r0, #67
 477 00a4 FFF7FEFF 		bl	send_8bit_data
 478              	.LVL58:
 104:Module/screen/lcd.c ****     send_8bit_data(0x75);
 479              		.loc 1 104 5 view .LVU72
ARM GAS  C:\Users\YKESH~1\AppData\Local\Temp\ccPfVELJ.s 			page 11


 480 00a8 7520     		movs	r0, #117
 481 00aa FFF7FEFF 		bl	send_8bit_data
 482              	.LVL59:
 105:Module/screen/lcd.c ****     send_8bit_data(0x36);
 483              		.loc 1 105 5 view .LVU73
 484 00ae 3620     		movs	r0, #54
 485 00b0 FFF7FEFF 		bl	send_8bit_data
 486              	.LVL60:
 106:Module/screen/lcd.c ****     send_8bit_data(0x08);
 487              		.loc 1 106 5 view .LVU74
 488 00b4 0820     		movs	r0, #8
 489 00b6 FFF7FEFF 		bl	send_8bit_data
 490              	.LVL61:
 107:Module/screen/lcd.c ****     send_8bit_data(0x13);
 491              		.loc 1 107 5 view .LVU75
 492 00ba 1320     		movs	r0, #19
 493 00bc FFF7FEFF 		bl	send_8bit_data
 494              	.LVL62:
 108:Module/screen/lcd.c ****     send_8bit_data(0x05);
 495              		.loc 1 108 5 view .LVU76
 496 00c0 0520     		movs	r0, #5
 497 00c2 FFF7FEFF 		bl	send_8bit_data
 498              	.LVL63:
 109:Module/screen/lcd.c ****     send_8bit_data(0x10);
 499              		.loc 1 109 5 view .LVU77
 500 00c6 1020     		movs	r0, #16
 501 00c8 FFF7FEFF 		bl	send_8bit_data
 502              	.LVL64:
 110:Module/screen/lcd.c ****     send_8bit_data(0x0B);
 503              		.loc 1 110 5 view .LVU78
 504 00cc 0B20     		movs	r0, #11
 505 00ce FFF7FEFF 		bl	send_8bit_data
 506              	.LVL65:
 111:Module/screen/lcd.c ****     send_8bit_data(0x08);
 507              		.loc 1 111 5 view .LVU79
 508 00d2 0820     		movs	r0, #8
 509 00d4 FFF7FEFF 		bl	send_8bit_data
 510              	.LVL66:
 112:Module/screen/lcd.c **** 
 113:Module/screen/lcd.c ****     //negetive伽马校对
 114:Module/screen/lcd.c ****     send_comd(0xE1);
 511              		.loc 1 114 5 view .LVU80
 512 00d8 E120     		movs	r0, #225
 513 00da FFF7FEFF 		bl	send_comd
 514              	.LVL67:
 115:Module/screen/lcd.c ****     send_8bit_data(0x00);
 515              		.loc 1 115 5 view .LVU81
 516 00de 0020     		movs	r0, #0
 517 00e0 FFF7FEFF 		bl	send_8bit_data
 518              	.LVL68:
 116:Module/screen/lcd.c ****     send_8bit_data(0x1F);
 519              		.loc 1 116 5 view .LVU82
 520 00e4 1F20     		movs	r0, #31
 521 00e6 FFF7FEFF 		bl	send_8bit_data
 522              	.LVL69:
 117:Module/screen/lcd.c ****     send_8bit_data(0x23);
 523              		.loc 1 117 5 view .LVU83
ARM GAS  C:\Users\YKESH~1\AppData\Local\Temp\ccPfVELJ.s 			page 12


 524 00ea 2320     		movs	r0, #35
 525 00ec FFF7FEFF 		bl	send_8bit_data
 526              	.LVL70:
 118:Module/screen/lcd.c ****     send_8bit_data(0x03);
 527              		.loc 1 118 5 view .LVU84
 528 00f0 0320     		movs	r0, #3
 529 00f2 FFF7FEFF 		bl	send_8bit_data
 530              	.LVL71:
 119:Module/screen/lcd.c ****     send_8bit_data(0x0E);
 531              		.loc 1 119 5 view .LVU85
 532 00f6 0E20     		movs	r0, #14
 533 00f8 FFF7FEFF 		bl	send_8bit_data
 534              	.LVL72:
 120:Module/screen/lcd.c ****     send_8bit_data(0x04);
 535              		.loc 1 120 5 view .LVU86
 536 00fc 0420     		movs	r0, #4
 537 00fe FFF7FEFF 		bl	send_8bit_data
 538              	.LVL73:
 121:Module/screen/lcd.c ****     send_8bit_data(0x39);
 539              		.loc 1 121 5 view .LVU87
 540 0102 3920     		movs	r0, #57
 541 0104 FFF7FEFF 		bl	send_8bit_data
 542              	.LVL74:
 122:Module/screen/lcd.c ****     send_8bit_data(0x25);
 543              		.loc 1 122 5 view .LVU88
 544 0108 2520     		movs	r0, #37
 545 010a FFF7FEFF 		bl	send_8bit_data
 546              	.LVL75:
 123:Module/screen/lcd.c ****     send_8bit_data(0x4D);
 547              		.loc 1 123 5 view .LVU89
 548 010e 4D20     		movs	r0, #77
 549 0110 FFF7FEFF 		bl	send_8bit_data
 550              	.LVL76:
 124:Module/screen/lcd.c ****     send_8bit_data(0x06);
 551              		.loc 1 124 5 view .LVU90
 552 0114 0620     		movs	r0, #6
 553 0116 FFF7FEFF 		bl	send_8bit_data
 554              	.LVL77:
 125:Module/screen/lcd.c ****     send_8bit_data(0x0D);
 555              		.loc 1 125 5 view .LVU91
 556 011a 0D20     		movs	r0, #13
 557 011c FFF7FEFF 		bl	send_8bit_data
 558              	.LVL78:
 126:Module/screen/lcd.c ****     send_8bit_data(0x0B);
 559              		.loc 1 126 5 view .LVU92
 560 0120 0B20     		movs	r0, #11
 561 0122 FFF7FEFF 		bl	send_8bit_data
 562              	.LVL79:
 127:Module/screen/lcd.c ****     send_8bit_data(0x33);
 563              		.loc 1 127 5 view .LVU93
 564 0126 3320     		movs	r0, #51
 565 0128 FFF7FEFF 		bl	send_8bit_data
 566              	.LVL80:
 128:Module/screen/lcd.c ****     send_8bit_data(0x37);
 567              		.loc 1 128 5 view .LVU94
 568 012c 3720     		movs	r0, #55
 569 012e FFF7FEFF 		bl	send_8bit_data
ARM GAS  C:\Users\YKESH~1\AppData\Local\Temp\ccPfVELJ.s 			page 13


 570              	.LVL81:
 129:Module/screen/lcd.c ****     send_8bit_data(0x0F);
 571              		.loc 1 129 5 view .LVU95
 572 0132 0F20     		movs	r0, #15
 573 0134 FFF7FEFF 		bl	send_8bit_data
 574              	.LVL82:
 130:Module/screen/lcd.c **** 
 131:Module/screen/lcd.c ****     //display on
 132:Module/screen/lcd.c ****     send_comd(0x29);
 575              		.loc 1 132 5 view .LVU96
 576 0138 2920     		movs	r0, #41
 577 013a FFF7FEFF 		bl	send_comd
 578              	.LVL83:
 133:Module/screen/lcd.c **** }
 579              		.loc 1 133 1 is_stmt 0 view .LVU97
 580 013e 10BD     		pop	{r4, pc}
 581              	.L24:
 582              		.align	2
 583              	.L23:
 584 0140 00100240 		.word	1073876992
 585              		.cfi_endproc
 586              	.LFE241:
 588              		.section	.text.Lcd_DrawRectangle,"ax",%progbits
 589              		.align	1
 590              		.global	Lcd_DrawRectangle
 591              		.syntax unified
 592              		.thumb
 593              		.thumb_func
 595              	Lcd_DrawRectangle:
 596              	.LVL84:
 597              	.LFB242:
 134:Module/screen/lcd.c **** 
 135:Module/screen/lcd.c **** void Lcd_DrawRectangle(uint16_t xS, uint16_t yS, uint16_t xE, uint16_t yE, uint16_t color)
 136:Module/screen/lcd.c **** {
 598              		.loc 1 136 1 is_stmt 1 view -0
 599              		.cfi_startproc
 600              		@ args = 4, pretend = 0, frame = 0
 601              		@ frame_needed = 0, uses_anonymous_args = 0
 602              		.loc 1 136 1 is_stmt 0 view .LVU99
 603 0000 2DE9F047 		push	{r4, r5, r6, r7, r8, r9, r10, lr}
 604              	.LCFI13:
 605              		.cfi_def_cfa_offset 32
 606              		.cfi_offset 4, -32
 607              		.cfi_offset 5, -28
 608              		.cfi_offset 6, -24
 609              		.cfi_offset 7, -20
 610              		.cfi_offset 8, -16
 611              		.cfi_offset 9, -12
 612              		.cfi_offset 10, -8
 613              		.cfi_offset 14, -4
 614 0004 8246     		mov	r10, r0
 615 0006 0E46     		mov	r6, r1
 616 0008 9146     		mov	r9, r2
 617 000a 1D46     		mov	r5, r3
 618 000c BDF82070 		ldrh	r7, [sp, #32]
 137:Module/screen/lcd.c ****     set_window(xS, yS, xE, yE);
 619              		.loc 1 137 5 is_stmt 1 view .LVU100
ARM GAS  C:\Users\YKESH~1\AppData\Local\Temp\ccPfVELJ.s 			page 14


 620 0010 FFF7FEFF 		bl	set_window
 621              	.LVL85:
 138:Module/screen/lcd.c ****     for (uint8_t i = 0; i <= xE - xS; i++){
 622              		.loc 1 138 5 view .LVU101
 623              	.LBB2:
 624              		.loc 1 138 10 view .LVU102
 625              		.loc 1 138 18 is_stmt 0 view .LVU103
 626 0014 4FF00008 		mov	r8, #0
 627              		.loc 1 138 5 view .LVU104
 628 0018 0BE0     		b	.L26
 629              	.LVL86:
 630              	.L27:
 631              	.LBB3:
 139:Module/screen/lcd.c ****         for (uint8_t j = 0; j <= yE - yS; j++){
 140:Module/screen/lcd.c ****             send_16bit_data(color);
 632              		.loc 1 140 13 is_stmt 1 discriminator 3 view .LVU105
 633 001a 3846     		mov	r0, r7
 634 001c FFF7FEFF 		bl	send_16bit_data
 635              	.LVL87:
 139:Module/screen/lcd.c ****         for (uint8_t j = 0; j <= yE - yS; j++){
 636              		.loc 1 139 43 discriminator 3 view .LVU106
 139:Module/screen/lcd.c ****         for (uint8_t j = 0; j <= yE - yS; j++){
 637              		.loc 1 139 44 is_stmt 0 discriminator 3 view .LVU107
 638 0020 0134     		adds	r4, r4, #1
 639              	.LVL88:
 139:Module/screen/lcd.c ****         for (uint8_t j = 0; j <= yE - yS; j++){
 640              		.loc 1 139 44 discriminator 3 view .LVU108
 641 0022 E4B2     		uxtb	r4, r4
 642              	.LVL89:
 643              	.L28:
 139:Module/screen/lcd.c ****         for (uint8_t j = 0; j <= yE - yS; j++){
 644              		.loc 1 139 29 is_stmt 1 discriminator 1 view .LVU109
 139:Module/screen/lcd.c ****         for (uint8_t j = 0; j <= yE - yS; j++){
 645              		.loc 1 139 37 is_stmt 0 discriminator 1 view .LVU110
 646 0024 AB1B     		subs	r3, r5, r6
 139:Module/screen/lcd.c ****         for (uint8_t j = 0; j <= yE - yS; j++){
 647              		.loc 1 139 9 discriminator 1 view .LVU111
 648 0026 9C42     		cmp	r4, r3
 649 0028 F7DD     		ble	.L27
 650              	.LBE3:
 138:Module/screen/lcd.c ****     for (uint8_t i = 0; i <= xE - xS; i++){
 651              		.loc 1 138 39 is_stmt 1 discriminator 2 view .LVU112
 138:Module/screen/lcd.c ****     for (uint8_t i = 0; i <= xE - xS; i++){
 652              		.loc 1 138 40 is_stmt 0 discriminator 2 view .LVU113
 653 002a 08F10108 		add	r8, r8, #1
 654              	.LVL90:
 138:Module/screen/lcd.c ****     for (uint8_t i = 0; i <= xE - xS; i++){
 655              		.loc 1 138 40 discriminator 2 view .LVU114
 656 002e 5FFA88F8 		uxtb	r8, r8
 657              	.LVL91:
 658              	.L26:
 138:Module/screen/lcd.c ****     for (uint8_t i = 0; i <= xE - xS; i++){
 659              		.loc 1 138 25 is_stmt 1 discriminator 1 view .LVU115
 138:Module/screen/lcd.c ****     for (uint8_t i = 0; i <= xE - xS; i++){
 660              		.loc 1 138 33 is_stmt 0 discriminator 1 view .LVU116
 661 0032 A9EB0A03 		sub	r3, r9, r10
 138:Module/screen/lcd.c ****     for (uint8_t i = 0; i <= xE - xS; i++){
ARM GAS  C:\Users\YKESH~1\AppData\Local\Temp\ccPfVELJ.s 			page 15


 662              		.loc 1 138 5 discriminator 1 view .LVU117
 663 0036 9845     		cmp	r8, r3
 664 0038 01DC     		bgt	.L31
 665              	.LBB4:
 139:Module/screen/lcd.c ****         for (uint8_t j = 0; j <= yE - yS; j++){
 666              		.loc 1 139 22 view .LVU118
 667 003a 0024     		movs	r4, #0
 668 003c F2E7     		b	.L28
 669              	.L31:
 670              	.LBE4:
 671              	.LBE2:
 141:Module/screen/lcd.c ****         }
 142:Module/screen/lcd.c ****     }
 143:Module/screen/lcd.c **** }
 672              		.loc 1 143 1 view .LVU119
 673 003e BDE8F087 		pop	{r4, r5, r6, r7, r8, r9, r10, pc}
 674              		.loc 1 143 1 view .LVU120
 675              		.cfi_endproc
 676              	.LFE242:
 678              		.section	.text.Lcd_DrawChar,"ax",%progbits
 679              		.align	1
 680              		.global	Lcd_DrawChar
 681              		.syntax unified
 682              		.thumb
 683              		.thumb_func
 685              	Lcd_DrawChar:
 686              	.LVL92:
 687              	.LFB243:
 144:Module/screen/lcd.c **** 
 145:Module/screen/lcd.c **** void Lcd_DrawChar(uint8_t c, uint16_t x, uint16_t y, Font_Size size, Draw_Mode mode, uint16_t back_
 146:Module/screen/lcd.c **** {
 688              		.loc 1 146 1 is_stmt 1 view -0
 689              		.cfi_startproc
 690              		@ args = 12, pretend = 0, frame = 8
 691              		@ frame_needed = 0, uses_anonymous_args = 0
 692              		.loc 1 146 1 is_stmt 0 view .LVU122
 693 0000 2DE9F04F 		push	{r4, r5, r6, r7, r8, r9, r10, fp, lr}
 694              	.LCFI14:
 695              		.cfi_def_cfa_offset 36
 696              		.cfi_offset 4, -36
 697              		.cfi_offset 5, -32
 698              		.cfi_offset 6, -28
 699              		.cfi_offset 7, -24
 700              		.cfi_offset 8, -20
 701              		.cfi_offset 9, -16
 702              		.cfi_offset 10, -12
 703              		.cfi_offset 11, -8
 704              		.cfi_offset 14, -4
 705 0004 83B0     		sub	sp, sp, #12
 706              	.LCFI15:
 707              		.cfi_def_cfa_offset 48
 708 0006 8346     		mov	fp, r0
 709 0008 0846     		mov	r0, r1
 710              	.LVL93:
 711              		.loc 1 146 1 view .LVU123
 712 000a 1146     		mov	r1, r2
 713              	.LVL94:
ARM GAS  C:\Users\YKESH~1\AppData\Local\Temp\ccPfVELJ.s 			page 16


 714              		.loc 1 146 1 view .LVU124
 715 000c 1E46     		mov	r6, r3
 716 000e 9DF830A0 		ldrb	r10, [sp, #48]	@ zero_extendqisi2
 717 0012 BDF83430 		ldrh	r3, [sp, #52]
 718              	.LVL95:
 719              		.loc 1 146 1 view .LVU125
 720 0016 0193     		str	r3, [sp, #4]
 721 0018 BDF83830 		ldrh	r3, [sp, #56]
 722 001c 0093     		str	r3, [sp]
 147:Module/screen/lcd.c ****     uint16_t x_max = 8*size - 1;
 723              		.loc 1 147 5 is_stmt 1 view .LVU126
 724              		.loc 1 147 29 is_stmt 0 view .LVU127
 725 001e 4FEAC608 		lsl	r8, r6, #3
 726              		.loc 1 147 14 view .LVU128
 727 0022 08F1FF38 		add	r8, r8, #-1
 728 0026 1FFA88F8 		uxth	r8, r8
 729              	.LVL96:
 148:Module/screen/lcd.c ****     uint16_t y_max = 16*size - 1;
 730              		.loc 1 148 5 is_stmt 1 view .LVU129
 731              		.loc 1 148 30 is_stmt 0 view .LVU130
 732 002a 3701     		lsls	r7, r6, #4
 733              		.loc 1 148 14 view .LVU131
 734 002c 013F     		subs	r7, r7, #1
 735 002e BFB2     		uxth	r7, r7
 736              	.LVL97:
 149:Module/screen/lcd.c ****     uint8_t tem = 0;
 737              		.loc 1 149 5 is_stmt 1 view .LVU132
 150:Module/screen/lcd.c ****     set_window(x, y, x_max, y + y_max);
 738              		.loc 1 150 5 view .LVU133
 739 0030 BB18     		adds	r3, r7, r2
 740 0032 9BB2     		uxth	r3, r3
 741 0034 4246     		mov	r2, r8
 742              	.LVL98:
 743              		.loc 1 150 5 is_stmt 0 view .LVU134
 744 0036 FFF7FEFF 		bl	set_window
 745              	.LVL99:
 151:Module/screen/lcd.c ****     for (uint8_t j = 0; j <= y_max; j++){
 746              		.loc 1 151 5 is_stmt 1 view .LVU135
 747              	.LBB5:
 748              		.loc 1 151 10 view .LVU136
 749              		.loc 1 151 18 is_stmt 0 view .LVU137
 750 003a 0024     		movs	r4, #0
 751              	.LBE5:
 149:Module/screen/lcd.c ****     uint8_t tem = 0;
 752              		.loc 1 149 13 view .LVU138
 753 003c A146     		mov	r9, r4
 754              	.LBB7:
 755              		.loc 1 151 5 view .LVU139
 756 003e 08E0     		b	.L33
 757              	.LVL100:
 758              	.L44:
 152:Module/screen/lcd.c ****         if(size == c16) 
 153:Module/screen/lcd.c ****             tem = char_16[c - ASCII_OFFSET][j];
 759              		.loc 1 153 13 is_stmt 1 view .LVU140
 760              		.loc 1 153 29 is_stmt 0 view .LVU141
 761 0040 ABF12003 		sub	r3, fp, #32
 762              		.loc 1 153 17 view .LVU142
ARM GAS  C:\Users\YKESH~1\AppData\Local\Temp\ccPfVELJ.s 			page 17


 763 0044 124A     		ldr	r2, .L46
 764 0046 02EB0313 		add	r3, r2, r3, lsl #4
 765 004a 13F80490 		ldrb	r9, [r3, r4]	@ zero_extendqisi2
 766              	.LVL101:
 767              	.L35:
 151:Module/screen/lcd.c ****     for (uint8_t j = 0; j <= y_max; j++){
 768              		.loc 1 151 37 is_stmt 1 discriminator 2 view .LVU143
 151:Module/screen/lcd.c ****     for (uint8_t j = 0; j <= y_max; j++){
 769              		.loc 1 151 38 is_stmt 0 discriminator 2 view .LVU144
 770 004e 0134     		adds	r4, r4, #1
 771              	.LVL102:
 151:Module/screen/lcd.c ****     for (uint8_t j = 0; j <= y_max; j++){
 772              		.loc 1 151 38 discriminator 2 view .LVU145
 773 0050 E4B2     		uxtb	r4, r4
 774              	.LVL103:
 775              	.L33:
 151:Module/screen/lcd.c ****     for (uint8_t j = 0; j <= y_max; j++){
 776              		.loc 1 151 25 is_stmt 1 discriminator 1 view .LVU146
 151:Module/screen/lcd.c ****     for (uint8_t j = 0; j <= y_max; j++){
 777              		.loc 1 151 27 is_stmt 0 discriminator 1 view .LVU147
 778 0052 A3B2     		uxth	r3, r4
 151:Module/screen/lcd.c ****     for (uint8_t j = 0; j <= y_max; j++){
 779              		.loc 1 151 5 discriminator 1 view .LVU148
 780 0054 BB42     		cmp	r3, r7
 781 0056 17D8     		bhi	.L43
 152:Module/screen/lcd.c ****         if(size == c16) 
 782              		.loc 1 152 9 is_stmt 1 view .LVU149
 152:Module/screen/lcd.c ****         if(size == c16) 
 783              		.loc 1 152 11 is_stmt 0 view .LVU150
 784 0058 012E     		cmp	r6, #1
 785 005a F1D0     		beq	.L44
 154:Module/screen/lcd.c ****         else if(size == c32)
 786              		.loc 1 154 14 is_stmt 1 view .LVU151
 787              		.loc 1 154 16 is_stmt 0 view .LVU152
 788 005c 022E     		cmp	r6, #2
 789 005e F6D1     		bne	.L35
 790              	.LBB6:
 155:Module/screen/lcd.c ****             //tem = 
 156:Module/screen/lcd.c ****         for (uint8_t i = 0; i <= x_max; i++){
 791              		.loc 1 156 22 view .LVU153
 792 0060 0025     		movs	r5, #0
 793 0062 04E0     		b	.L36
 794              	.LVL104:
 795              	.L45:
 157:Module/screen/lcd.c ****             if(tem & 0x80){
 158:Module/screen/lcd.c ****                 send_16bit_data(font_color);
 796              		.loc 1 158 17 is_stmt 1 view .LVU154
 797 0064 0098     		ldr	r0, [sp]
 798 0066 FFF7FEFF 		bl	send_16bit_data
 799              	.LVL105:
 800              	.L38:
 156:Module/screen/lcd.c ****             if(tem & 0x80){
 801              		.loc 1 156 41 discriminator 2 view .LVU155
 156:Module/screen/lcd.c ****             if(tem & 0x80){
 802              		.loc 1 156 42 is_stmt 0 discriminator 2 view .LVU156
 803 006a 0135     		adds	r5, r5, #1
 804              	.LVL106:
ARM GAS  C:\Users\YKESH~1\AppData\Local\Temp\ccPfVELJ.s 			page 18


 156:Module/screen/lcd.c ****             if(tem & 0x80){
 805              		.loc 1 156 42 discriminator 2 view .LVU157
 806 006c EDB2     		uxtb	r5, r5
 807              	.LVL107:
 808              	.L36:
 156:Module/screen/lcd.c ****             if(tem & 0x80){
 809              		.loc 1 156 29 is_stmt 1 discriminator 1 view .LVU158
 156:Module/screen/lcd.c ****             if(tem & 0x80){
 810              		.loc 1 156 31 is_stmt 0 discriminator 1 view .LVU159
 811 006e ABB2     		uxth	r3, r5
 156:Module/screen/lcd.c ****             if(tem & 0x80){
 812              		.loc 1 156 9 discriminator 1 view .LVU160
 813 0070 4345     		cmp	r3, r8
 814 0072 ECD8     		bhi	.L35
 157:Module/screen/lcd.c ****             if(tem & 0x80){
 815              		.loc 1 157 13 is_stmt 1 view .LVU161
 157:Module/screen/lcd.c ****             if(tem & 0x80){
 816              		.loc 1 157 15 is_stmt 0 view .LVU162
 817 0074 19F0800F 		tst	r9, #128
 818 0078 F4D1     		bne	.L45
 159:Module/screen/lcd.c ****             }
 160:Module/screen/lcd.c ****             else {
 161:Module/screen/lcd.c ****                 if(mode) send_16bit_data(back_color); //overlay模式，底色也写入
 819              		.loc 1 161 17 is_stmt 1 view .LVU163
 820              		.loc 1 161 19 is_stmt 0 view .LVU164
 821 007a BAF1000F 		cmp	r10, #0
 822 007e F4D0     		beq	.L38
 823              		.loc 1 161 26 is_stmt 1 discriminator 1 view .LVU165
 824 0080 0198     		ldr	r0, [sp, #4]
 825 0082 FFF7FEFF 		bl	send_16bit_data
 826              	.LVL108:
 827 0086 F0E7     		b	.L38
 828              	.LVL109:
 829              	.L43:
 830              		.loc 1 161 26 is_stmt 0 discriminator 1 view .LVU166
 831              	.LBE6:
 832              	.LBE7:
 162:Module/screen/lcd.c ****             }
 163:Module/screen/lcd.c ****         }
 164:Module/screen/lcd.c ****     }
 165:Module/screen/lcd.c **** 
 166:Module/screen/lcd.c **** }
 833              		.loc 1 166 1 view .LVU167
 834 0088 03B0     		add	sp, sp, #12
 835              	.LCFI16:
 836              		.cfi_def_cfa_offset 36
 837              		@ sp needed
 838 008a BDE8F08F 		pop	{r4, r5, r6, r7, r8, r9, r10, fp, pc}
 839              	.LVL110:
 840              	.L47:
 841              		.loc 1 166 1 view .LVU168
 842 008e 00BF     		.align	2
 843              	.L46:
 844 0090 00000000 		.word	.LANCHOR0
 845              		.cfi_endproc
 846              	.LFE243:
 848              		.section	.text.Lcd_DrawChinese,"ax",%progbits
ARM GAS  C:\Users\YKESH~1\AppData\Local\Temp\ccPfVELJ.s 			page 19


 849              		.align	1
 850              		.global	Lcd_DrawChinese
 851              		.syntax unified
 852              		.thumb
 853              		.thumb_func
 855              	Lcd_DrawChinese:
 856              	.LVL111:
 857              	.LFB244:
 167:Module/screen/lcd.c **** 
 168:Module/screen/lcd.c **** void Lcd_DrawChinese(uint16_t c, uint16_t x, uint16_t y)
 169:Module/screen/lcd.c **** {
 858              		.loc 1 169 1 is_stmt 1 view -0
 859              		.cfi_startproc
 860              		@ args = 0, pretend = 0, frame = 0
 861              		@ frame_needed = 0, uses_anonymous_args = 0
 862              		@ link register save eliminated.
 170:Module/screen/lcd.c **** 
 171:Module/screen/lcd.c **** }...
 863              		.loc 1 171 1 view .LVU170
 864 0000 7047     		bx	lr
 865              		.cfi_endproc
 866              	.LFE244:
 868              		.section	.rodata.char_16,"a"
 869              		.align	2
 870              		.set	.LANCHOR0,. + 0
 873              	char_16:
 874 0000 00000000 		.ascii	"\000\000\000\000\000\000\000\000\000\000\000\000\000"
 874      00000000 
 874      00000000 
 874      00
 875 000d 000000   		.ascii	"\000\000\000"
 876 0010 00000008 		.ascii	"\000\000\000\010\010\010\010\010\010\010\000\000\030"
 876      08080808 
 876      08080000 
 876      18
 877 001d 180000   		.ascii	"\030\000\000"
 878 0020 00486C24 		.ascii	"\000Hl$\022\000\000\000\000\000\000\000\000\000\000"
 878      12000000 
 878      00000000 
 878      000000
 879 002f 00       		.ascii	"\000"
 880 0030 00000024 		.ascii	"\000\000\000$$$\177\022\022\022\177\022\022\022\000"
 880      24247F12 
 880      12127F12 
 880      121200
 881 003f 00       		.ascii	"\000"
 882 0040 0000081C 		.ascii	"\000\000\010\034**\012\014\030((**\034\010\010"
 882      2A2A0A0C 
 882      1828282A 
 882      2A1C0808 
 883 0050 00000022 		.ascii	"\000\000\000\"%\025\025\025*XTTT\"\000\000"
 883      25151515 
 883      2A585454 
 883      54220000 
 884 0060 0000000C 		.ascii	"\000\000\000\014\022\022\022\012v%)\021\221n\000\000"
 884      1212120A 
 884      76252911 
ARM GAS  C:\Users\YKESH~1\AppData\Local\Temp\ccPfVELJ.s 			page 20


 884      916E0000 
 885 0070 00060604 		.ascii	"\000\006\006\004\003\000\000\000\000\000\000\000\000"
 885      03000000 
 885      00000000 
 885      00
 886 007d 000000   		.ascii	"\000\000\000"
 887 0080 00402010 		.ascii	"\000@ \020\020\010\010\010\010\010\010\020\020 @\000"
 887      10080808 
 887      08080810 
 887      10204000 
 888 0090 00020408 		.ascii	"\000\002\004\010\010\020\020\020\020\020\020\010\010"
 888      08101010 
 888      10101008 
 888      08
 889 009d 040200   		.ascii	"\004\002\000"
 890 00a0 00000000 		.ascii	"\000\000\000\000\010\010k\034\034k\010\010\000\000\000"
 890      08086B1C 
 890      1C6B0808 
 890      000000
 891 00af 00       		.ascii	"\000"
 892 00b0 00000000 		.ascii	"\000\000\000\000\010\010\010\010\177\010\010\010\010"
 892      08080808 
 892      7F080808 
 892      08
 893 00bd 000000   		.ascii	"\000\000\000"
 894 00c0 00000000 		.ascii	"\000\000\000\000\000\000\000\000\000\000\000\000\006"
 894      00000000 
 894      00000000 
 894      06
 895 00cd 060403   		.ascii	"\006\004\003"
 896 00d0 00000000 		.ascii	"\000\000\000\000\000\000\000\000\376\000\000\000\000"
 896      00000000 
 896      FE000000 
 896      00
 897 00dd 000000   		.ascii	"\000\000\000"
 898 00e0 00000000 		.ascii	"\000\000\000\000\000\000\000\000\000\000\000\000\006"
 898      00000000 
 898      00000000 
 898      06
 899 00ed 060000   		.ascii	"\006\000\000"
 900 00f0 00008040 		.ascii	"\000\000\200@@  \020\020\010\010\004\004\002\002\000"
 900      40202010 
 900      10080804 
 900      04020200 
 901 0100 00000018 		.ascii	"\000\000\000\030$BBBBBBB$\030\000\000"
 901      24424242 
 901      42424242 
 901      24180000 
 902 0110 00000008 		.ascii	"\000\000\000\010\016\010\010\010\010\010\010\010\010"
 902      0E080808 
 902      08080808 
 902      08
 903 011d 3E0000   		.ascii	">\000\000"
 904 0120 0000003C 		.ascii	"\000\000\000<BBB  \020\010\004B~\000\000"
 904      42424220 
 904      20100804 
 904      427E0000 
ARM GAS  C:\Users\YKESH~1\AppData\Local\Temp\ccPfVELJ.s 			page 21


 905 0130 0000003C 		.ascii	"\000\000\000<BB \030 @@B\"\034\000\000"
 905      42422018 
 905      20404042 
 905      221C0000 
 906 0140 00000020 		.ascii	"\000\000\000 0($$\"\"~  x\000\000"
 906      30282424 
 906      22227E20 
 906      20780000 
 907 0150 0000007E 		.ascii	"\000\000\000~\002\002\002\032&@@B\"\034\000\000"
 907      0202021A 
 907      26404042 
 907      221C0000 
 908 0160 00000038 		.ascii	"\000\000\0008$\002\002\032&BBB$\030\000\000"
 908      2402021A 
 908      26424242 
 908      24180000 
 909 0170 0000007E 		.ascii	"\000\000\000~\"\"\020\020\010\010\010\010\010\010\000"
 909      22221010 
 909      08080808 
 909      080800
 910 017f 00       		.ascii	"\000"
 911 0180 0000003C 		.ascii	"\000\000\000<BBB$\030$BBB<\000\000"
 911      42424224 
 911      18244242 
 911      423C0000 
 912 0190 00000018 		.ascii	"\000\000\000\030$BBBdX@@$\034\000\000"
 912      24424242 
 912      64584040 
 912      241C0000 
 913 01a0 00000000 		.ascii	"\000\000\000\000\000\000\030\030\000\000\000\000\030"
 913      00001818 
 913      00000000 
 913      18
 914 01ad 180000   		.ascii	"\030\000\000"
 915 01b0 00000000 		.ascii	"\000\000\000\000\000\000\000\010\000\000\000\000\000"
 915      00000008 
 915      00000000 
 915      00
 916 01bd 080804   		.ascii	"\010\010\004"
 917 01c0 00000040 		.ascii	"\000\000\000@ \020\010\004\002\004\010\020 @\000\000"
 917      20100804 
 917      02040810 
 917      20400000 
 918 01d0 00000000 		.ascii	"\000\000\000\000\000\000\177\000\000\000\177\000\000"
 918      00007F00 
 918      00007F00 
 918      00
 919 01dd 000000   		.ascii	"\000\000\000"
 920 01e0 00000002 		.ascii	"\000\000\000\002\004\010\020 @ \020\010\004\002\000"
 920      04081020 
 920      40201008 
 920      040200
 921 01ef 00       		.ascii	"\000"
 922 01f0 0000003C 		.ascii	"\000\000\000<BBF@ \020\020\000\030\030\000\000"
 922      42424640 
 922      20101000 
 922      18180000 
ARM GAS  C:\Users\YKESH~1\AppData\Local\Temp\ccPfVELJ.s 			page 22


 923 0200 0000001C 		.ascii	"\000\000\000\034\"ZUUUU-B\"\034\000\000"
 923      225A5555 
 923      55552D42 
 923      221C0000 
 924 0210 00000008 		.ascii	"\000\000\000\010\010\030\024\024$<\"BB\347\000\000"
 924      08181414 
 924      243C2242 
 924      42E70000 
 925 0220 0000001F 		.ascii	"\000\000\000\037\"\"\"\036\"BBB\"\037\000\000"
 925      2222221E 
 925      22424242 
 925      221F0000 
 926 0230 0000007C 		.ascii	"\000\000\000|BB\001\001\001\001\001B\"\034\000\000"
 926      42420101 
 926      01010142 
 926      221C0000 
 927 0240 0000001F 		.ascii	"\000\000\000\037\"BBBBBBB\"\037\000\000"
 927      22424242 
 927      42424242 
 927      221F0000 
 928 0250 0000003F 		.ascii	"\000\000\000?B\022\022\036\022\022\002BB?\000\000"
 928      4212121E 
 928      12120242 
 928      423F0000 
 929 0260 0000003F 		.ascii	"\000\000\000?B\022\022\036\022\022\002\002\002\007\000"
 929      4212121E 
 929      12120202 
 929      020700
 930 026f 00       		.ascii	"\000"
 931 0270 0000003C 		.ascii	"\000\000\000<\"\"\001\001\001q!\"\"\034\000\000"
 931      22220101 
 931      01712122 
 931      221C0000 
 932 0280 000000E7 		.ascii	"\000\000\000\347BBBB~BBBB\347\000\000"
 932      42424242 
 932      7E424242 
 932      42E70000 
 933 0290 0000003E 		.ascii	"\000\000\000>\010\010\010\010\010\010\010\010\010>\000"
 933      08080808 
 933      08080808 
 933      083E00
 934 029f 00       		.ascii	"\000"
 935 02a0 0000007C 		.ascii	"\000\000\000|\020\020\020\020\020\020\020\020\020\020"
 935      10101010 
 935      10101010 
 935      1010
 936 02ae 110F     		.ascii	"\021\017"
 937 02b0 00000077 		.ascii	"\000\000\000w\"\022\012\016\012\022\022\"\"w\000\000"
 937      22120A0E 
 937      0A121222 
 937      22770000 
 938 02c0 00000007 		.ascii	"\000\000\000\007\002\002\002\002\002\002\002\002B\177"
 938      02020202 
 938      02020202 
 938      427F
 939 02ce 0000     		.ascii	"\000\000"
 940 02d0 00000077 		.ascii	"\000\000\000w6666*****k\000\000"
ARM GAS  C:\Users\YKESH~1\AppData\Local\Temp\ccPfVELJ.s 			page 23


 940      36363636 
 940      2A2A2A2A 
 940      2A6B0000 
 941 02e0 000000E3 		.ascii	"\000\000\000\343FFJJRRRbbG\000\000"
 941      46464A4A 
 941      52525262 
 941      62470000 
 942 02f0 0000001C 		.ascii	"\000\000\000\034\"AAAAAAA\"\034\000\000"
 942      22414141 
 942      41414141 
 942      221C0000 
 943 0300 0000003F 		.ascii	"\000\000\000?BBBB>\002\002\002\002\007\000\000"
 943      42424242 
 943      3E020202 
 943      02070000 
 944 0310 0000001C 		.ascii	"\000\000\000\034\"AAAAAMS2\034`\000"
 944      22414141 
 944      41414D53 
 944      321C6000 
 945 0320 0000003F 		.ascii	"\000\000\000?BBB>\022\022\"\"B\307\000\000"
 945      4242423E 
 945      12122222 
 945      42C70000 
 946 0330 0000007C 		.ascii	"\000\000\000|BB\002\004\030 @BB>\000\000"
 946      42420204 
 946      18204042 
 946      423E0000 
 947 0340 0000007F 		.ascii	"\000\000\000\177I\010\010\010\010\010\010\010\010\034"
 947      49080808 
 947      08080808 
 947      081C
 948 034e 0000     		.ascii	"\000\000"
 949 0350 000000E7 		.ascii	"\000\000\000\347BBBBBBBBB<\000\000"
 949      42424242 
 949      42424242 
 949      423C0000 
 950 0360 000000E7 		.ascii	"\000\000\000\347BB\"$$\024\024\030\010\010\000\000"
 950      42422224 
 950      24141418 
 950      08080000 
 951 0370 0000006B 		.ascii	"\000\000\000kIIIIUU6\"\"\"\000\000"
 951      49494949 
 951      55553622 
 951      22220000 
 952 0380 000000E7 		.ascii	"\000\000\000\347B$$\030\030\030$$B\347\000\000"
 952      42242418 
 952      18182424 
 952      42E70000 
 953 0390 00000077 		.ascii	"\000\000\000w\"\"\024\024\010\010\010\010\010\034\000"
 953      22221414 
 953      08080808 
 953      081C00
 954 039f 00       		.ascii	"\000"
 955 03a0 0000007E 		.ascii	"\000\000\000~! \020\020\010\004\004BB?\000\000"
 955      21201010 
 955      08040442 
 955      423F0000 
ARM GAS  C:\Users\YKESH~1\AppData\Local\Temp\ccPfVELJ.s 			page 24


 956 03b0 00780808 		.ascii	"\000x\010\010\010\010\010\010\010\010\010\010\010\010"
 956      08080808 
 956      08080808 
 956      0808
 957 03be 7800     		.ascii	"x\000"
 958 03c0 00000202 		.ascii	"\000\000\002\002\004\004\010\010\010\020\020   @@"
 958      04040808 
 958      08101020 
 958      20204040 
 959 03d0 001E1010 		.ascii	"\000\036\020\020\020\020\020\020\020\020\020\020\020"
 959      10101010 
 959      10101010 
 959      10
 960 03dd 101E00   		.ascii	"\020\036\000"
 961 03e0 00384400 		.ascii	"\0008D\000\000\000\000\000\000\000\000\000\000\000\000"
 961      00000000 
 961      00000000 
 961      000000
 962 03ef 00       		.ascii	"\000"
 963 03f0 00000000 		.ascii	"\000\000\000\000\000\000\000\000\000\000\000\000\000"
 963      00000000 
 963      00000000 
 963      00
 964 03fd 0000FF   		.ascii	"\000\000\377"
 965 0400 00060800 		.ascii	"\000\006\010\000\000\000\000\000\000\000\000\000\000"
 965      00000000 
 965      00000000 
 965      00
 966 040d 000000   		.ascii	"\000\000\000"
 967 0410 00000000 		.ascii	"\000\000\000\000\000\000\000<BxDBB\374\000\000"
 967      0000003C 
 967      42784442 
 967      42FC0000 
 968 0420 00000003 		.ascii	"\000\000\000\003\002\002\002\032&BBB&\032\000\000"
 968      0202021A 
 968      26424242 
 968      261A0000 
 969 0430 00000000 		.ascii	"\000\000\000\000\000\000\0008D\002\002\002D8\000\000"
 969      00000038 
 969      44020202 
 969      44380000 
 970 0440 00000060 		.ascii	"\000\000\000`@@@xDBBBd\330\000\000"
 970      40404078 
 970      44424242 
 970      64D80000 
 971 0450 00000000 		.ascii	"\000\000\000\000\000\000\000<B~\002\002B<\000\000"
 971      0000003C 
 971      427E0202 
 971      423C0000 
 972 0460 000000F0 		.ascii	"\000\000\000\360\210\010\010~\010\010\010\010\010>\000"
 972      8808087E 
 972      08080808 
 972      083E00
 973 046f 00       		.ascii	"\000"
 974 0470 00000000 		.ascii	"\000\000\000\000\000\000\000|\"\"\034\002<BB<"
 974      0000007C 
 974      22221C02 
ARM GAS  C:\Users\YKESH~1\AppData\Local\Temp\ccPfVELJ.s 			page 25


 974      3C42423C 
 975 0480 00000003 		.ascii	"\000\000\000\003\002\002\002:FBBBB\347\000\000"
 975      0202023A 
 975      46424242 
 975      42E70000 
 976 0490 0000000C 		.ascii	"\000\000\000\014\014\000\000\016\010\010\010\010\010"
 976      0C00000E 
 976      08080808 
 976      08
 977 049d 3E0000   		.ascii	">\000\000"
 978 04a0 00000030 		.ascii	"\000\000\00000\000\0008      \"\036"
 978      30000038 
 978      20202020 
 978      2020221E 
 979 04b0 00000003 		.ascii	"\000\000\000\003\002\002\002r\022\012\026\022\"w\000"
 979      02020272 
 979      120A1612 
 979      227700
 980 04bf 00       		.ascii	"\000"
 981 04c0 0000000E 		.ascii	"\000\000\000\016\010\010\010\010\010\010\010\010\010"
 981      08080808 
 981      08080808 
 981      08
 982 04cd 3E0000   		.ascii	">\000\000"
 983 04d0 00000000 		.ascii	"\000\000\000\000\000\000\000\177\222\222\222\222\222"
 983      0000007F 
 983      92929292 
 983      92
 984 04dd B70000   		.ascii	"\267\000\000"
 985 04e0 00000000 		.ascii	"\000\000\000\000\000\000\000;FBBBB\347\000\000"
 985      0000003B 
 985      46424242 
 985      42E70000 
 986 04f0 00000000 		.ascii	"\000\000\000\000\000\000\000<BBBBB<\000\000"
 986      0000003C 
 986      42424242 
 986      423C0000 
 987 0500 00000000 		.ascii	"\000\000\000\000\000\000\000\033&BBB\"\036\002\007"
 987      0000001B 
 987      26424242 
 987      221E0207 
 988 0510 00000000 		.ascii	"\000\000\000\000\000\000\000xDBBBDx@\340"
 988      00000078 
 988      44424242 
 988      447840E0 
 989 0520 00000000 		.ascii	"\000\000\000\000\000\000\000wL\004\004\004\004\037\000"
 989      00000077 
 989      4C040404 
 989      041F00
 990 052f 00       		.ascii	"\000"
 991 0530 00000000 		.ascii	"\000\000\000\000\000\000\000|B\002<@B>\000\000"
 991      0000007C 
 991      42023C40 
 991      423E0000 
 992 0540 00000000 		.ascii	"\000\000\000\000\000\010\010>\010\010\010\010\0100\000"
 992      0008083E 
 992      08080808 
ARM GAS  C:\Users\YKESH~1\AppData\Local\Temp\ccPfVELJ.s 			page 26


 992      083000
 993 054f 00       		.ascii	"\000"
 994 0550 00000000 		.ascii	"\000\000\000\000\000\000\000cBBBBb\334\000\000"
 994      00000063 
 994      42424242 
 994      62DC0000 
 995 0560 00000000 		.ascii	"\000\000\000\000\000\000\000\347B$$\024\010\010\000"
 995      000000E7 
 995      42242414 
 995      080800
 996 056f 00       		.ascii	"\000"
 997 0570 00000000 		.ascii	"\000\000\000\000\000\000\000\353IIUU\"\"\000\000"
 997      000000EB 
 997      49495555 
 997      22220000 
 998 0580 00000000 		.ascii	"\000\000\000\000\000\000\000v$\030\030\030$n\000\000"
 998      00000076 
 998      24181818 
 998      246E0000 
 999 0590 00000000 		.ascii	"\000\000\000\000\000\000\000\347B$$\024\030\010\010"
 999      000000E7 
 999      42242414 
 999      180808
 1000 059f 07       		.ascii	"\007"
 1001 05a0 00000000 		.ascii	"\000\000\000\000\000\000\000~\"\020\010\010D~\000\000"
 1001      0000007E 
 1001      22100808 
 1001      447E0000 
 1002 05b0 00C02020 		.ascii	"\000\300     \020      \300\000"
 1002      20202010 
 1002      20202020 
 1002      2020C000 
 1003 05c0 10101010 		.ascii	"\020\020\020\020\020\020\020\020\020\020\020\020\020"
 1003      10101010 
 1003      10101010 
 1003      10
 1004 05cd 101010   		.ascii	"\020\020\020"
 1005 05d0 00060808 		.ascii	"\000\006\010\010\010\010\010\020\010\010\010\010\010"
 1005      08080810 
 1005      08080808 
 1005      08
 1006 05dd 080600   		.ascii	"\010\006\000"
 1007 05e0 0C32C200 		.ascii	"\0142\302\000\000\000\000\000\000\000\000\000\000\000"
 1007      00000000 
 1007      00000000 
 1007      0000
 1008 05ee 0000     		.ascii	"\000\000"
 1009              		.text
 1010              	.Letext0:
 1011              		.file 2 "d:\\program files\\gnu arm embedded toolchain\\10 2021.10\\arm-none-eabi\\include\\machin
 1012              		.file 3 "d:\\program files\\gnu arm embedded toolchain\\10 2021.10\\arm-none-eabi\\include\\sys\\_
 1013              		.file 4 "Module/screen/font.h"
 1014              		.file 5 "Module/screen/lcd.h"
 1015              		.file 6 "Drivers/CMSIS/Device/ST/STM32F4xx/Include/stm32f407xx.h"
 1016              		.file 7 "Drivers/STM32F4xx_HAL_Driver/Inc/stm32f4xx_hal_gpio.h"
 1017              		.file 8 "backup/Inc/myfunc.h"
 1018              		.file 9 "bsp/Inc/bsp_spi.h"
ARM GAS  C:\Users\YKESH~1\AppData\Local\Temp\ccPfVELJ.s 			page 27


ARM GAS  C:\Users\YKESH~1\AppData\Local\Temp\ccPfVELJ.s 			page 28


DEFINED SYMBOLS
                            *ABS*:00000000 lcd.c
C:\Users\YKESH~1\AppData\Local\Temp\ccPfVELJ.s:20     .text.send_8bit_data:00000000 $t
C:\Users\YKESH~1\AppData\Local\Temp\ccPfVELJ.s:26     .text.send_8bit_data:00000000 send_8bit_data
C:\Users\YKESH~1\AppData\Local\Temp\ccPfVELJ.s:80     .text.send_8bit_data:0000003c $d
C:\Users\YKESH~1\AppData\Local\Temp\ccPfVELJ.s:85     .text.send_16bit_data:00000000 $t
C:\Users\YKESH~1\AppData\Local\Temp\ccPfVELJ.s:91     .text.send_16bit_data:00000000 send_16bit_data
C:\Users\YKESH~1\AppData\Local\Temp\ccPfVELJ.s:144    .text.send_16bit_data:0000003c $d
C:\Users\YKESH~1\AppData\Local\Temp\ccPfVELJ.s:149    .text.send_comd:00000000 $t
C:\Users\YKESH~1\AppData\Local\Temp\ccPfVELJ.s:155    .text.send_comd:00000000 send_comd
C:\Users\YKESH~1\AppData\Local\Temp\ccPfVELJ.s:208    .text.send_comd:0000003c $d
C:\Users\YKESH~1\AppData\Local\Temp\ccPfVELJ.s:213    .text.lcd_reset:00000000 $t
C:\Users\YKESH~1\AppData\Local\Temp\ccPfVELJ.s:219    .text.lcd_reset:00000000 lcd_reset
C:\Users\YKESH~1\AppData\Local\Temp\ccPfVELJ.s:256    .text.lcd_reset:0000002c $d
C:\Users\YKESH~1\AppData\Local\Temp\ccPfVELJ.s:261    .text.set_window:00000000 $t
C:\Users\YKESH~1\AppData\Local\Temp\ccPfVELJ.s:267    .text.set_window:00000000 set_window
C:\Users\YKESH~1\AppData\Local\Temp\ccPfVELJ.s:324    .text.set_cursor:00000000 $t
C:\Users\YKESH~1\AppData\Local\Temp\ccPfVELJ.s:330    .text.set_cursor:00000000 set_cursor
C:\Users\YKESH~1\AppData\Local\Temp\ccPfVELJ.s:354    .text.Lcd_Init:00000000 $t
C:\Users\YKESH~1\AppData\Local\Temp\ccPfVELJ.s:360    .text.Lcd_Init:00000000 Lcd_Init
C:\Users\YKESH~1\AppData\Local\Temp\ccPfVELJ.s:584    .text.Lcd_Init:00000140 $d
C:\Users\YKESH~1\AppData\Local\Temp\ccPfVELJ.s:589    .text.Lcd_DrawRectangle:00000000 $t
C:\Users\YKESH~1\AppData\Local\Temp\ccPfVELJ.s:595    .text.Lcd_DrawRectangle:00000000 Lcd_DrawRectangle
C:\Users\YKESH~1\AppData\Local\Temp\ccPfVELJ.s:679    .text.Lcd_DrawChar:00000000 $t
C:\Users\YKESH~1\AppData\Local\Temp\ccPfVELJ.s:685    .text.Lcd_DrawChar:00000000 Lcd_DrawChar
C:\Users\YKESH~1\AppData\Local\Temp\ccPfVELJ.s:844    .text.Lcd_DrawChar:00000090 $d
C:\Users\YKESH~1\AppData\Local\Temp\ccPfVELJ.s:849    .text.Lcd_DrawChinese:00000000 $t
C:\Users\YKESH~1\AppData\Local\Temp\ccPfVELJ.s:855    .text.Lcd_DrawChinese:00000000 Lcd_DrawChinese
C:\Users\YKESH~1\AppData\Local\Temp\ccPfVELJ.s:869    .rodata.char_16:00000000 $d
C:\Users\YKESH~1\AppData\Local\Temp\ccPfVELJ.s:873    .rodata.char_16:00000000 char_16

UNDEFINED SYMBOLS
HAL_GPIO_WritePin
BSP_SPI_Transmit
delay_ms
