ARM GAS  C:\Users\YKESH~1\AppData\Local\Temp\cc1HYEtH.s 			page 1


   1              		.cpu cortex-m4
   2              		.arch armv7e-m
   3              		.fpu fpv4-sp-d16
   4              		.eabi_attribute 27, 1
   5              		.eabi_attribute 28, 1
   6              		.eabi_attribute 20, 1
   7              		.eabi_attribute 21, 1
   8              		.eabi_attribute 23, 3
   9              		.eabi_attribute 24, 1
  10              		.eabi_attribute 25, 1
  11              		.eabi_attribute 26, 1
  12              		.eabi_attribute 30, 1
  13              		.eabi_attribute 34, 1
  14              		.eabi_attribute 18, 4
  15              		.file	"spi.c"
  16              		.text
  17              	.Ltext0:
  18              		.cfi_sections	.debug_frame
  19              		.section	.text.MX_SPI1_Init,"ax",%progbits
  20              		.align	1
  21              		.global	MX_SPI1_Init
  22              		.syntax unified
  23              		.thumb
  24              		.thumb_func
  26              	MX_SPI1_Init:
  27              	.LFB235:
  28              		.file 1 "Core/Src/spi.c"
   1:Core/Src/spi.c **** /* USER CODE BEGIN Header */
   2:Core/Src/spi.c **** /**
   3:Core/Src/spi.c ****   ******************************************************************************
   4:Core/Src/spi.c ****   * @file    spi.c
   5:Core/Src/spi.c ****   * @brief   This file provides code for the configuration
   6:Core/Src/spi.c ****   *          of the SPI instances.
   7:Core/Src/spi.c ****   ******************************************************************************
   8:Core/Src/spi.c ****   * @attention
   9:Core/Src/spi.c ****   *
  10:Core/Src/spi.c ****   * Copyright (c) 2023 STMicroelectronics.
  11:Core/Src/spi.c ****   * All rights reserved.
  12:Core/Src/spi.c ****   *
  13:Core/Src/spi.c ****   * This software is licensed under terms that can be found in the LICENSE file
  14:Core/Src/spi.c ****   * in the root directory of this software component.
  15:Core/Src/spi.c ****   * If no LICENSE file comes with this software, it is provided AS-IS.
  16:Core/Src/spi.c ****   *
  17:Core/Src/spi.c ****   ******************************************************************************
  18:Core/Src/spi.c ****   */
  19:Core/Src/spi.c **** /* USER CODE END Header */
  20:Core/Src/spi.c **** /* Includes ------------------------------------------------------------------*/
  21:Core/Src/spi.c **** #include "spi.h"
  22:Core/Src/spi.c **** 
  23:Core/Src/spi.c **** /* USER CODE BEGIN 0 */
  24:Core/Src/spi.c **** 
  25:Core/Src/spi.c **** /* USER CODE END 0 */
  26:Core/Src/spi.c **** 
  27:Core/Src/spi.c **** SPI_HandleTypeDef hspi1;
  28:Core/Src/spi.c **** DMA_HandleTypeDef hdma_spi1_tx;
  29:Core/Src/spi.c **** DMA_HandleTypeDef hdma_spi1_rx;
  30:Core/Src/spi.c **** 
ARM GAS  C:\Users\YKESH~1\AppData\Local\Temp\cc1HYEtH.s 			page 2


  31:Core/Src/spi.c **** /* SPI1 init function */
  32:Core/Src/spi.c **** void MX_SPI1_Init(void)
  33:Core/Src/spi.c **** {
  29              		.loc 1 33 1 view -0
  30              		.cfi_startproc
  31              		@ args = 0, pretend = 0, frame = 0
  32              		@ frame_needed = 0, uses_anonymous_args = 0
  33 0000 08B5     		push	{r3, lr}
  34              	.LCFI0:
  35              		.cfi_def_cfa_offset 8
  36              		.cfi_offset 3, -8
  37              		.cfi_offset 14, -4
  34:Core/Src/spi.c **** 
  35:Core/Src/spi.c ****   /* USER CODE BEGIN SPI1_Init 0 */
  36:Core/Src/spi.c **** 
  37:Core/Src/spi.c ****   /* USER CODE END SPI1_Init 0 */
  38:Core/Src/spi.c **** 
  39:Core/Src/spi.c ****   /* USER CODE BEGIN SPI1_Init 1 */
  40:Core/Src/spi.c **** 
  41:Core/Src/spi.c ****   /* USER CODE END SPI1_Init 1 */
  42:Core/Src/spi.c ****   hspi1.Instance = SPI1;
  38              		.loc 1 42 3 view .LVU1
  39              		.loc 1 42 18 is_stmt 0 view .LVU2
  40 0002 0D48     		ldr	r0, .L5
  41 0004 0D4B     		ldr	r3, .L5+4
  42 0006 0360     		str	r3, [r0]
  43:Core/Src/spi.c ****   hspi1.Init.Mode = SPI_MODE_MASTER;
  43              		.loc 1 43 3 is_stmt 1 view .LVU3
  44              		.loc 1 43 19 is_stmt 0 view .LVU4
  45 0008 4FF48273 		mov	r3, #260
  46 000c 4360     		str	r3, [r0, #4]
  44:Core/Src/spi.c ****   hspi1.Init.Direction = SPI_DIRECTION_2LINES;
  47              		.loc 1 44 3 is_stmt 1 view .LVU5
  48              		.loc 1 44 24 is_stmt 0 view .LVU6
  49 000e 0023     		movs	r3, #0
  50 0010 8360     		str	r3, [r0, #8]
  45:Core/Src/spi.c ****   hspi1.Init.DataSize = SPI_DATASIZE_8BIT;
  51              		.loc 1 45 3 is_stmt 1 view .LVU7
  52              		.loc 1 45 23 is_stmt 0 view .LVU8
  53 0012 C360     		str	r3, [r0, #12]
  46:Core/Src/spi.c ****   hspi1.Init.CLKPolarity = SPI_POLARITY_LOW;
  54              		.loc 1 46 3 is_stmt 1 view .LVU9
  55              		.loc 1 46 26 is_stmt 0 view .LVU10
  56 0014 0361     		str	r3, [r0, #16]
  47:Core/Src/spi.c ****   hspi1.Init.CLKPhase = SPI_PHASE_1EDGE;
  57              		.loc 1 47 3 is_stmt 1 view .LVU11
  58              		.loc 1 47 23 is_stmt 0 view .LVU12
  59 0016 4361     		str	r3, [r0, #20]
  48:Core/Src/spi.c ****   hspi1.Init.NSS = SPI_NSS_SOFT;
  60              		.loc 1 48 3 is_stmt 1 view .LVU13
  61              		.loc 1 48 18 is_stmt 0 view .LVU14
  62 0018 4FF40072 		mov	r2, #512
  63 001c 8261     		str	r2, [r0, #24]
  49:Core/Src/spi.c ****   hspi1.Init.BaudRatePrescaler = SPI_BAUDRATEPRESCALER_2;
  64              		.loc 1 49 3 is_stmt 1 view .LVU15
  65              		.loc 1 49 32 is_stmt 0 view .LVU16
  66 001e C361     		str	r3, [r0, #28]
ARM GAS  C:\Users\YKESH~1\AppData\Local\Temp\cc1HYEtH.s 			page 3


  50:Core/Src/spi.c ****   hspi1.Init.FirstBit = SPI_FIRSTBIT_MSB;
  67              		.loc 1 50 3 is_stmt 1 view .LVU17
  68              		.loc 1 50 23 is_stmt 0 view .LVU18
  69 0020 0362     		str	r3, [r0, #32]
  51:Core/Src/spi.c ****   hspi1.Init.TIMode = SPI_TIMODE_DISABLE;
  70              		.loc 1 51 3 is_stmt 1 view .LVU19
  71              		.loc 1 51 21 is_stmt 0 view .LVU20
  72 0022 4362     		str	r3, [r0, #36]
  52:Core/Src/spi.c ****   hspi1.Init.CRCCalculation = SPI_CRCCALCULATION_DISABLE;
  73              		.loc 1 52 3 is_stmt 1 view .LVU21
  74              		.loc 1 52 29 is_stmt 0 view .LVU22
  75 0024 8362     		str	r3, [r0, #40]
  53:Core/Src/spi.c ****   hspi1.Init.CRCPolynomial = 10;
  76              		.loc 1 53 3 is_stmt 1 view .LVU23
  77              		.loc 1 53 28 is_stmt 0 view .LVU24
  78 0026 0A23     		movs	r3, #10
  79 0028 C362     		str	r3, [r0, #44]
  54:Core/Src/spi.c ****   if (HAL_SPI_Init(&hspi1) != HAL_OK)
  80              		.loc 1 54 3 is_stmt 1 view .LVU25
  81              		.loc 1 54 7 is_stmt 0 view .LVU26
  82 002a FFF7FEFF 		bl	HAL_SPI_Init
  83              	.LVL0:
  84              		.loc 1 54 6 view .LVU27
  85 002e 00B9     		cbnz	r0, .L4
  86              	.L1:
  55:Core/Src/spi.c ****   {
  56:Core/Src/spi.c ****     Error_Handler();
  57:Core/Src/spi.c ****   }
  58:Core/Src/spi.c ****   /* USER CODE BEGIN SPI1_Init 2 */
  59:Core/Src/spi.c **** 
  60:Core/Src/spi.c ****   /* USER CODE END SPI1_Init 2 */
  61:Core/Src/spi.c **** 
  62:Core/Src/spi.c **** }
  87              		.loc 1 62 1 view .LVU28
  88 0030 08BD     		pop	{r3, pc}
  89              	.L4:
  56:Core/Src/spi.c ****   }
  90              		.loc 1 56 5 is_stmt 1 view .LVU29
  91 0032 FFF7FEFF 		bl	Error_Handler
  92              	.LVL1:
  93              		.loc 1 62 1 is_stmt 0 view .LVU30
  94 0036 FBE7     		b	.L1
  95              	.L6:
  96              		.align	2
  97              	.L5:
  98 0038 00000000 		.word	.LANCHOR0
  99 003c 00300140 		.word	1073819648
 100              		.cfi_endproc
 101              	.LFE235:
 103              		.section	.text.HAL_SPI_MspInit,"ax",%progbits
 104              		.align	1
 105              		.global	HAL_SPI_MspInit
 106              		.syntax unified
 107              		.thumb
 108              		.thumb_func
 110              	HAL_SPI_MspInit:
 111              	.LVL2:
ARM GAS  C:\Users\YKESH~1\AppData\Local\Temp\cc1HYEtH.s 			page 4


 112              	.LFB236:
  63:Core/Src/spi.c **** 
  64:Core/Src/spi.c **** void HAL_SPI_MspInit(SPI_HandleTypeDef* spiHandle)
  65:Core/Src/spi.c **** {
 113              		.loc 1 65 1 is_stmt 1 view -0
 114              		.cfi_startproc
 115              		@ args = 0, pretend = 0, frame = 32
 116              		@ frame_needed = 0, uses_anonymous_args = 0
 117              		.loc 1 65 1 is_stmt 0 view .LVU32
 118 0000 30B5     		push	{r4, r5, lr}
 119              	.LCFI1:
 120              		.cfi_def_cfa_offset 12
 121              		.cfi_offset 4, -12
 122              		.cfi_offset 5, -8
 123              		.cfi_offset 14, -4
 124 0002 89B0     		sub	sp, sp, #36
 125              	.LCFI2:
 126              		.cfi_def_cfa_offset 48
  66:Core/Src/spi.c **** 
  67:Core/Src/spi.c ****   GPIO_InitTypeDef GPIO_InitStruct = {0};
 127              		.loc 1 67 3 is_stmt 1 view .LVU33
 128              		.loc 1 67 20 is_stmt 0 view .LVU34
 129 0004 0023     		movs	r3, #0
 130 0006 0393     		str	r3, [sp, #12]
 131 0008 0493     		str	r3, [sp, #16]
 132 000a 0593     		str	r3, [sp, #20]
 133 000c 0693     		str	r3, [sp, #24]
 134 000e 0793     		str	r3, [sp, #28]
  68:Core/Src/spi.c ****   if(spiHandle->Instance==SPI1)
 135              		.loc 1 68 3 is_stmt 1 view .LVU35
 136              		.loc 1 68 15 is_stmt 0 view .LVU36
 137 0010 0268     		ldr	r2, [r0]
 138              		.loc 1 68 5 view .LVU37
 139 0012 334B     		ldr	r3, .L15
 140 0014 9A42     		cmp	r2, r3
 141 0016 01D0     		beq	.L12
 142              	.LVL3:
 143              	.L7:
  69:Core/Src/spi.c ****   {
  70:Core/Src/spi.c ****   /* USER CODE BEGIN SPI1_MspInit 0 */
  71:Core/Src/spi.c **** 
  72:Core/Src/spi.c ****   /* USER CODE END SPI1_MspInit 0 */
  73:Core/Src/spi.c ****     /* SPI1 clock enable */
  74:Core/Src/spi.c ****     __HAL_RCC_SPI1_CLK_ENABLE();
  75:Core/Src/spi.c **** 
  76:Core/Src/spi.c ****     __HAL_RCC_GPIOA_CLK_ENABLE();
  77:Core/Src/spi.c ****     /**SPI1 GPIO Configuration
  78:Core/Src/spi.c ****     PA5     ------> SPI1_SCK
  79:Core/Src/spi.c ****     PA6     ------> SPI1_MISO
  80:Core/Src/spi.c ****     PA7     ------> SPI1_MOSI
  81:Core/Src/spi.c ****     */
  82:Core/Src/spi.c ****     GPIO_InitStruct.Pin = GPIO_PIN_5|GPIO_PIN_6|GPIO_PIN_7;
  83:Core/Src/spi.c ****     GPIO_InitStruct.Mode = GPIO_MODE_AF_PP;
  84:Core/Src/spi.c ****     GPIO_InitStruct.Pull = GPIO_NOPULL;
  85:Core/Src/spi.c ****     GPIO_InitStruct.Speed = GPIO_SPEED_FREQ_VERY_HIGH;
  86:Core/Src/spi.c ****     GPIO_InitStruct.Alternate = GPIO_AF5_SPI1;
  87:Core/Src/spi.c ****     HAL_GPIO_Init(GPIOA, &GPIO_InitStruct);
ARM GAS  C:\Users\YKESH~1\AppData\Local\Temp\cc1HYEtH.s 			page 5


  88:Core/Src/spi.c **** 
  89:Core/Src/spi.c ****     /* SPI1 DMA Init */
  90:Core/Src/spi.c ****     /* SPI1_TX Init */
  91:Core/Src/spi.c ****     hdma_spi1_tx.Instance = DMA2_Stream3;
  92:Core/Src/spi.c ****     hdma_spi1_tx.Init.Channel = DMA_CHANNEL_3;
  93:Core/Src/spi.c ****     hdma_spi1_tx.Init.Direction = DMA_MEMORY_TO_PERIPH;
  94:Core/Src/spi.c ****     hdma_spi1_tx.Init.PeriphInc = DMA_PINC_DISABLE;
  95:Core/Src/spi.c ****     hdma_spi1_tx.Init.MemInc = DMA_MINC_ENABLE;
  96:Core/Src/spi.c ****     hdma_spi1_tx.Init.PeriphDataAlignment = DMA_PDATAALIGN_BYTE;
  97:Core/Src/spi.c ****     hdma_spi1_tx.Init.MemDataAlignment = DMA_MDATAALIGN_BYTE;
  98:Core/Src/spi.c ****     hdma_spi1_tx.Init.Mode = DMA_NORMAL;
  99:Core/Src/spi.c ****     hdma_spi1_tx.Init.Priority = DMA_PRIORITY_LOW;
 100:Core/Src/spi.c ****     hdma_spi1_tx.Init.FIFOMode = DMA_FIFOMODE_DISABLE;
 101:Core/Src/spi.c ****     if (HAL_DMA_Init(&hdma_spi1_tx) != HAL_OK)
 102:Core/Src/spi.c ****     {
 103:Core/Src/spi.c ****       Error_Handler();
 104:Core/Src/spi.c ****     }
 105:Core/Src/spi.c **** 
 106:Core/Src/spi.c ****     __HAL_LINKDMA(spiHandle,hdmatx,hdma_spi1_tx);
 107:Core/Src/spi.c **** 
 108:Core/Src/spi.c ****     /* SPI1_RX Init */
 109:Core/Src/spi.c ****     hdma_spi1_rx.Instance = DMA2_Stream0;
 110:Core/Src/spi.c ****     hdma_spi1_rx.Init.Channel = DMA_CHANNEL_3;
 111:Core/Src/spi.c ****     hdma_spi1_rx.Init.Direction = DMA_PERIPH_TO_MEMORY;
 112:Core/Src/spi.c ****     hdma_spi1_rx.Init.PeriphInc = DMA_PINC_DISABLE;
 113:Core/Src/spi.c ****     hdma_spi1_rx.Init.MemInc = DMA_MINC_ENABLE;
 114:Core/Src/spi.c ****     hdma_spi1_rx.Init.PeriphDataAlignment = DMA_PDATAALIGN_BYTE;
 115:Core/Src/spi.c ****     hdma_spi1_rx.Init.MemDataAlignment = DMA_MDATAALIGN_BYTE;
 116:Core/Src/spi.c ****     hdma_spi1_rx.Init.Mode = DMA_NORMAL;
 117:Core/Src/spi.c ****     hdma_spi1_rx.Init.Priority = DMA_PRIORITY_LOW;
 118:Core/Src/spi.c ****     hdma_spi1_rx.Init.FIFOMode = DMA_FIFOMODE_DISABLE;
 119:Core/Src/spi.c ****     if (HAL_DMA_Init(&hdma_spi1_rx) != HAL_OK)
 120:Core/Src/spi.c ****     {
 121:Core/Src/spi.c ****       Error_Handler();
 122:Core/Src/spi.c ****     }
 123:Core/Src/spi.c **** 
 124:Core/Src/spi.c ****     __HAL_LINKDMA(spiHandle,hdmarx,hdma_spi1_rx);
 125:Core/Src/spi.c **** 
 126:Core/Src/spi.c ****     /* SPI1 interrupt Init */
 127:Core/Src/spi.c ****     HAL_NVIC_SetPriority(SPI1_IRQn, 5, 0);
 128:Core/Src/spi.c ****     HAL_NVIC_EnableIRQ(SPI1_IRQn);
 129:Core/Src/spi.c ****   /* USER CODE BEGIN SPI1_MspInit 1 */
 130:Core/Src/spi.c **** 
 131:Core/Src/spi.c ****   /* USER CODE END SPI1_MspInit 1 */
 132:Core/Src/spi.c ****   }
 133:Core/Src/spi.c **** }
 144              		.loc 1 133 1 view .LVU38
 145 0018 09B0     		add	sp, sp, #36
 146              	.LCFI3:
 147              		.cfi_remember_state
 148              		.cfi_def_cfa_offset 12
 149              		@ sp needed
 150 001a 30BD     		pop	{r4, r5, pc}
 151              	.LVL4:
 152              	.L12:
 153              	.LCFI4:
 154              		.cfi_restore_state
ARM GAS  C:\Users\YKESH~1\AppData\Local\Temp\cc1HYEtH.s 			page 6


 155              		.loc 1 133 1 view .LVU39
 156 001c 0446     		mov	r4, r0
  74:Core/Src/spi.c **** 
 157              		.loc 1 74 5 is_stmt 1 view .LVU40
 158              	.LBB2:
  74:Core/Src/spi.c **** 
 159              		.loc 1 74 5 view .LVU41
 160 001e 0025     		movs	r5, #0
 161 0020 0195     		str	r5, [sp, #4]
  74:Core/Src/spi.c **** 
 162              		.loc 1 74 5 view .LVU42
 163 0022 03F58433 		add	r3, r3, #67584
 164 0026 5A6C     		ldr	r2, [r3, #68]
 165 0028 42F48052 		orr	r2, r2, #4096
 166 002c 5A64     		str	r2, [r3, #68]
  74:Core/Src/spi.c **** 
 167              		.loc 1 74 5 view .LVU43
 168 002e 5A6C     		ldr	r2, [r3, #68]
 169 0030 02F48052 		and	r2, r2, #4096
 170 0034 0192     		str	r2, [sp, #4]
  74:Core/Src/spi.c **** 
 171              		.loc 1 74 5 view .LVU44
 172 0036 019A     		ldr	r2, [sp, #4]
 173              	.LBE2:
  74:Core/Src/spi.c **** 
 174              		.loc 1 74 5 view .LVU45
  76:Core/Src/spi.c ****     /**SPI1 GPIO Configuration
 175              		.loc 1 76 5 view .LVU46
 176              	.LBB3:
  76:Core/Src/spi.c ****     /**SPI1 GPIO Configuration
 177              		.loc 1 76 5 view .LVU47
 178 0038 0295     		str	r5, [sp, #8]
  76:Core/Src/spi.c ****     /**SPI1 GPIO Configuration
 179              		.loc 1 76 5 view .LVU48
 180 003a 1A6B     		ldr	r2, [r3, #48]
 181 003c 42F00102 		orr	r2, r2, #1
 182 0040 1A63     		str	r2, [r3, #48]
  76:Core/Src/spi.c ****     /**SPI1 GPIO Configuration
 183              		.loc 1 76 5 view .LVU49
 184 0042 1B6B     		ldr	r3, [r3, #48]
 185 0044 03F00103 		and	r3, r3, #1
 186 0048 0293     		str	r3, [sp, #8]
  76:Core/Src/spi.c ****     /**SPI1 GPIO Configuration
 187              		.loc 1 76 5 view .LVU50
 188 004a 029B     		ldr	r3, [sp, #8]
 189              	.LBE3:
  76:Core/Src/spi.c ****     /**SPI1 GPIO Configuration
 190              		.loc 1 76 5 view .LVU51
  82:Core/Src/spi.c ****     GPIO_InitStruct.Mode = GPIO_MODE_AF_PP;
 191              		.loc 1 82 5 view .LVU52
  82:Core/Src/spi.c ****     GPIO_InitStruct.Mode = GPIO_MODE_AF_PP;
 192              		.loc 1 82 25 is_stmt 0 view .LVU53
 193 004c E023     		movs	r3, #224
 194 004e 0393     		str	r3, [sp, #12]
  83:Core/Src/spi.c ****     GPIO_InitStruct.Pull = GPIO_NOPULL;
 195              		.loc 1 83 5 is_stmt 1 view .LVU54
  83:Core/Src/spi.c ****     GPIO_InitStruct.Pull = GPIO_NOPULL;
ARM GAS  C:\Users\YKESH~1\AppData\Local\Temp\cc1HYEtH.s 			page 7


 196              		.loc 1 83 26 is_stmt 0 view .LVU55
 197 0050 0223     		movs	r3, #2
 198 0052 0493     		str	r3, [sp, #16]
  84:Core/Src/spi.c ****     GPIO_InitStruct.Speed = GPIO_SPEED_FREQ_VERY_HIGH;
 199              		.loc 1 84 5 is_stmt 1 view .LVU56
  85:Core/Src/spi.c ****     GPIO_InitStruct.Alternate = GPIO_AF5_SPI1;
 200              		.loc 1 85 5 view .LVU57
  85:Core/Src/spi.c ****     GPIO_InitStruct.Alternate = GPIO_AF5_SPI1;
 201              		.loc 1 85 27 is_stmt 0 view .LVU58
 202 0054 0323     		movs	r3, #3
 203 0056 0693     		str	r3, [sp, #24]
  86:Core/Src/spi.c ****     HAL_GPIO_Init(GPIOA, &GPIO_InitStruct);
 204              		.loc 1 86 5 is_stmt 1 view .LVU59
  86:Core/Src/spi.c ****     HAL_GPIO_Init(GPIOA, &GPIO_InitStruct);
 205              		.loc 1 86 31 is_stmt 0 view .LVU60
 206 0058 0523     		movs	r3, #5
 207 005a 0793     		str	r3, [sp, #28]
  87:Core/Src/spi.c **** 
 208              		.loc 1 87 5 is_stmt 1 view .LVU61
 209 005c 03A9     		add	r1, sp, #12
 210 005e 2148     		ldr	r0, .L15+4
 211              	.LVL5:
  87:Core/Src/spi.c **** 
 212              		.loc 1 87 5 is_stmt 0 view .LVU62
 213 0060 FFF7FEFF 		bl	HAL_GPIO_Init
 214              	.LVL6:
  91:Core/Src/spi.c ****     hdma_spi1_tx.Init.Channel = DMA_CHANNEL_3;
 215              		.loc 1 91 5 is_stmt 1 view .LVU63
  91:Core/Src/spi.c ****     hdma_spi1_tx.Init.Channel = DMA_CHANNEL_3;
 216              		.loc 1 91 27 is_stmt 0 view .LVU64
 217 0064 2048     		ldr	r0, .L15+8
 218 0066 214B     		ldr	r3, .L15+12
 219 0068 0360     		str	r3, [r0]
  92:Core/Src/spi.c ****     hdma_spi1_tx.Init.Direction = DMA_MEMORY_TO_PERIPH;
 220              		.loc 1 92 5 is_stmt 1 view .LVU65
  92:Core/Src/spi.c ****     hdma_spi1_tx.Init.Direction = DMA_MEMORY_TO_PERIPH;
 221              		.loc 1 92 31 is_stmt 0 view .LVU66
 222 006a 4FF0C063 		mov	r3, #100663296
 223 006e 4360     		str	r3, [r0, #4]
  93:Core/Src/spi.c ****     hdma_spi1_tx.Init.PeriphInc = DMA_PINC_DISABLE;
 224              		.loc 1 93 5 is_stmt 1 view .LVU67
  93:Core/Src/spi.c ****     hdma_spi1_tx.Init.PeriphInc = DMA_PINC_DISABLE;
 225              		.loc 1 93 33 is_stmt 0 view .LVU68
 226 0070 4023     		movs	r3, #64
 227 0072 8360     		str	r3, [r0, #8]
  94:Core/Src/spi.c ****     hdma_spi1_tx.Init.MemInc = DMA_MINC_ENABLE;
 228              		.loc 1 94 5 is_stmt 1 view .LVU69
  94:Core/Src/spi.c ****     hdma_spi1_tx.Init.MemInc = DMA_MINC_ENABLE;
 229              		.loc 1 94 33 is_stmt 0 view .LVU70
 230 0074 C560     		str	r5, [r0, #12]
  95:Core/Src/spi.c ****     hdma_spi1_tx.Init.PeriphDataAlignment = DMA_PDATAALIGN_BYTE;
 231              		.loc 1 95 5 is_stmt 1 view .LVU71
  95:Core/Src/spi.c ****     hdma_spi1_tx.Init.PeriphDataAlignment = DMA_PDATAALIGN_BYTE;
 232              		.loc 1 95 30 is_stmt 0 view .LVU72
 233 0076 4FF48063 		mov	r3, #1024
 234 007a 0361     		str	r3, [r0, #16]
  96:Core/Src/spi.c ****     hdma_spi1_tx.Init.MemDataAlignment = DMA_MDATAALIGN_BYTE;
ARM GAS  C:\Users\YKESH~1\AppData\Local\Temp\cc1HYEtH.s 			page 8


 235              		.loc 1 96 5 is_stmt 1 view .LVU73
  96:Core/Src/spi.c ****     hdma_spi1_tx.Init.MemDataAlignment = DMA_MDATAALIGN_BYTE;
 236              		.loc 1 96 43 is_stmt 0 view .LVU74
 237 007c 4561     		str	r5, [r0, #20]
  97:Core/Src/spi.c ****     hdma_spi1_tx.Init.Mode = DMA_NORMAL;
 238              		.loc 1 97 5 is_stmt 1 view .LVU75
  97:Core/Src/spi.c ****     hdma_spi1_tx.Init.Mode = DMA_NORMAL;
 239              		.loc 1 97 40 is_stmt 0 view .LVU76
 240 007e 8561     		str	r5, [r0, #24]
  98:Core/Src/spi.c ****     hdma_spi1_tx.Init.Priority = DMA_PRIORITY_LOW;
 241              		.loc 1 98 5 is_stmt 1 view .LVU77
  98:Core/Src/spi.c ****     hdma_spi1_tx.Init.Priority = DMA_PRIORITY_LOW;
 242              		.loc 1 98 28 is_stmt 0 view .LVU78
 243 0080 C561     		str	r5, [r0, #28]
  99:Core/Src/spi.c ****     hdma_spi1_tx.Init.FIFOMode = DMA_FIFOMODE_DISABLE;
 244              		.loc 1 99 5 is_stmt 1 view .LVU79
  99:Core/Src/spi.c ****     hdma_spi1_tx.Init.FIFOMode = DMA_FIFOMODE_DISABLE;
 245              		.loc 1 99 32 is_stmt 0 view .LVU80
 246 0082 0562     		str	r5, [r0, #32]
 100:Core/Src/spi.c ****     if (HAL_DMA_Init(&hdma_spi1_tx) != HAL_OK)
 247              		.loc 1 100 5 is_stmt 1 view .LVU81
 100:Core/Src/spi.c ****     if (HAL_DMA_Init(&hdma_spi1_tx) != HAL_OK)
 248              		.loc 1 100 32 is_stmt 0 view .LVU82
 249 0084 4562     		str	r5, [r0, #36]
 101:Core/Src/spi.c ****     {
 250              		.loc 1 101 5 is_stmt 1 view .LVU83
 101:Core/Src/spi.c ****     {
 251              		.loc 1 101 9 is_stmt 0 view .LVU84
 252 0086 FFF7FEFF 		bl	HAL_DMA_Init
 253              	.LVL7:
 101:Core/Src/spi.c ****     {
 254              		.loc 1 101 8 view .LVU85
 255 008a 10BB     		cbnz	r0, .L13
 256              	.L9:
 106:Core/Src/spi.c **** 
 257              		.loc 1 106 5 is_stmt 1 view .LVU86
 106:Core/Src/spi.c **** 
 258              		.loc 1 106 5 view .LVU87
 259 008c 164B     		ldr	r3, .L15+8
 260 008e A364     		str	r3, [r4, #72]
 106:Core/Src/spi.c **** 
 261              		.loc 1 106 5 view .LVU88
 262 0090 9C63     		str	r4, [r3, #56]
 106:Core/Src/spi.c **** 
 263              		.loc 1 106 5 view .LVU89
 109:Core/Src/spi.c ****     hdma_spi1_rx.Init.Channel = DMA_CHANNEL_3;
 264              		.loc 1 109 5 view .LVU90
 109:Core/Src/spi.c ****     hdma_spi1_rx.Init.Channel = DMA_CHANNEL_3;
 265              		.loc 1 109 27 is_stmt 0 view .LVU91
 266 0092 1748     		ldr	r0, .L15+16
 267 0094 174B     		ldr	r3, .L15+20
 268 0096 0360     		str	r3, [r0]
 110:Core/Src/spi.c ****     hdma_spi1_rx.Init.Direction = DMA_PERIPH_TO_MEMORY;
 269              		.loc 1 110 5 is_stmt 1 view .LVU92
 110:Core/Src/spi.c ****     hdma_spi1_rx.Init.Direction = DMA_PERIPH_TO_MEMORY;
 270              		.loc 1 110 31 is_stmt 0 view .LVU93
 271 0098 4FF0C063 		mov	r3, #100663296
ARM GAS  C:\Users\YKESH~1\AppData\Local\Temp\cc1HYEtH.s 			page 9


 272 009c 4360     		str	r3, [r0, #4]
 111:Core/Src/spi.c ****     hdma_spi1_rx.Init.PeriphInc = DMA_PINC_DISABLE;
 273              		.loc 1 111 5 is_stmt 1 view .LVU94
 111:Core/Src/spi.c ****     hdma_spi1_rx.Init.PeriphInc = DMA_PINC_DISABLE;
 274              		.loc 1 111 33 is_stmt 0 view .LVU95
 275 009e 0023     		movs	r3, #0
 276 00a0 8360     		str	r3, [r0, #8]
 112:Core/Src/spi.c ****     hdma_spi1_rx.Init.MemInc = DMA_MINC_ENABLE;
 277              		.loc 1 112 5 is_stmt 1 view .LVU96
 112:Core/Src/spi.c ****     hdma_spi1_rx.Init.MemInc = DMA_MINC_ENABLE;
 278              		.loc 1 112 33 is_stmt 0 view .LVU97
 279 00a2 C360     		str	r3, [r0, #12]
 113:Core/Src/spi.c ****     hdma_spi1_rx.Init.PeriphDataAlignment = DMA_PDATAALIGN_BYTE;
 280              		.loc 1 113 5 is_stmt 1 view .LVU98
 113:Core/Src/spi.c ****     hdma_spi1_rx.Init.PeriphDataAlignment = DMA_PDATAALIGN_BYTE;
 281              		.loc 1 113 30 is_stmt 0 view .LVU99
 282 00a4 4FF48062 		mov	r2, #1024
 283 00a8 0261     		str	r2, [r0, #16]
 114:Core/Src/spi.c ****     hdma_spi1_rx.Init.MemDataAlignment = DMA_MDATAALIGN_BYTE;
 284              		.loc 1 114 5 is_stmt 1 view .LVU100
 114:Core/Src/spi.c ****     hdma_spi1_rx.Init.MemDataAlignment = DMA_MDATAALIGN_BYTE;
 285              		.loc 1 114 43 is_stmt 0 view .LVU101
 286 00aa 4361     		str	r3, [r0, #20]
 115:Core/Src/spi.c ****     hdma_spi1_rx.Init.Mode = DMA_NORMAL;
 287              		.loc 1 115 5 is_stmt 1 view .LVU102
 115:Core/Src/spi.c ****     hdma_spi1_rx.Init.Mode = DMA_NORMAL;
 288              		.loc 1 115 40 is_stmt 0 view .LVU103
 289 00ac 8361     		str	r3, [r0, #24]
 116:Core/Src/spi.c ****     hdma_spi1_rx.Init.Priority = DMA_PRIORITY_LOW;
 290              		.loc 1 116 5 is_stmt 1 view .LVU104
 116:Core/Src/spi.c ****     hdma_spi1_rx.Init.Priority = DMA_PRIORITY_LOW;
 291              		.loc 1 116 28 is_stmt 0 view .LVU105
 292 00ae C361     		str	r3, [r0, #28]
 117:Core/Src/spi.c ****     hdma_spi1_rx.Init.FIFOMode = DMA_FIFOMODE_DISABLE;
 293              		.loc 1 117 5 is_stmt 1 view .LVU106
 117:Core/Src/spi.c ****     hdma_spi1_rx.Init.FIFOMode = DMA_FIFOMODE_DISABLE;
 294              		.loc 1 117 32 is_stmt 0 view .LVU107
 295 00b0 0362     		str	r3, [r0, #32]
 118:Core/Src/spi.c ****     if (HAL_DMA_Init(&hdma_spi1_rx) != HAL_OK)
 296              		.loc 1 118 5 is_stmt 1 view .LVU108
 118:Core/Src/spi.c ****     if (HAL_DMA_Init(&hdma_spi1_rx) != HAL_OK)
 297              		.loc 1 118 32 is_stmt 0 view .LVU109
 298 00b2 4362     		str	r3, [r0, #36]
 119:Core/Src/spi.c ****     {
 299              		.loc 1 119 5 is_stmt 1 view .LVU110
 119:Core/Src/spi.c ****     {
 300              		.loc 1 119 9 is_stmt 0 view .LVU111
 301 00b4 FFF7FEFF 		bl	HAL_DMA_Init
 302              	.LVL8:
 119:Core/Src/spi.c ****     {
 303              		.loc 1 119 8 view .LVU112
 304 00b8 70B9     		cbnz	r0, .L14
 305              	.L10:
 124:Core/Src/spi.c **** 
 306              		.loc 1 124 5 is_stmt 1 view .LVU113
 124:Core/Src/spi.c **** 
 307              		.loc 1 124 5 view .LVU114
ARM GAS  C:\Users\YKESH~1\AppData\Local\Temp\cc1HYEtH.s 			page 10


 308 00ba 0D4B     		ldr	r3, .L15+16
 309 00bc E364     		str	r3, [r4, #76]
 124:Core/Src/spi.c **** 
 310              		.loc 1 124 5 view .LVU115
 311 00be 9C63     		str	r4, [r3, #56]
 124:Core/Src/spi.c **** 
 312              		.loc 1 124 5 view .LVU116
 127:Core/Src/spi.c ****     HAL_NVIC_EnableIRQ(SPI1_IRQn);
 313              		.loc 1 127 5 view .LVU117
 314 00c0 0022     		movs	r2, #0
 315 00c2 0521     		movs	r1, #5
 316 00c4 2320     		movs	r0, #35
 317 00c6 FFF7FEFF 		bl	HAL_NVIC_SetPriority
 318              	.LVL9:
 128:Core/Src/spi.c ****   /* USER CODE BEGIN SPI1_MspInit 1 */
 319              		.loc 1 128 5 view .LVU118
 320 00ca 2320     		movs	r0, #35
 321 00cc FFF7FEFF 		bl	HAL_NVIC_EnableIRQ
 322              	.LVL10:
 323              		.loc 1 133 1 is_stmt 0 view .LVU119
 324 00d0 A2E7     		b	.L7
 325              	.L13:
 103:Core/Src/spi.c ****     }
 326              		.loc 1 103 7 is_stmt 1 view .LVU120
 327 00d2 FFF7FEFF 		bl	Error_Handler
 328              	.LVL11:
 329 00d6 D9E7     		b	.L9
 330              	.L14:
 121:Core/Src/spi.c ****     }
 331              		.loc 1 121 7 view .LVU121
 332 00d8 FFF7FEFF 		bl	Error_Handler
 333              	.LVL12:
 334 00dc EDE7     		b	.L10
 335              	.L16:
 336 00de 00BF     		.align	2
 337              	.L15:
 338 00e0 00300140 		.word	1073819648
 339 00e4 00000240 		.word	1073872896
 340 00e8 00000000 		.word	.LANCHOR1
 341 00ec 58640240 		.word	1073898584
 342 00f0 00000000 		.word	.LANCHOR2
 343 00f4 10640240 		.word	1073898512
 344              		.cfi_endproc
 345              	.LFE236:
 347              		.section	.text.HAL_SPI_MspDeInit,"ax",%progbits
 348              		.align	1
 349              		.global	HAL_SPI_MspDeInit
 350              		.syntax unified
 351              		.thumb
 352              		.thumb_func
 354              	HAL_SPI_MspDeInit:
 355              	.LVL13:
 356              	.LFB237:
 134:Core/Src/spi.c **** 
 135:Core/Src/spi.c **** void HAL_SPI_MspDeInit(SPI_HandleTypeDef* spiHandle)
 136:Core/Src/spi.c **** {
 357              		.loc 1 136 1 view -0
ARM GAS  C:\Users\YKESH~1\AppData\Local\Temp\cc1HYEtH.s 			page 11


 358              		.cfi_startproc
 359              		@ args = 0, pretend = 0, frame = 0
 360              		@ frame_needed = 0, uses_anonymous_args = 0
 137:Core/Src/spi.c **** 
 138:Core/Src/spi.c ****   if(spiHandle->Instance==SPI1)
 361              		.loc 1 138 3 view .LVU123
 362              		.loc 1 138 15 is_stmt 0 view .LVU124
 363 0000 0268     		ldr	r2, [r0]
 364              		.loc 1 138 5 view .LVU125
 365 0002 0C4B     		ldr	r3, .L24
 366 0004 9A42     		cmp	r2, r3
 367 0006 00D0     		beq	.L23
 368 0008 7047     		bx	lr
 369              	.L23:
 136:Core/Src/spi.c **** 
 370              		.loc 1 136 1 view .LVU126
 371 000a 10B5     		push	{r4, lr}
 372              	.LCFI5:
 373              		.cfi_def_cfa_offset 8
 374              		.cfi_offset 4, -8
 375              		.cfi_offset 14, -4
 376 000c 0446     		mov	r4, r0
 139:Core/Src/spi.c ****   {
 140:Core/Src/spi.c ****   /* USER CODE BEGIN SPI1_MspDeInit 0 */
 141:Core/Src/spi.c **** 
 142:Core/Src/spi.c ****   /* USER CODE END SPI1_MspDeInit 0 */
 143:Core/Src/spi.c ****     /* Peripheral clock disable */
 144:Core/Src/spi.c ****     __HAL_RCC_SPI1_CLK_DISABLE();
 377              		.loc 1 144 5 is_stmt 1 view .LVU127
 378 000e 0A4A     		ldr	r2, .L24+4
 379 0010 536C     		ldr	r3, [r2, #68]
 380 0012 23F48053 		bic	r3, r3, #4096
 381 0016 5364     		str	r3, [r2, #68]
 145:Core/Src/spi.c **** 
 146:Core/Src/spi.c ****     /**SPI1 GPIO Configuration
 147:Core/Src/spi.c ****     PA5     ------> SPI1_SCK
 148:Core/Src/spi.c ****     PA6     ------> SPI1_MISO
 149:Core/Src/spi.c ****     PA7     ------> SPI1_MOSI
 150:Core/Src/spi.c ****     */
 151:Core/Src/spi.c ****     HAL_GPIO_DeInit(GPIOA, GPIO_PIN_5|GPIO_PIN_6|GPIO_PIN_7);
 382              		.loc 1 151 5 view .LVU128
 383 0018 E021     		movs	r1, #224
 384 001a 0848     		ldr	r0, .L24+8
 385              	.LVL14:
 386              		.loc 1 151 5 is_stmt 0 view .LVU129
 387 001c FFF7FEFF 		bl	HAL_GPIO_DeInit
 388              	.LVL15:
 152:Core/Src/spi.c **** 
 153:Core/Src/spi.c ****     /* SPI1 DMA DeInit */
 154:Core/Src/spi.c ****     HAL_DMA_DeInit(spiHandle->hdmatx);
 389              		.loc 1 154 5 is_stmt 1 view .LVU130
 390 0020 A06C     		ldr	r0, [r4, #72]
 391 0022 FFF7FEFF 		bl	HAL_DMA_DeInit
 392              	.LVL16:
 155:Core/Src/spi.c ****     HAL_DMA_DeInit(spiHandle->hdmarx);
 393              		.loc 1 155 5 view .LVU131
 394 0026 E06C     		ldr	r0, [r4, #76]
ARM GAS  C:\Users\YKESH~1\AppData\Local\Temp\cc1HYEtH.s 			page 12


 395 0028 FFF7FEFF 		bl	HAL_DMA_DeInit
 396              	.LVL17:
 156:Core/Src/spi.c **** 
 157:Core/Src/spi.c ****     /* SPI1 interrupt Deinit */
 158:Core/Src/spi.c ****     HAL_NVIC_DisableIRQ(SPI1_IRQn);
 397              		.loc 1 158 5 view .LVU132
 398 002c 2320     		movs	r0, #35
 399 002e FFF7FEFF 		bl	HAL_NVIC_DisableIRQ
 400              	.LVL18:
 159:Core/Src/spi.c ****   /* USER CODE BEGIN SPI1_MspDeInit 1 */
 160:Core/Src/spi.c **** 
 161:Core/Src/spi.c ****   /* USER CODE END SPI1_MspDeInit 1 */
 162:Core/Src/spi.c ****   }
 163:Core/Src/spi.c **** }
 401              		.loc 1 163 1 is_stmt 0 view .LVU133
 402 0032 10BD     		pop	{r4, pc}
 403              	.LVL19:
 404              	.L25:
 405              		.loc 1 163 1 view .LVU134
 406              		.align	2
 407              	.L24:
 408 0034 00300140 		.word	1073819648
 409 0038 00380240 		.word	1073887232
 410 003c 00000240 		.word	1073872896
 411              		.cfi_endproc
 412              	.LFE237:
 414              		.global	hdma_spi1_rx
 415              		.global	hdma_spi1_tx
 416              		.global	hspi1
 417              		.section	.bss.hdma_spi1_rx,"aw",%nobits
 418              		.align	2
 419              		.set	.LANCHOR2,. + 0
 422              	hdma_spi1_rx:
 423 0000 00000000 		.space	96
 423      00000000 
 423      00000000 
 423      00000000 
 423      00000000 
 424              		.section	.bss.hdma_spi1_tx,"aw",%nobits
 425              		.align	2
 426              		.set	.LANCHOR1,. + 0
 429              	hdma_spi1_tx:
 430 0000 00000000 		.space	96
 430      00000000 
 430      00000000 
 430      00000000 
 430      00000000 
 431              		.section	.bss.hspi1,"aw",%nobits
 432              		.align	2
 433              		.set	.LANCHOR0,. + 0
 436              	hspi1:
 437 0000 00000000 		.space	88
 437      00000000 
 437      00000000 
 437      00000000 
 437      00000000 
 438              		.text
ARM GAS  C:\Users\YKESH~1\AppData\Local\Temp\cc1HYEtH.s 			page 13


 439              	.Letext0:
 440              		.file 2 "d:\\program files\\gnu arm embedded toolchain\\10 2021.10\\arm-none-eabi\\include\\machin
 441              		.file 3 "d:\\program files\\gnu arm embedded toolchain\\10 2021.10\\arm-none-eabi\\include\\sys\\_
 442              		.file 4 "Drivers/CMSIS/Device/ST/STM32F4xx/Include/stm32f407xx.h"
 443              		.file 5 "Drivers/STM32F4xx_HAL_Driver/Inc/stm32f4xx_hal_def.h"
 444              		.file 6 "Drivers/STM32F4xx_HAL_Driver/Inc/stm32f4xx_hal_gpio.h"
 445              		.file 7 "Drivers/STM32F4xx_HAL_Driver/Inc/stm32f4xx_hal_dma.h"
 446              		.file 8 "Drivers/STM32F4xx_HAL_Driver/Inc/stm32f4xx_hal_spi.h"
 447              		.file 9 "Core/Inc/spi.h"
 448              		.file 10 "Drivers/STM32F4xx_HAL_Driver/Inc/stm32f4xx_hal_cortex.h"
 449              		.file 11 "Core/Inc/main.h"
ARM GAS  C:\Users\YKESH~1\AppData\Local\Temp\cc1HYEtH.s 			page 14


DEFINED SYMBOLS
                            *ABS*:00000000 spi.c
C:\Users\YKESH~1\AppData\Local\Temp\cc1HYEtH.s:20     .text.MX_SPI1_Init:00000000 $t
C:\Users\YKESH~1\AppData\Local\Temp\cc1HYEtH.s:26     .text.MX_SPI1_Init:00000000 MX_SPI1_Init
C:\Users\YKESH~1\AppData\Local\Temp\cc1HYEtH.s:98     .text.MX_SPI1_Init:00000038 $d
C:\Users\YKESH~1\AppData\Local\Temp\cc1HYEtH.s:104    .text.HAL_SPI_MspInit:00000000 $t
C:\Users\YKESH~1\AppData\Local\Temp\cc1HYEtH.s:110    .text.HAL_SPI_MspInit:00000000 HAL_SPI_MspInit
C:\Users\YKESH~1\AppData\Local\Temp\cc1HYEtH.s:338    .text.HAL_SPI_MspInit:000000e0 $d
C:\Users\YKESH~1\AppData\Local\Temp\cc1HYEtH.s:348    .text.HAL_SPI_MspDeInit:00000000 $t
C:\Users\YKESH~1\AppData\Local\Temp\cc1HYEtH.s:354    .text.HAL_SPI_MspDeInit:00000000 HAL_SPI_MspDeInit
C:\Users\YKESH~1\AppData\Local\Temp\cc1HYEtH.s:408    .text.HAL_SPI_MspDeInit:00000034 $d
C:\Users\YKESH~1\AppData\Local\Temp\cc1HYEtH.s:422    .bss.hdma_spi1_rx:00000000 hdma_spi1_rx
C:\Users\YKESH~1\AppData\Local\Temp\cc1HYEtH.s:429    .bss.hdma_spi1_tx:00000000 hdma_spi1_tx
C:\Users\YKESH~1\AppData\Local\Temp\cc1HYEtH.s:436    .bss.hspi1:00000000 hspi1
C:\Users\YKESH~1\AppData\Local\Temp\cc1HYEtH.s:418    .bss.hdma_spi1_rx:00000000 $d
C:\Users\YKESH~1\AppData\Local\Temp\cc1HYEtH.s:425    .bss.hdma_spi1_tx:00000000 $d
C:\Users\YKESH~1\AppData\Local\Temp\cc1HYEtH.s:432    .bss.hspi1:00000000 $d

UNDEFINED SYMBOLS
HAL_SPI_Init
Error_Handler
HAL_GPIO_Init
HAL_DMA_Init
HAL_NVIC_SetPriority
HAL_NVIC_EnableIRQ
HAL_GPIO_DeInit
HAL_DMA_DeInit
HAL_NVIC_DisableIRQ
