ARM GAS  C:\Users\YKESH~1\AppData\Local\Temp\ccSovAFj.s 			page 1


   1              		.cpu cortex-m4
   2              		.arch armv7e-m
   3              		.fpu fpv4-sp-d16
   4              		.eabi_attribute 27, 1
   5              		.eabi_attribute 28, 1
   6              		.eabi_attribute 20, 1
   7              		.eabi_attribute 21, 1
   8              		.eabi_attribute 23, 3
   9              		.eabi_attribute 24, 1
  10              		.eabi_attribute 25, 1
  11              		.eabi_attribute 26, 1
  12              		.eabi_attribute 30, 1
  13              		.eabi_attribute 34, 1
  14              		.eabi_attribute 18, 4
  15              		.file	"touch.c"
  16              		.text
  17              	.Ltext0:
  18              		.cfi_sections	.debug_frame
  19              		.section	.text.Touch_Init,"ax",%progbits
  20              		.align	1
  21              		.global	Touch_Init
  22              		.syntax unified
  23              		.thumb
  24              		.thumb_func
  26              	Touch_Init:
  27              	.LFB0:
  28              		.file 1 "Module/screen/touch.c"
   1:Module/screen/touch.c **** #include "touch.h"
   2:Module/screen/touch.c **** 
   3:Module/screen/touch.c **** void Touch_Init(void)
   4:Module/screen/touch.c **** {
  29              		.loc 1 4 1 view -0
  30              		.cfi_startproc
  31              		@ args = 0, pretend = 0, frame = 0
  32              		@ frame_needed = 0, uses_anonymous_args = 0
  33              		@ link register save eliminated.
   5:Module/screen/touch.c ****     
   6:Module/screen/touch.c **** }...
  34              		.loc 1 6 1 view .LVU1
  35 0000 7047     		bx	lr
  36              		.cfi_endproc
  37              	.LFE0:
  39              		.text
  40              	.Letext0:
ARM GAS  C:\Users\YKESH~1\AppData\Local\Temp\ccSovAFj.s 			page 2


DEFINED SYMBOLS
                            *ABS*:00000000 touch.c
C:\Users\YKESH~1\AppData\Local\Temp\ccSovAFj.s:20     .text.Touch_Init:00000000 $t
C:\Users\YKESH~1\AppData\Local\Temp\ccSovAFj.s:26     .text.Touch_Init:00000000 Touch_Init

NO UNDEFINED SYMBOLS
