ARM GAS  C:\Users\YKESH~1\AppData\Local\Temp\cc9B2WoT.s 			page 1


   1              		.cpu cortex-m4
   2              		.arch armv7e-m
   3              		.fpu fpv4-sp-d16
   4              		.eabi_attribute 27, 1
   5              		.eabi_attribute 28, 1
   6              		.eabi_attribute 20, 1
   7              		.eabi_attribute 21, 1
   8              		.eabi_attribute 23, 3
   9              		.eabi_attribute 24, 1
  10              		.eabi_attribute 25, 1
  11              		.eabi_attribute 26, 1
  12              		.eabi_attribute 30, 1
  13              		.eabi_attribute 34, 1
  14              		.eabi_attribute 18, 4
  15              		.file	"ui.c"
  16              		.text
  17              	.Ltext0:
  18              		.cfi_sections	.debug_frame
  19              	.Letext0:
  20              		.file 1 "d:\\program files\\gnu arm embedded toolchain\\10 2021.10\\arm-none-eabi\\include\\machin
  21              		.file 2 "d:\\program files\\gnu arm embedded toolchain\\10 2021.10\\arm-none-eabi\\include\\sys\\_
  22              		.file 3 "Module/screen/font.h"
ARM GAS  C:\Users\YKESH~1\AppData\Local\Temp\cc9B2WoT.s 			page 2


DEFINED SYMBOLS
                            *ABS*:00000000 ui.c

NO UNDEFINED SYMBOLS
